[2016.03.26-09.49.31:406][  0]Log file open, 03/26/16 02:49:31
[2016.03.26-09.49.31:406][  0]LogInit:Display: Running engine for game: KillerSelf
[2016.03.26-09.49.31:406][  0]LogPlatformFile: Not using cached read wrapper
[2016.03.26-09.49.31:406][  0]LogInit:Display: RandInit(-1212751933) SRandInit(-1212751928).
[2016.03.26-09.49.31:406][  0]LogTaskGraph: Started task graph with 4 named threads and 5 total threads.
[2016.03.26-09.49.31:406][  0]LogStats: Stats thread started at 0.089475
[2016.03.26-09.49.31:406][  0]LogInit: Version: 4.10.4-2872498+++depot+UE4-Releases+4.10
[2016.03.26-09.49.31:406][  0]LogInit: API Version: 2758231
[2016.03.26-09.49.31:407][  0]LogInit: Compiled (64-bit): Feb 18 2016 15:47:04
[2016.03.26-09.49.31:407][  0]LogInit: Compiled with Visual C++: 19.00.23026.00
[2016.03.26-09.49.31:407][  0]LogInit: Build Configuration: Development
[2016.03.26-09.49.31:407][  0]LogInit: Branch Name: ++depot+UE4-Releases+4.10
[2016.03.26-09.49.31:407][  0]LogInit: Command line: -EpicPortal 
[2016.03.26-09.49.31:407][  0]LogInit: Base directory: C:/Program Files (x86)/Epic Games/4.10/Engine/Binaries/Win64/
[2016.03.26-09.49.31:407][  0]LogInit: Rocket: 1
[2016.03.26-09.49.31:419][  0]LogInit: Using libcurl 7.41.0
[2016.03.26-09.49.31:419][  0]LogInit:  - built for x86_64-pc-win32
[2016.03.26-09.49.31:419][  0]LogInit:  - supports SSL with WinSSL
[2016.03.26-09.49.31:419][  0]LogInit:  - other features:
[2016.03.26-09.49.31:419][  0]LogInit:      CURL_VERSION_SSL
[2016.03.26-09.49.31:419][  0]LogInit:      CURL_VERSION_IPV6
[2016.03.26-09.49.31:419][  0]LogInit:      CURL_VERSION_ASYNCHDNS
[2016.03.26-09.49.31:419][  0]LogInit:      CURL_VERSION_LARGEFILE
[2016.03.26-09.49.31:419][  0]LogInit:      CURL_VERSION_IDN
[2016.03.26-09.49.31:419][  0]LogInit:  CurlRequestOptions (configurable via config and command line):
[2016.03.26-09.49.31:419][  0]LogInit:  - bVerifyPeer = true  - Libcurl will verify peer certificate
[2016.03.26-09.49.31:419][  0]LogInit:  - bUseHttpProxy = false  - Libcurl will NOT use HTTP proxy
[2016.03.26-09.49.31:420][  0]LogInit:  - bDontReuseConnections = false  - Libcurl will reuse connections
[2016.03.26-09.49.31:420][  0]LogInit:  - CertBundlePath = nullptr  - Libcurl will use whatever was configured at build time.
[2016.03.26-09.49.31:434][  0]LogInit: Presizing for 0 objects not considered by GC, pre-allocating 0 bytes.
[2016.03.26-09.49.31:445][  0]LogInit: Object subsystem initialized
[2016.03.26-09.49.31:447][  0]LogInit: Selected Device Profile: [Windows]
[2016.03.26-09.49.31:447][  0]LogInit: Applying CVar settings loaded from the selected device profile: [Windows]
[2016.03.26-09.49.31:463][  0]LogInit: Computer: BEZLYLAPTOP
[2016.03.26-09.49.31:463][  0]LogInit: User: Emerson
[2016.03.26-09.49.31:463][  0]LogInit: CPU Page size=4096, Cores=2
[2016.03.26-09.49.31:463][  0]LogInit: High frequency timer resolution =2.338338 MHz
[2016.03.26-09.49.31:464][  0]LogMemory: Memory total: Physical=7.9GB (8GB approx)
[2016.03.26-09.49.31:464][  0]LogMemory: Platform Memory Stats for Windows
[2016.03.26-09.49.31:464][  0]LogMemory: Process Physical Memory: 55.64 MB used, 55.64 MB peak
[2016.03.26-09.49.31:464][  0]LogMemory: Process Virtual Memory: 57.61 MB used, 57.61 MB peak
[2016.03.26-09.49.31:464][  0]LogMemory: Physical Memory: 3990.17 MB used, 8122.15 MB total
[2016.03.26-09.49.31:464][  0]LogMemory: Virtual Memory: 382.73 MB used, 134217728.00 MB total
[2016.03.26-09.49.31:519][  0]LogTextLocalizationManager: No specific translations for ('en-US') exist, so ('en') translations will be used.
[2016.03.26-09.49.32:394][  0]LogD3D11RHI: Found D3D11 adapter 0: Intel(R) HD Graphics Family (Feature Level 11_0)
[2016.03.26-09.49.32:395][  0]LogD3D11RHI: Adapter has 112MB of dedicated video memory, 0MB of dedicated system memory, and 4061MB of shared system memory, 1 output[s]
[2016.03.26-09.49.32:396][  0]LogD3D11RHI: Found D3D11 adapter 1: Microsoft Basic Render Driver (Feature Level 11_0)
[2016.03.26-09.49.32:396][  0]LogD3D11RHI: Adapter has 0MB of dedicated video memory, 0MB of dedicated system memory, and 4061MB of shared system memory, 0 output[s]
[2016.03.26-09.49.32:396][  0]LogD3D11RHI: Chosen D3D11 Adapter Id = 0
[2016.03.26-09.49.32:405][  0]LogD3D11RHI: !Direct3DDevice
[2016.03.26-09.49.32:405][  0]LogRHI: Texture pool is 1361 MB (70% of 1945 MB)
[2016.03.26-09.49.32:424][  0]LogD3D11RHI: Async texture creation enabled
[2016.03.26-09.49.32:440][  0]LogShaderCompilers: Guid format shader working directory is -24 characters bigger than the processId version (../../../../../../Users/Emerson/Documents/GitHub/killer-self/KillerSelf/Intermediate/Shaders/WorkingDirectory/24328/).
[2016.03.26-09.49.32:440][  0]LogShaderCompilers: Cleaned the shader compiler working directory 'C:/Users/Emerson/AppData/Local/Temp/UnrealShaderWorkingDir/B7D2447447F722DF5572FE83BF4B7593/'.
[2016.03.26-09.49.32:440][  0]LogShaderCompilers:Display: Using Local Shader Compiler.
[2016.03.26-09.49.34:384][  0]LogTemp:Display: Loaded TP AllDesktopTargetPlatform
[2016.03.26-09.49.34:393][  0]LogTemp:Display: Loaded TP WindowsClientTargetPlatform
[2016.03.26-09.49.34:403][  0]LogTemp:Display: Loaded TP WindowsNoEditorTargetPlatform
[2016.03.26-09.49.34:507][  0]LogTemp:Display: Loaded TP WindowsServerTargetPlatform
[2016.03.26-09.49.34:525][  0]LogTemp:Display: Loaded TP WindowsTargetPlatform
[2016.03.26-09.49.34:535][  0]LogTemp:Display: Loaded TP AndroidTargetPlatform
[2016.03.26-09.49.34:563][  0]LogTemp:Display: Loaded TP Android_ASTCTargetPlatform
[2016.03.26-09.49.34:578][  0]LogTemp:Display: Loaded TP Android_ATCTargetPlatform
[2016.03.26-09.49.34:588][  0]LogTemp:Display: Loaded TP Android_DXTTargetPlatform
[2016.03.26-09.49.34:605][  0]LogTemp:Display: Loaded TP Android_ETC1TargetPlatform
[2016.03.26-09.49.34:621][  0]LogTemp:Display: Loaded TP Android_ETC2TargetPlatform
[2016.03.26-09.49.34:642][  0]LogTemp:Display: Loaded TP Android_MultiTargetPlatform
[2016.03.26-09.49.34:642][  0]LogTemp:Display: Loaded TP Android_PVRTCTargetPlatform
[2016.03.26-09.49.34:643][  0]LogTemp:Display: Loaded TP HTML5TargetPlatform
[2016.03.26-09.49.34:667][  0]LogTemp:Display: Loaded TP IOSTargetPlatform
[2016.03.26-09.49.34:674][  0]LogTemp:Display: Loaded TP LinuxNoEditorTargetPlatform
[2016.03.26-09.49.34:680][  0]LogTemp:Display: Loaded TP LinuxServerTargetPlatform
[2016.03.26-09.49.34:688][  0]LogTemp:Display: Loaded TP LinuxTargetPlatform
[2016.03.26-09.49.34:688][  0]LogTargetPlatformManager:Display: Building Assets For Windows
[2016.03.26-09.49.34:840][  0]LogDerivedDataCache:Display: Max Cache Size: 512 MB
[2016.03.26-09.49.34:904][  0]LogDerivedDataCache: Loaded boot cache 0.06s 41MB C:/Users/Emerson/AppData/Local/UnrealEngine/4.10/DerivedDataCache/Boot.ddc.
[2016.03.26-09.49.34:904][  0]LogDerivedDataCache:Display: Loaded Boot cache: C:/Users/Emerson/AppData/Local/UnrealEngine/4.10/DerivedDataCache/Boot.ddc
[2016.03.26-09.49.34:904][  0]LogDerivedDataCache: FDerivedDataBackendGraph:  Pak pak cache file ../../../../../../Users/Emerson/Documents/GitHub/killer-self/KillerSelf/DerivedDataCache/DDC.ddp not found, will not use a pak cache.
[2016.03.26-09.49.34:904][  0]LogDerivedDataCache: Unable to find inner node Pak for hierarchical cache Hierarchy.
[2016.03.26-09.49.34:904][  0]LogDerivedDataCache: FDerivedDataBackendGraph:  CompressedPak pak cache file ../../../../../../Users/Emerson/Documents/GitHub/killer-self/KillerSelf/DerivedDataCache/Compressed.ddp not found, will not use a pak cache.
[2016.03.26-09.49.34:904][  0]LogDerivedDataCache: Unable to find inner node CompressedPak for hierarchical cache Hierarchy.
[2016.03.26-09.49.35:019][  0]LogDerivedDataCache:Display: Pak cache opened for reading ../../../Engine/DerivedDataCache/Compressed.ddp.
[2016.03.26-09.49.35:031][  0]LogDerivedDataCache: Using Local data cache path C:/Users/Emerson/AppData/Local/UnrealEngine/Common/DerivedDataCache: Writable
[2016.03.26-09.49.35:272][  0]LogInit: Selected Device Profile: [Windows]
[2016.03.26-09.49.35:276][  0]LogContentStreaming: Texture pool size is 0.000000MB
[2016.03.26-09.49.35:423][  0]LogMeshUtilities: No automatic mesh reduction module available
[2016.03.26-09.49.35:423][  0]LogMeshUtilities: No automatic mesh merging module available
[2016.03.26-09.49.35:723][  0]LogInit: WinSock: version 1.1 (2.2), MaxSocks=32767, MaxUdp=65467
[2016.03.26-09.49.36:844][  0]UdpMessaging: Initializing bridge on interface 0.0.0.0:0 to multicast group 230.0.0.1:6666.
[2016.03.26-09.49.36:949][  0]LogAssetRegistry: FAssetRegistry took 0.0108 seconds to start up
[2016.03.26-09.49.37:174][  0]SourceControl: Info Source control is disabled
[2016.03.26-09.49.37:225][  0]SourceControl: Info Source control is disabled
[2016.03.26-09.49.37:242][  0]SourceControl: Info Source control is disabled
[2016.03.26-09.49.37:256][  0]SourceControl: Info Source control is disabled
[2016.03.26-09.49.37:551][  0]LogObj: 28633 objects as part of root set at end of initial load.
[2016.03.26-09.49.37:551][  0]LogUObjectAllocator: 6099752 out of 0 bytes used by permanent object pool.
[2016.03.26-09.49.37:621][  0]LogEngine: Initializing Engine...
[2016.03.26-09.49.37:625][  0]LogHMD: Can't find Oculus library dev build: is proper Runtime installed? Version: 0.8.0.0
[2016.03.26-09.49.37:626][  0]LogHMD: SteamVR failed to initialize.  Err: 110
[2016.03.26-09.49.37:804][  0]LogAIModule: Creating AISystem for world NewWorld
[2016.03.26-09.49.37:810][  0]LogInit: XAudio2 using 'Speakers (Razer Banshee)' : 2 channels at 44.1 kHz using 16 bits per sample (channel mask 0x3)
[2016.03.26-09.49.37:823][  0]LogInit: FAudioDevice initialized.
[2016.03.26-09.49.37:861][  0]LogDerivedDataCache: Saved boot cache 0.04s 41MB C:/Users/Emerson/AppData/Local/UnrealEngine/4.10/DerivedDataCache/Boot.ddc.
[2016.03.26-09.49.37:870][  0]LogInit: Texture streaming: Enabled
[2016.03.26-09.49.37:877][  0]LogAnalytics: Creating configured Analytics provider AnalyticsET
[2016.03.26-09.49.37:877][  0]LogAnalytics: [UEEditor.Rocket.Release] APIServer = http://et2.epicgames.com/ET2/. AppVersion = 4.10.4-2872498+++depot+UE4-Releases+4.10
[2016.03.26-09.49.37:877][  0]LogAnalytics: [UEEditor.Rocket.Release] SetUserId 480e4fc44221435044fe96a3e079de87|0c01ec0cd245479aaa1aee815a2d9699|d08f0b52-5654-4d4f-a336-4f408988900c
[2016.03.26-09.49.37:877][  0]LogAnalytics: [UEEditor.Rocket.Release] AnalyticsET::StartSession
[2016.03.26-09.49.37:916][  0]LogInit: Transaction tracking system initialized
[2016.03.26-09.49.37:953][  0]BlueprintLog: New page: Editor Load
[2016.03.26-09.49.38:069][  0]LocalizationService: Info Localization service is disabled
[2016.03.26-09.49.38:404][  0]LogConsoleResponse:Display: 
[2016.03.26-09.49.38:565][  0]LogCook:Display: Done creating registry. It took  0.00s.
[2016.03.26-09.49.38:682][  0]LogFileCache: Scanning file cache for directory 'C:/Users/Emerson/Documents/GitHub/killer-self/KillerSelf/Content/' took 0.02s
[2016.03.26-09.49.38:682][  0]SourceControl: Info Source control is disabled
[2016.03.26-09.49.38:682][  0]Cmd: MAP LOAD FILE="../../../../../../Users/Emerson/Documents/GitHub/killer-self/KillerSelf/Content/FirstPersonBP/Maps/FirstPersonExampleMap.umap" TEMPLATE=0 SHOWPROGRESS=1 FEATURELEVEL=3
[2016.03.26-09.49.38:682][  0]LightingResults: New page: Lighting Build
[2016.03.26-09.49.38:688][  0]MapCheck: New page: Map Check
[2016.03.26-09.49.38:688][  0]LightingResults: New page: Lighting Build
[2016.03.26-09.49.38:725][  0]LogParticles: Destroying 0 GPU particle simulations for FXSystem 0x0000014663132160
[2016.03.26-09.49.39:107][  0]LogLinker:Warning: Asset '../../../../../../Users/Emerson/Documents/GitHub/killer-self/KillerSelf/Content/FirstPerson/Meshes/FirstPersonProjectileMesh.uasset' has been saved with empty engine version. The asset will be loaded but may be incompatible.
[2016.03.26-09.49.39:655][  0]LogLinker:Warning: Can't find file '/Game/FirstPersonBP/Blueprints/bodyMesh'
[2016.03.26-09.49.39:655][  0]LogLinker:Warning: Can't find file for asset '/Game/FirstPersonBP/Blueprints/bodyMesh' while loading ../../../../../../Users/Emerson/Documents/GitHub/killer-self/KillerSelf/Content/FirstPersonBP/Maps/FirstPersonExampleMap.umap.
[2016.03.26-09.49.39:655][  0]LoadErrors:Error: Error /Game/FirstPersonBP/Maps/FirstPersonExampleMap : Can't find file for asset. /Game/FirstPersonBP/Blueprints/bodyMesh
[2016.03.26-09.49.39:660][  0]LogLinker:Warning: Can't find file '/Game/FirstPersonBP/Blueprints/bodyMesh'
[2016.03.26-09.49.39:660][  0]LogLinker:Warning: Can't find file for asset '/Game/FirstPersonBP/Blueprints/bodyMesh' while loading ../../../../../../Users/Emerson/Documents/GitHub/killer-self/KillerSelf/Content/FirstPersonBP/Maps/FirstPersonExampleMap.umap.
[2016.03.26-09.49.39:661][  0]LoadErrors:Error: Error /Game/FirstPersonBP/Maps/FirstPersonExampleMap : Can't find file for asset. /Game/FirstPersonBP/Blueprints/bodyMesh
[2016.03.26-09.49.39:663][  0]LogLinker:Warning: Can't find file '/Game/FirstPersonBP/Blueprints/bodyMesh'
[2016.03.26-09.49.39:663][  0]LogLinker:Warning: Can't find file for asset '/Game/FirstPersonBP/Blueprints/bodyMesh' while loading NULL.
[2016.03.26-09.49.39:663][  0]LogLinker:Warning: Can't find file '/Game/FirstPersonBP/Blueprints/bodyMesh'
[2016.03.26-09.49.39:663][  0]LogLinker:Warning: Can't find file for asset '/Game/FirstPersonBP/Blueprints/bodyMesh' while loading NULL.
[2016.03.26-09.49.39:702][  0]LogLinker:Warning: Can't find file '/Game/FirstPersonBP/Blueprints/bodyMesh'
[2016.03.26-09.49.39:702][  0]LoadErrors: Info Failed to load /Game/FirstPersonBP/Blueprints/bodyMesh.bodyMesh Referenced by FirstPersonCharacter_C_3
[2016.03.26-09.49.39:703][  0]LogLinker:Warning: Can't find file for asset '/Game/FirstPersonBP/Blueprints/bodyMesh' while loading NULL.
[2016.03.26-09.49.39:703][  0]LoadErrors: Info Failed to load /Game/FirstPersonBP/Blueprints/bodyMesh.bodyMesh Referenced by FirstPersonCharacter_C_3
[2016.03.26-09.49.39:703][  0]LogLinker:Warning: Can't find file '/Game/FirstPersonBP/Blueprints/bodyMesh'
[2016.03.26-09.49.39:703][  0]LoadErrors: Info Failed to load /Game/FirstPersonBP/Blueprints/bodyMesh.bodyMesh Referenced by Player1
[2016.03.26-09.49.39:703][  0]LogLinker:Warning: Can't find file for asset '/Game/FirstPersonBP/Blueprints/bodyMesh' while loading NULL.
[2016.03.26-09.49.39:703][  0]LoadErrors: Info Failed to load /Game/FirstPersonBP/Blueprints/bodyMesh.bodyMesh Referenced by Player1
[2016.03.26-09.49.39:939][  0]LogAIModule: Creating AISystem for world FirstPersonExampleMap
[2016.03.26-09.49.39:955][  0]LogEditorServer: Finished looking for orphan Actors (0.000 secs)
[2016.03.26-09.49.39:956][  0]Cmd: MAP CHECKDEP NOCLEARLOG
[2016.03.26-09.49.40:034][  0]MapCheck: Info Map check complete: 0 Error(s), 0 Warning(s), took 77.13ms to complete.
[2016.03.26-09.49.40:034][  0]LogFileHelpers: Loading map 'FirstPersonExampleMap' took 1.352
[2016.03.26-09.49.40:175][  0]LogCollectionManager: Loaded 0 collections in 0.003689 seconds
[2016.03.26-09.49.40:216][  0]LogFileCache: Scanning file cache for directory 'C:/Users/Emerson/Documents/GitHub/killer-self/KillerSelf/Saved/Collections/' took 0.01s
[2016.03.26-09.49.40:216][  0]LogFileCache: Scanning file cache for directory 'C:/Users/Emerson/Documents/GitHub/killer-self/KillerSelf/Content/Developers/Emerson/Collections/' took 0.01s
[2016.03.26-09.49.40:216][  0]LogFileCache: Scanning file cache for directory 'C:/Users/Emerson/Documents/GitHub/killer-self/KillerSelf/Content/Collections/' took 0.01s
[2016.03.26-09.49.40:216][  0]LogCollectionManager: Rebuilt the GUID cache for 0 collections in 0.000002 seconds
[2016.03.26-09.49.40:227][  0]LogContentBrowser: Native class hierarchy populated in 0.0104 seconds. Added 1893 classes and 338 folders.
[2016.03.26-09.49.40:238][  0]LogContentBrowser: Native class hierarchy updated for 'WidgetCarousel' in 0.0006 seconds. Added 0 classes and 0 folders.
[2016.03.26-09.49.40:303][  0]LogContentBrowser: Native class hierarchy updated for 'AddContentDialog' in 0.0004 seconds. Added 0 classes and 0 folders.
[2016.03.26-09.49.40:310][  0]LogContentBrowser: Native class hierarchy updated for 'SceneOutliner' in 0.0006 seconds. Added 1 classes and 2 folders.
[2016.03.26-09.49.40:342][  0]LogCrashTracker: Crashtracker disabled due to settings.
[2016.03.26-09.49.40:349][  0]LogUObjectGlobals:Warning: Failed to find object 'Class None.'
[2016.03.26-09.49.40:377][  0]LogLoad: Full Startup: 9.64 seconds (BP compile: 0.34 seconds)
[2016.03.26-09.49.40:722][  0]LogOcInput: Can't find Oculus library dev build: is proper Runtime installed? Version: 0.8.0.0
[2016.03.26-09.49.40:798][  0]LogContentStreaming: Texture pool size now 400 MB
[2016.03.26-09.49.41:007][  0]LogRenderer: Reallocating scene render targets to support 964x432 (Frame:2).
[2016.03.26-09.49.41:403][  1]LogFileCache: Retrieving MD5 hashes for directory 'C:/Users/Emerson/Documents/GitHub/killer-self/KillerSelf/Content/' took 0.67s
[2016.03.26-09.49.59:152][116]LogAssetRegistry: Asset discovery search completed in 22.2133 seconds
[2016.03.26-09.49.59:152][116]LogCollectionManager: Rebuilt the object cache for 0 collections in 0.000001 seconds (found 0 objects)
[2016.03.26-09.49.59:152][116]LogCollectionManager: Fixed up redirectors for 0 collections in 0.000070 seconds (updated 0 objects)
[2016.03.26-09.49.59:216][117]AssetReimport: New page: Outstanding source content changes 7:49:59 PM
[2016.03.26-09.49.59:219][117]LogFactory: FactoryCreateBinary: StaticMesh with FbxFactory (0 0 C:/Users/Emerson/Documents/GitHub/killer-self/KillerSelf/Content/Character Animations/armsIdleAnim.fbx)
[2016.03.26-09.49.59:258][117]LogFbx: ItemName: GlobalSettings, ItemCount : 1
[2016.03.26-09.49.59:258][117]LogFbx: ItemName: AnimationStack, ItemCount : 1
[2016.03.26-09.49.59:258][117]LogFbx: ItemName: AnimationLayer, ItemCount : 1
[2016.03.26-09.49.59:258][117]LogFbx: ItemName: NodeAttribute, ItemCount : 9
[2016.03.26-09.49.59:258][117]LogFbx: ItemName: Model, ItemCount : 9
[2016.03.26-09.49.59:258][117]LogFbx: ItemName: AnimationCurveNode, ItemCount : 37
[2016.03.26-09.49.59:258][117]LogFbx: ItemName: AnimationCurve, ItemCount : 70
[2016.03.26-09.49.59:375][117]LogFbx: Loading FBX Scene from C:/Users/Emerson/Documents/GitHub/killer-self/KillerSelf/Content/Character Animations/armsIdleAnim.fbx
[2016.03.26-09.49.59:573][117]LogFbx: FBX Scene Loaded Succesfully
[2016.03.26-09.50.07:684][221]AssetReimport: Info Ignoring new file SandDunes1.png as it's already imported by SandDunes1.
[2016.03.26-09.50.07:684][221]AssetReimport: Info Ignoring new file SandDunes2.png as it's already imported by SandDunes2.
[2016.03.26-09.50.07:684][221]AssetReimport: Info Ignoring new file SD1-MayaSama.png as it's already imported by SD1-MayaSama.
[2016.03.26-09.50.07:684][221]AssetReimport: Info Ignoring new file SD2-TanukaAsuka.png as it's already imported by SD2-TanukaAsuka.
[2016.03.26-09.50.07:684][221]AssetReimport: Info Importing new asset /Game/Character_Animations/armsIdleAnim.
[2016.03.26-09.50.07:684][221]AssetReimport: Info Failed to import file C:/Users/Emerson/Documents/GitHub/killer-self/KillerSelf/Content/Character Animations/armsIdleAnim.fbx.
[2016.03.26-09.50.23:917][865]LogWindowsTextInputMethodSystem:Display: IME system now deactivated.
[2016.03.26-09.50.23:918][865]LogWindowsTextInputMethodSystem:Display: IME system now deactivated.
[2016.03.26-09.50.24:201][866]Cmd: QUIT_EDITOR
[2016.03.26-09.50.24:438][866]LogExit: Preparing to exit.
[2016.03.26-09.50.25:013][866]LogExit: Editor shut down
[2016.03.26-09.50.25:014][866]LogExit: Transaction tracking system shut down
[2016.03.26-09.50.25:019][866]LogParticles: Destroying 0 GPU particle simulations for FXSystem 0x0000014652718900
[2016.03.26-09.50.25:021][866]LogParticles: Destroying 0 GPU particle simulations for FXSystem 0x000001466B597A60
[2016.03.26-09.50.25:214][866]LogExit: Object subsystem successfully closed.
[2016.03.26-09.50.25:236][866]LogD3D11RHI: Shutdown
[2016.03.26-09.50.25:236][866]LogD3D11RHI: CleanupD3DDevice
[2016.03.26-09.50.25:354][866]LogD3D11RHI: ~FD3D11DynamicRHI
[2016.03.26-09.50.25:371][866]LogModuleManager: Shutting down and abandoning module CrashTracker (198)
[2016.03.26-09.50.25:371][866]LogModuleManager: Shutting down and abandoning module SceneOutliner (197)
[2016.03.26-09.50.25:371][866]LogModuleManager: Shutting down and abandoning module SuperSearch (196)
[2016.03.26-09.50.25:371][866]LogModuleManager: Shutting down and abandoning module WidgetCarousel (195)
[2016.03.26-09.50.25:371][866]LogModuleManager: Shutting down and abandoning module AddContentDialog (194)
[2016.03.26-09.50.25:372][866]LogModuleManager: Shutting down and abandoning module EditorWidgets (193)
[2016.03.26-09.50.25:372][866]LogModuleManager: Shutting down and abandoning module CollectionManager (192)
[2016.03.26-09.50.25:372][866]LogModuleManager: Shutting down and abandoning module StatsViewer (191)
[2016.03.26-09.50.25:372][866]LogModuleManager: Shutting down and abandoning module FoliageEdit (190)
[2016.03.26-09.50.25:372][866]LogModuleManager: Shutting down and abandoning module LandscapeEditor (189)
[2016.03.26-09.50.25:372][866]LogModuleManager: Shutting down and abandoning module ActorPickerMode (188)
[2016.03.26-09.50.25:372][866]LogModuleManager: Shutting down and abandoning module GeometryMode (187)
[2016.03.26-09.50.25:372][866]LogModuleManager: Shutting down and abandoning module TextureAlignMode (186)
[2016.03.26-09.50.25:372][866]LogModuleManager: Shutting down and abandoning module BspMode (185)
[2016.03.26-09.50.25:372][866]LogModuleManager: Shutting down and abandoning module PlacementMode (184)
[2016.03.26-09.50.25:372][866]LogModuleManager: Shutting down and abandoning module AutomationWorker (183)
[2016.03.26-09.50.25:372][866]LogModuleManager: Shutting down and abandoning module CharacterAI (182)
[2016.03.26-09.50.25:372][866]LogModuleManager: Shutting down and abandoning module SmartSnapping (181)
[2016.03.26-09.50.25:372][866]LogModuleManager: Shutting down and abandoning module ViewportSnapping (180)
[2016.03.26-09.50.25:372][866]LogModuleManager: Shutting down and abandoning module LogVisualizer (179)
[2016.03.26-09.50.25:372][866]LogModuleManager: Shutting down and abandoning module GameProjectGeneration (178)
[2016.03.26-09.50.25:372][866]LogModuleManager: Shutting down and abandoning module IntroTutorials (177)
[2016.03.26-09.50.25:372][866]LogModuleManager: Shutting down and abandoning module EditorLiveStreaming (176)
[2016.03.26-09.50.25:372][866]LogModuleManager: Shutting down and abandoning module IOSPlatformEditor (175)
[2016.03.26-09.50.25:372][866]LogModuleManager: Shutting down and abandoning module HTML5PlatformEditor (174)
[2016.03.26-09.50.25:372][866]LogModuleManager: Shutting down and abandoning module AndroidDeviceDetection (173)
[2016.03.26-09.50.26:173][866]LogModuleManager: Shutting down and abandoning module AndroidPlatformEditor (172)
[2016.03.26-09.50.26:173][866]LogModuleManager: Shutting down and abandoning module IOSRuntimeSettings (171)
[2016.03.26-09.50.26:173][866]LogModuleManager: Shutting down and abandoning module AndroidRuntimeSettings (170)
[2016.03.26-09.50.26:173][866]LogModuleManager: Shutting down and abandoning module MergeActors (169)
[2016.03.26-09.50.26:173][866]LogModuleManager: Shutting down and abandoning module SizeMap (168)
[2016.03.26-09.50.26:173][866]LogModuleManager: Shutting down and abandoning module TreeMap (167)
[2016.03.26-09.50.26:173][866]LogModuleManager: Shutting down and abandoning module ReferenceViewer (166)
[2016.03.26-09.50.26:173][866]LogModuleManager: Shutting down and abandoning module LocalizationService (165)
[2016.03.26-09.50.26:173][866]LogModuleManager: Shutting down and abandoning module LocalizationDashboard (164)
[2016.03.26-09.50.26:173][866]LogModuleManager: Shutting down and abandoning module HardwareTargeting (163)
[2016.03.26-09.50.26:173][866]LogModuleManager: Shutting down and abandoning module DeviceProfileEditor (162)
[2016.03.26-09.50.26:173][866]LogModuleManager: Shutting down and abandoning module UndoHistory (161)
[2016.03.26-09.50.26:173][866]LogModuleManager: Shutting down and abandoning module GameplayTagsEditor (160)
[2016.03.26-09.50.26:173][866]LogModuleManager: Shutting down and abandoning module UserFeedback (159)
[2016.03.26-09.50.26:173][866]LogModuleManager: Shutting down and abandoning module XmlParser (158)
[2016.03.26-09.50.26:173][866]LogModuleManager: Shutting down and abandoning module Blutility (157)
[2016.03.26-09.50.26:173][866]LogModuleManager: Shutting down and abandoning module ProjectTargetPlatformEditor (156)
[2016.03.26-09.50.26:174][866]LogModuleManager: Shutting down and abandoning module ProjectSettingsViewer (155)
[2016.03.26-09.50.26:174][866]LogModuleManager: Shutting down and abandoning module InputBindingEditor (154)
[2016.03.26-09.50.26:174][866]LogModuleManager: Shutting down and abandoning module EditorSettingsViewer (153)
[2016.03.26-09.50.26:174][866]LogModuleManager: Shutting down and abandoning module SettingsEditor (152)
[2016.03.26-09.50.26:174][866]LogModuleManager: Shutting down and abandoning module ProjectLauncher (151)
[2016.03.26-09.50.26:174][866]LogModuleManager: Shutting down and abandoning module SessionFrontend (150)
[2016.03.26-09.50.26:174][866]LogModuleManager: Shutting down and abandoning module ProfilerClient (149)
[2016.03.26-09.50.26:174][866]LogModuleManager: Shutting down and abandoning module TargetDeviceServices (148)
[2016.03.26-09.50.26:174][866]LogModuleManager: Shutting down and abandoning module DeviceManager (147)
[2016.03.26-09.50.26:174][866]LogModuleManager: Shutting down and abandoning module AutomationController (146)
[2016.03.26-09.50.26:174][866]LogModuleManager: Shutting down and abandoning module AutomationWindow (145)
[2016.03.26-09.50.26:174][866]LogModuleManager: Shutting down and abandoning module Layers (144)
[2016.03.26-09.50.26:174][866]LogModuleManager: Shutting down and abandoning module ComponentVisualizers (143)
[2016.03.26-09.50.26:174][866]LogModuleManager: Shutting down and abandoning module DetailCustomizations (142)
[2016.03.26-09.50.26:174][866]LogModuleManager: Shutting down and abandoning module PackagesDialog (141)
[2016.03.26-09.50.26:174][866]LogModuleManager: Shutting down and abandoning module Persona (140)
[2016.03.26-09.50.26:174][866]LogModuleManager: Shutting down and abandoning module Kismet (139)
[2016.03.26-09.50.26:174][866]LogModuleManager: Shutting down and abandoning module GraphEditor (138)
[2016.03.26-09.50.26:175][866]LogModuleManager: Shutting down and abandoning module ClassViewer (137)
[2016.03.26-09.50.26:175][866]LogModuleManager: Shutting down and abandoning module Toolbox (136)
[2016.03.26-09.50.26:175][866]LogModuleManager: Shutting down and abandoning module ModuleUI (135)
[2016.03.26-09.50.26:175][866]LogModuleManager: Shutting down and abandoning module MovieSceneTools (134)
[2016.03.26-09.50.26:175][866]LogModuleManager: Shutting down and abandoning module OutputLog (133)
[2016.03.26-09.50.26:175][866]LogModuleManager: Shutting down and abandoning module GammaUI (132)
[2016.03.26-09.50.26:175][866]LogModuleManager: Shutting down and abandoning module Documentation (131)
[2016.03.26-09.50.26:175][866]LogModuleManager: Shutting down and abandoning module GameLiveStreaming (130)
[2016.03.26-09.50.26:175][866]LogModuleManager: Shutting down and abandoning module StreamingPauseRendering (129)
[2016.03.26-09.50.26:175][866]LogModuleManager: Shutting down and abandoning module AnalyticsET (128)
[2016.03.26-09.50.26:175][866]LogModuleManager: Shutting down and abandoning module Analytics (127)
[2016.03.26-09.50.26:175][866]LogModuleManager: Shutting down and abandoning module AITestSuite (126)
[2016.03.26-09.50.26:175][866]LogModuleManager: Shutting down and abandoning module GameplayDebugger (125)
[2016.03.26-09.50.26:175][866]LogModuleManager: Shutting down and abandoning module AIModule (124)
[2016.03.26-09.50.26:175][866]LogModuleManager: Shutting down and abandoning module ProfilerService (123)
[2016.03.26-09.50.26:314][866]LogModuleManager: Shutting down and abandoning module TaskGraph (122)
[2016.03.26-09.50.26:314][866]LogModuleManager: Shutting down and abandoning module SlateRemote (121)
[2016.03.26-09.50.26:315][866]LogModuleManager: Shutting down and abandoning module SteamVRController (120)
[2016.03.26-09.50.26:315][866]LogModuleManager: Shutting down and abandoning module SteamVR (119)
[2016.03.26-09.50.26:315][866]LogModuleManager: Shutting down and abandoning module ProceduralMeshComponent (118)
[2016.03.26-09.50.26:315][866]LogModuleManager: Shutting down and abandoning module OculusLibrary (117)
[2016.03.26-09.50.26:315][866]LogModuleManager: Shutting down and abandoning module OculusInput (116)
[2016.03.26-09.50.26:315][866]LogModuleManager: Shutting down and abandoning module LeapMotionController (115)
[2016.03.26-09.50.26:360][866]LogModuleManager: Shutting down and abandoning module CustomMeshComponent (114)
[2016.03.26-09.50.26:360][866]LogModuleManager: Shutting down and abandoning module CableComponent (113)
[2016.03.26-09.50.26:360][866]LogModuleManager: Shutting down and abandoning module ArchVisCharacter (112)
[2016.03.26-09.50.26:360][866]LogModuleManager: Shutting down and abandoning module MessagingDebugger (111)
[2016.03.26-09.50.26:360][866]LogModuleManager: Shutting down and abandoning module MediaPlayerEditor (110)
[2016.03.26-09.50.26:361][866]LogModuleManager: Shutting down and abandoning module HTML5Networking (109)
[2016.03.26-09.50.26:361][866]LogModuleManager: Shutting down and abandoning module SpeedTreeImporter (108)
[2016.03.26-09.50.26:361][866]LogModuleManager: Shutting down and abandoning module PluginBrowser (107)
[2016.03.26-09.50.26:361][866]LogModuleManager: Shutting down and abandoning module EpicSurvey (106)
[2016.03.26-09.50.26:361][866]LogModuleManager: Shutting down and abandoning module DesktopPlatform (105)
[2016.03.26-09.50.26:361][866]LogModuleManager: Shutting down and abandoning module VisualStudioSourceCodeAccess (104)
[2016.03.26-09.50.26:361][866]LogModuleManager: Shutting down and abandoning module UObjectPlugin (103)
[2016.03.26-09.50.26:361][866]LogModuleManager: Shutting down and abandoning module SubversionSourceControl (102)
[2016.03.26-09.50.26:361][866]LogModuleManager: Shutting down and abandoning module PerforceSourceControl (101)
[2016.03.26-09.50.26:361][866]LogModuleManager: Shutting down and abandoning module SourceControl (100)
[2016.03.26-09.50.26:361][866]LogModuleManager: Shutting down and abandoning module GitSourceControl (99)
[2016.03.26-09.50.26:361][866]LogModuleManager: Shutting down and abandoning module LightPropagationVolumeEditor (98)
[2016.03.26-09.50.26:361][866]LogModuleManager: Shutting down and abandoning module PaperTiledImporter (97)
[2016.03.26-09.50.26:361][866]LogModuleManager: Shutting down and abandoning module PaperSpriteSheetImporter (96)
[2016.03.26-09.50.26:361][866]LogModuleManager: Shutting down and abandoning module MeshPaint (95)
[2016.03.26-09.50.26:361][866]LogModuleManager: Shutting down and abandoning module SlateReflector (94)
[2016.03.26-09.50.26:361][866]LogModuleManager: Shutting down and abandoning module HotReload (93)
[2016.03.26-09.50.26:361][866]LogModuleManager: Shutting down and abandoning module MainFrame (92)
[2016.03.26-09.50.26:361][866]LogModuleManager: Shutting down and abandoning module LevelEditor (91)
[2016.03.26-09.50.26:362][866]LogModuleManager: Shutting down and abandoning module DirectoryWatcher (90)
[2016.03.26-09.50.26:363][866]LogModuleManager: Shutting down and abandoning module AssetRegistry (89)
[2016.03.26-09.50.26:454][866]LogModuleManager: Shutting down and abandoning module ContentBrowser (88)
[2016.03.26-09.50.26:455][866]LogModuleManager: Shutting down and abandoning module Paper2DEditor (87)
[2016.03.26-09.50.26:455][866]LogModuleManager: Shutting down and abandoning module UdpMessaging (86)
[2016.03.26-09.50.26:555][866]LogModuleManager: Shutting down and abandoning module LightPropagationVolumeRuntime (85)
[2016.03.26-09.50.26:555][866]LogModuleManager: Shutting down and abandoning module Paper2D (84)
[2016.03.26-09.50.26:555][866]LogModuleManager: Shutting down and abandoning module WindowsMoviePlayer (83)
[2016.03.26-09.50.26:559][866]LogModuleManager: Shutting down and abandoning module Media (82)
[2016.03.26-09.50.26:559][866]LogModuleManager: Shutting down and abandoning module WmfMedia (81)
[2016.03.26-09.50.26:559][866]LogModuleManager: Shutting down and abandoning module OnlineBlueprintSupport (80)
[2016.03.26-09.50.26:559][866]LogModuleManager: Shutting down and abandoning module GameplayTasksEditor (79)
[2016.03.26-09.50.26:559][866]LogModuleManager: Shutting down and abandoning module PropertyEditor (78)
[2016.03.26-09.50.26:559][866]LogModuleManager: Shutting down and abandoning module BehaviorTreeEditor (77)
[2016.03.26-09.50.26:559][866]LogModuleManager: Shutting down and abandoning module FunctionalTesting (76)
[2016.03.26-09.50.26:559][866]LogModuleManager: Shutting down and abandoning module CollisionAnalyzer (75)
[2016.03.26-09.50.26:559][866]LogModuleManager: Shutting down and abandoning module WorkspaceMenuStructure (74)
[2016.03.26-09.50.26:560][866]LogModuleManager: Shutting down and abandoning module MessageLog (73)
[2016.03.26-09.50.26:560][866]LogModuleManager: Shutting down and abandoning module Sequencer (72)
[2016.03.26-09.50.26:560][866]LogModuleManager: Shutting down and abandoning module AssetTools (71)
[2016.03.26-09.50.26:560][866]LogModuleManager: Shutting down and abandoning module UMGEditor (70)
[2016.03.26-09.50.26:560][866]LogModuleManager: Shutting down and abandoning module UMG (69)
[2016.03.26-09.50.26:560][866]LogModuleManager: Shutting down and abandoning module Slate (68)
[2016.03.26-09.50.26:560][866]LogModuleManager: Shutting down and abandoning module EditorStyle (67)
[2016.03.26-09.50.26:562][866]LogModuleManager: Shutting down and abandoning module SessionServices (66)
[2016.03.26-09.50.26:562][866]LogModuleManager: Shutting down and abandoning module SourceCodeAccess (65)
[2016.03.26-09.50.26:562][866]LogModuleManager: Shutting down and abandoning module HeadMountedDisplay (64)
[2016.03.26-09.50.26:562][866]LogModuleManager: Shutting down and abandoning module XAudio2 (63)
[2016.03.26-09.50.26:562][866]LogModuleManager: Shutting down and abandoning module Networking (61)
[2016.03.26-09.50.26:562][866]LogModuleManager: Shutting down and abandoning module Core (60)
[2016.03.26-09.50.26:562][866]LogModuleManager: Shutting down and abandoning module KismetCompiler (59)
[2016.03.26-09.50.26:562][866]LogModuleManager: Shutting down and abandoning module PhysXFormats (58)
[2016.03.26-09.50.26:562][866]LogModuleManager: Shutting down and abandoning module MeshUtilities (57)
[2016.03.26-09.50.26:562][866]LogModuleManager: Shutting down and abandoning module DerivedDataCache (56)
[2016.03.26-09.50.26:977][866]LogDerivedDataCache: Shutdown
[2016.03.26-09.50.26:977][866]LogModuleManager: Shutting down and abandoning module ShaderFormatOpenGL (55)
[2016.03.26-09.50.26:977][866]LogModuleManager: Shutting down and abandoning module ShaderFormatD3D (54)
[2016.03.26-09.50.26:977][866]LogModuleManager: Shutting down and abandoning module MetalShaderFormat (53)
[2016.03.26-09.50.26:977][866]LogModuleManager: Shutting down and abandoning module TextureFormatUncompressed (52)
[2016.03.26-09.50.26:978][866]LogModuleManager: Shutting down and abandoning module TextureFormatPVR (51)
[2016.03.26-09.50.26:978][866]LogModuleManager: Shutting down and abandoning module TextureFormatIntelISPCTexComp (50)
[2016.03.26-09.50.26:978][866]LogModuleManager: Shutting down and abandoning module TextureFormatDXT (49)
[2016.03.26-09.50.26:978][866]LogModuleManager: Shutting down and abandoning module ImageWrapper (48)
[2016.03.26-09.50.26:978][866]LogModuleManager: Shutting down and abandoning module TextureFormatASTC (47)
[2016.03.26-09.50.26:978][866]LogModuleManager: Shutting down and abandoning module TextureFormatAndroid (46)
[2016.03.26-09.50.26:978][866]LogModuleManager: Shutting down and abandoning module AudioFormatOpus (45)
[2016.03.26-09.50.26:978][866]LogModuleManager: Shutting down and abandoning module AudioFormatOgg (44)
[2016.03.26-09.50.26:978][866]LogModuleManager: Shutting down and abandoning module AudioFormatADPCM (43)
[2016.03.26-09.50.26:978][866]LogModuleManager: Shutting down and abandoning module LinuxTargetPlatform (42)
[2016.03.26-09.50.26:978][866]LogModuleManager: Shutting down and abandoning module LinuxServerTargetPlatform (41)
[2016.03.26-09.50.26:978][866]LogModuleManager: Shutting down and abandoning module LinuxNoEditorTargetPlatform (40)
[2016.03.26-09.50.26:978][866]LogModuleManager: Shutting down and abandoning module Messaging (39)
[2016.03.26-09.50.26:978][866]LogModuleManager: Shutting down and abandoning module IOSTargetPlatform (38)
[2016.03.26-09.50.26:978][866]LogModuleManager: Shutting down and abandoning module HTML5TargetPlatform (37)
[2016.03.26-09.50.26:978][866]LogModuleManager: Shutting down and abandoning module Android_PVRTCTargetPlatform (36)
[2016.03.26-09.50.26:978][866]LogModuleManager: Shutting down and abandoning module Android_MultiTargetPlatform (35)
[2016.03.26-09.50.26:978][866]LogModuleManager: Shutting down and abandoning module Android_ETC2TargetPlatform (34)
[2016.03.26-09.50.26:978][866]LogModuleManager: Shutting down and abandoning module Android_ETC1TargetPlatform (33)
[2016.03.26-09.50.26:978][866]LogModuleManager: Shutting down and abandoning module Android_DXTTargetPlatform (32)
[2016.03.26-09.50.26:978][866]LogModuleManager: Shutting down and abandoning module Android_ATCTargetPlatform (31)
[2016.03.26-09.50.26:979][866]LogModuleManager: Shutting down and abandoning module Android_ASTCTargetPlatform (30)
[2016.03.26-09.50.26:979][866]LogModuleManager: Shutting down and abandoning module AndroidTargetPlatform (29)
[2016.03.26-09.50.26:979][866]LogModuleManager: Shutting down and abandoning module WindowsTargetPlatform (28)
[2016.03.26-09.50.26:979][866]LogModuleManager: Shutting down and abandoning module WindowsServerTargetPlatform (27)
[2016.03.26-09.50.26:979][866]LogModuleManager: Shutting down and abandoning module WindowsNoEditorTargetPlatform (26)
[2016.03.26-09.50.26:979][866]LogModuleManager: Shutting down and abandoning module WindowsClientTargetPlatform (25)
[2016.03.26-09.50.26:979][866]LogModuleManager: Shutting down and abandoning module AllDesktopTargetPlatform (24)
[2016.03.26-09.50.26:979][866]LogModuleManager: Shutting down and abandoning module TargetPlatform (23)
[2016.03.26-09.50.26:979][866]LogModuleManager: Shutting down and abandoning module InputCore (22)
[2016.03.26-09.50.26:979][866]LogModuleManager: Shutting down and abandoning module Settings (21)
[2016.03.26-09.50.26:979][866]LogModuleManager: Shutting down and abandoning module OnlineSubsystem (19)
[2016.03.26-09.50.26:979][866]LogModuleManager: Shutting down and abandoning module HTTP (18)
[2016.03.26-09.50.28:983][866]LogModuleManager: Shutting down and abandoning module XMPP (17)
[2016.03.26-09.50.28:983][866]LogModuleManager: Shutting down and abandoning module OculusRift (16)
[2016.03.26-09.50.28:983][866]LogModuleManager: Shutting down and abandoning module ExampleDeviceProfileSelector (15)
[2016.03.26-09.50.28:983][866]LogModuleManager: Shutting down and abandoning module TextureCompressor (14)
[2016.03.26-09.50.28:983][866]LogModuleManager: Shutting down and abandoning module ShaderCore (13)
[2016.03.26-09.50.28:983][866]LogModuleManager: Shutting down and abandoning module Landscape (12)
[2016.03.26-09.50.28:983][866]LogModuleManager: Shutting down and abandoning module SlateRHIRenderer (11)
[2016.03.26-09.50.28:984][866]LogModuleManager: Shutting down and abandoning module OpenGLDrv (10)
[2016.03.26-09.50.28:984][866]LogModuleManager: Shutting down and abandoning module D3D11RHI (9)
[2016.03.26-09.50.28:984][866]LogModuleManager: Shutting down and abandoning module AnimGraphRuntime (8)
[2016.03.26-09.50.28:984][866]LogModuleManager: Shutting down and abandoning module Renderer (7)
[2016.03.26-09.50.28:984][866]LogModuleManager: Shutting down and abandoning module Engine (6)
[2016.03.26-09.50.28:984][866]LogModuleManager: Shutting down and abandoning module CoreUObject (5)
[2016.03.26-09.50.28:984][866]LogModuleManager: Shutting down and abandoning module NetworkFile (4)
[2016.03.26-09.50.28:985][866]LogModuleManager: Shutting down and abandoning module StreamingFile (3)
[2016.03.26-09.50.28:985][866]LogModuleManager: Shutting down and abandoning module SandboxFile (2)
[2016.03.26-09.50.28:985][866]LogModuleManager: Shutting down and abandoning module PakFile (1)
[2016.03.26-09.50.28:986][866]LogExit: Exiting.
[2016.03.26-09.50.29:002][866]Log file closed, 03/26/16 02:50:29
