[2016.03.26-13.15.06:496][  0]Log file open, 03/26/16 06:15:06
[2016.03.26-13.15.06:496][  0]LogInit:Display: Running engine for game: KillerSelf
[2016.03.26-13.15.06:496][  0]LogPlatformFile: Not using cached read wrapper
[2016.03.26-13.15.06:496][  0]LogInit:Display: RandInit(1861434521) SRandInit(1861434523).
[2016.03.26-13.15.06:496][  0]LogTaskGraph: Started task graph with 4 named threads and 5 total threads.
[2016.03.26-13.15.06:496][  0]LogStats: Stats thread started at 0.074535
[2016.03.26-13.15.06:496][  0]LogInit: Version: 4.10.4-2872498+++depot+UE4-Releases+4.10
[2016.03.26-13.15.06:496][  0]LogInit: API Version: 2758231
[2016.03.26-13.15.06:496][  0]LogInit: Compiled (64-bit): Feb 18 2016 15:47:04
[2016.03.26-13.15.06:496][  0]LogInit: Compiled with Visual C++: 19.00.23026.00
[2016.03.26-13.15.06:496][  0]LogInit: Build Configuration: Development
[2016.03.26-13.15.06:496][  0]LogInit: Branch Name: ++depot+UE4-Releases+4.10
[2016.03.26-13.15.06:496][  0]LogInit: Command line: -EpicPortal 
[2016.03.26-13.15.06:496][  0]LogInit: Base directory: C:/Program Files (x86)/Epic Games/4.10/Engine/Binaries/Win64/
[2016.03.26-13.15.06:496][  0]LogInit: Rocket: 1
[2016.03.26-13.15.06:505][  0]LogInit: Using libcurl 7.41.0
[2016.03.26-13.15.06:505][  0]LogInit:  - built for x86_64-pc-win32
[2016.03.26-13.15.06:505][  0]LogInit:  - supports SSL with WinSSL
[2016.03.26-13.15.06:505][  0]LogInit:  - other features:
[2016.03.26-13.15.06:505][  0]LogInit:      CURL_VERSION_SSL
[2016.03.26-13.15.06:505][  0]LogInit:      CURL_VERSION_IPV6
[2016.03.26-13.15.06:505][  0]LogInit:      CURL_VERSION_ASYNCHDNS
[2016.03.26-13.15.06:505][  0]LogInit:      CURL_VERSION_LARGEFILE
[2016.03.26-13.15.06:505][  0]LogInit:      CURL_VERSION_IDN
[2016.03.26-13.15.06:505][  0]LogInit:  CurlRequestOptions (configurable via config and command line):
[2016.03.26-13.15.06:505][  0]LogInit:  - bVerifyPeer = true  - Libcurl will verify peer certificate
[2016.03.26-13.15.06:505][  0]LogInit:  - bUseHttpProxy = false  - Libcurl will NOT use HTTP proxy
[2016.03.26-13.15.06:505][  0]LogInit:  - bDontReuseConnections = false  - Libcurl will reuse connections
[2016.03.26-13.15.06:505][  0]LogInit:  - CertBundlePath = nullptr  - Libcurl will use whatever was configured at build time.
[2016.03.26-13.15.06:513][  0]LogInit: Presizing for 0 objects not considered by GC, pre-allocating 0 bytes.
[2016.03.26-13.15.06:522][  0]LogInit: Object subsystem initialized
[2016.03.26-13.15.06:523][  0]LogInit: Selected Device Profile: [Windows]
[2016.03.26-13.15.06:523][  0]LogInit: Applying CVar settings loaded from the selected device profile: [Windows]
[2016.03.26-13.15.06:535][  0]LogInit: Computer: BEZLYLAPTOP
[2016.03.26-13.15.06:535][  0]LogInit: User: Emerson
[2016.03.26-13.15.06:535][  0]LogInit: CPU Page size=4096, Cores=2
[2016.03.26-13.15.06:535][  0]LogInit: High frequency timer resolution =2.338338 MHz
[2016.03.26-13.15.06:535][  0]LogMemory: Memory total: Physical=7.9GB (8GB approx)
[2016.03.26-13.15.06:535][  0]LogMemory: Platform Memory Stats for Windows
[2016.03.26-13.15.06:535][  0]LogMemory: Process Physical Memory: 55.92 MB used, 55.92 MB peak
[2016.03.26-13.15.06:535][  0]LogMemory: Process Virtual Memory: 57.52 MB used, 57.52 MB peak
[2016.03.26-13.15.06:535][  0]LogMemory: Physical Memory: 3510.20 MB used, 8122.15 MB total
[2016.03.26-13.15.06:535][  0]LogMemory: Virtual Memory: 382.73 MB used, 134217728.00 MB total
[2016.03.26-13.15.06:575][  0]LogTextLocalizationManager: No specific translations for ('en-US') exist, so ('en') translations will be used.
[2016.03.26-13.15.07:239][  0]LogD3D11RHI: Found D3D11 adapter 0: Intel(R) HD Graphics Family (Feature Level 11_0)
[2016.03.26-13.15.07:239][  0]LogD3D11RHI: Adapter has 112MB of dedicated video memory, 0MB of dedicated system memory, and 4061MB of shared system memory, 1 output[s]
[2016.03.26-13.15.07:241][  0]LogD3D11RHI: Found D3D11 adapter 1: Microsoft Basic Render Driver (Feature Level 11_0)
[2016.03.26-13.15.07:241][  0]LogD3D11RHI: Adapter has 0MB of dedicated video memory, 0MB of dedicated system memory, and 4061MB of shared system memory, 0 output[s]
[2016.03.26-13.15.07:241][  0]LogD3D11RHI: Chosen D3D11 Adapter Id = 0
[2016.03.26-13.15.07:254][  0]LogD3D11RHI: !Direct3DDevice
[2016.03.26-13.15.07:254][  0]LogRHI: Texture pool is 1361 MB (70% of 1945 MB)
[2016.03.26-13.15.07:268][  0]LogD3D11RHI: Async texture creation enabled
[2016.03.26-13.15.07:283][  0]LogShaderCompilers: Guid format shader working directory is -24 characters bigger than the processId version (../../../../../../Users/Emerson/Documents/GitHub/killer-self/KillerSelf/Intermediate/Shaders/WorkingDirectory/26892/).
[2016.03.26-13.15.07:283][  0]LogShaderCompilers: Cleaned the shader compiler working directory 'C:/Users/Emerson/AppData/Local/Temp/UnrealShaderWorkingDir/6F623D814B8888054C8D4C97A6773F62/'.
[2016.03.26-13.15.07:284][  0]LogShaderCompilers:Display: Using Local Shader Compiler.
[2016.03.26-13.15.08:438][  0]LogTemp:Display: Loaded TP AllDesktopTargetPlatform
[2016.03.26-13.15.08:449][  0]LogTemp:Display: Loaded TP WindowsClientTargetPlatform
[2016.03.26-13.15.08:458][  0]LogTemp:Display: Loaded TP WindowsNoEditorTargetPlatform
[2016.03.26-13.15.08:468][  0]LogTemp:Display: Loaded TP WindowsServerTargetPlatform
[2016.03.26-13.15.08:474][  0]LogTemp:Display: Loaded TP WindowsTargetPlatform
[2016.03.26-13.15.08:480][  0]LogTemp:Display: Loaded TP AndroidTargetPlatform
[2016.03.26-13.15.08:484][  0]LogTemp:Display: Loaded TP Android_ASTCTargetPlatform
[2016.03.26-13.15.08:488][  0]LogTemp:Display: Loaded TP Android_ATCTargetPlatform
[2016.03.26-13.15.08:493][  0]LogTemp:Display: Loaded TP Android_DXTTargetPlatform
[2016.03.26-13.15.08:497][  0]LogTemp:Display: Loaded TP Android_ETC1TargetPlatform
[2016.03.26-13.15.08:501][  0]LogTemp:Display: Loaded TP Android_ETC2TargetPlatform
[2016.03.26-13.15.08:510][  0]LogTemp:Display: Loaded TP Android_MultiTargetPlatform
[2016.03.26-13.15.08:510][  0]LogTemp:Display: Loaded TP Android_PVRTCTargetPlatform
[2016.03.26-13.15.08:512][  0]LogTemp:Display: Loaded TP HTML5TargetPlatform
[2016.03.26-13.15.08:534][  0]LogTemp:Display: Loaded TP IOSTargetPlatform
[2016.03.26-13.15.08:538][  0]LogTemp:Display: Loaded TP LinuxNoEditorTargetPlatform
[2016.03.26-13.15.08:542][  0]LogTemp:Display: Loaded TP LinuxServerTargetPlatform
[2016.03.26-13.15.08:547][  0]LogTemp:Display: Loaded TP LinuxTargetPlatform
[2016.03.26-13.15.08:547][  0]LogTargetPlatformManager:Display: Building Assets For Windows
[2016.03.26-13.15.08:670][  0]LogDerivedDataCache:Display: Max Cache Size: 512 MB
[2016.03.26-13.15.08:737][  0]LogDerivedDataCache: Loaded boot cache 0.07s 41MB C:/Users/Emerson/AppData/Local/UnrealEngine/4.10/DerivedDataCache/Boot.ddc.
[2016.03.26-13.15.08:737][  0]LogDerivedDataCache:Display: Loaded Boot cache: C:/Users/Emerson/AppData/Local/UnrealEngine/4.10/DerivedDataCache/Boot.ddc
[2016.03.26-13.15.08:737][  0]LogDerivedDataCache: FDerivedDataBackendGraph:  Pak pak cache file ../../../../../../Users/Emerson/Documents/GitHub/killer-self/KillerSelf/DerivedDataCache/DDC.ddp not found, will not use a pak cache.
[2016.03.26-13.15.08:737][  0]LogDerivedDataCache: Unable to find inner node Pak for hierarchical cache Hierarchy.
[2016.03.26-13.15.08:737][  0]LogDerivedDataCache: FDerivedDataBackendGraph:  CompressedPak pak cache file ../../../../../../Users/Emerson/Documents/GitHub/killer-self/KillerSelf/DerivedDataCache/Compressed.ddp not found, will not use a pak cache.
[2016.03.26-13.15.08:737][  0]LogDerivedDataCache: Unable to find inner node CompressedPak for hierarchical cache Hierarchy.
[2016.03.26-13.15.08:829][  0]LogDerivedDataCache:Display: Pak cache opened for reading ../../../Engine/DerivedDataCache/Compressed.ddp.
[2016.03.26-13.15.08:841][  0]LogDerivedDataCache: Using Local data cache path C:/Users/Emerson/AppData/Local/UnrealEngine/Common/DerivedDataCache: Writable
[2016.03.26-13.15.09:149][  0]LogInit: Selected Device Profile: [Windows]
[2016.03.26-13.15.09:153][  0]LogContentStreaming: Texture pool size is 0.000000MB
[2016.03.26-13.15.09:318][  0]LogMeshUtilities: No automatic mesh reduction module available
[2016.03.26-13.15.09:318][  0]LogMeshUtilities: No automatic mesh merging module available
[2016.03.26-13.15.09:641][  0]LogInit: WinSock: version 1.1 (2.2), MaxSocks=32767, MaxUdp=65467
[2016.03.26-13.15.10:650][  0]UdpMessaging: Initializing bridge on interface 0.0.0.0:0 to multicast group 230.0.0.1:6666.
[2016.03.26-13.15.10:753][  0]LogAssetRegistry: FAssetRegistry took 0.0111 seconds to start up
[2016.03.26-13.15.11:002][  0]SourceControl: Info Source control is disabled
[2016.03.26-13.15.11:064][  0]SourceControl: Info Source control is disabled
[2016.03.26-13.15.11:082][  0]SourceControl: Info Source control is disabled
[2016.03.26-13.15.11:097][  0]SourceControl: Info Source control is disabled
[2016.03.26-13.15.11:407][  0]LogObj: 28633 objects as part of root set at end of initial load.
[2016.03.26-13.15.11:407][  0]LogUObjectAllocator: 6099752 out of 0 bytes used by permanent object pool.
[2016.03.26-13.15.11:474][  0]LogEngine: Initializing Engine...
[2016.03.26-13.15.11:478][  0]LogHMD: Can't find Oculus library dev build: is proper Runtime installed? Version: 0.8.0.0
[2016.03.26-13.15.11:479][  0]LogHMD: SteamVR failed to initialize.  Err: 110
[2016.03.26-13.15.11:642][  0]LogAIModule: Creating AISystem for world NewWorld
[2016.03.26-13.15.11:652][  0]LogInit: XAudio2 using 'Speakers (Razer Banshee)' : 2 channels at 44.1 kHz using 16 bits per sample (channel mask 0x3)
[2016.03.26-13.15.11:664][  0]LogInit: FAudioDevice initialized.
[2016.03.26-13.15.11:689][  0]LogDerivedDataCache: Saved boot cache 0.03s 41MB C:/Users/Emerson/AppData/Local/UnrealEngine/4.10/DerivedDataCache/Boot.ddc.
[2016.03.26-13.15.11:698][  0]LogInit: Texture streaming: Enabled
[2016.03.26-13.15.11:705][  0]LogAnalytics: Creating configured Analytics provider AnalyticsET
[2016.03.26-13.15.11:705][  0]LogAnalytics: [UEEditor.Rocket.Release] APIServer = http://et2.epicgames.com/ET2/. AppVersion = 4.10.4-2872498+++depot+UE4-Releases+4.10
[2016.03.26-13.15.11:706][  0]LogAnalytics: [UEEditor.Rocket.Release] SetUserId 480e4fc44221435044fe96a3e079de87|0c01ec0cd245479aaa1aee815a2d9699|d08f0b52-5654-4d4f-a336-4f408988900c
[2016.03.26-13.15.11:706][  0]LogAnalytics: [UEEditor.Rocket.Release] AnalyticsET::StartSession
[2016.03.26-13.15.11:720][  0]LogInit: Transaction tracking system initialized
[2016.03.26-13.15.11:759][  0]BlueprintLog: New page: Editor Load
[2016.03.26-13.15.11:877][  0]LocalizationService: Info Localization service is disabled
[2016.03.26-13.15.12:185][  0]LogConsoleResponse:Display: 
[2016.03.26-13.15.12:339][  0]LogCook:Display: Done creating registry. It took  0.00s.
[2016.03.26-13.15.12:430][  0]LogFileCache: Scanning file cache for directory 'C:/Users/Emerson/Documents/GitHub/killer-self/KillerSelf/Content/' took 0.02s
[2016.03.26-13.15.12:430][  0]SourceControl: Info Source control is disabled
[2016.03.26-13.15.12:430][  0]Cmd: MAP LOAD FILE="../../../../../../Users/Emerson/Documents/GitHub/killer-self/KillerSelf/Content/FirstPersonBP/Maps/FirstPersonExampleMap.umap" TEMPLATE=0 SHOWPROGRESS=1 FEATURELEVEL=3
[2016.03.26-13.15.12:430][  0]LightingResults: New page: Lighting Build
[2016.03.26-13.15.12:434][  0]MapCheck: New page: Map Check
[2016.03.26-13.15.12:434][  0]LightingResults: New page: Lighting Build
[2016.03.26-13.15.12:458][  0]LogParticles: Destroying 0 GPU particle simulations for FXSystem 0x0000021454532160
[2016.03.26-13.15.12:684][  0]LogLinker:Warning: Asset '../../../../../../Users/Emerson/Documents/GitHub/killer-self/KillerSelf/Content/FirstPerson/Meshes/FirstPersonProjectileMesh.uasset' has been saved with empty engine version. The asset will be loaded but may be incompatible.
[2016.03.26-13.15.12:956][  0]LogLinker:Warning: Can't find file '/Game/FirstPersonBP/Blueprints/bodyMesh'
[2016.03.26-13.15.12:956][  0]LogLinker:Warning: Can't find file for asset '/Game/FirstPersonBP/Blueprints/bodyMesh' while loading ../../../../../../Users/Emerson/Documents/GitHub/killer-self/KillerSelf/Content/FirstPersonBP/Maps/FirstPersonExampleMap.umap.
[2016.03.26-13.15.12:956][  0]LoadErrors:Error: Error /Game/FirstPersonBP/Maps/FirstPersonExampleMap : Can't find file for asset. /Game/FirstPersonBP/Blueprints/bodyMesh
[2016.03.26-13.15.12:959][  0]LogLinker:Warning: Can't find file '/Game/FirstPersonBP/Blueprints/bodyMesh'
[2016.03.26-13.15.12:959][  0]LogLinker:Warning: Can't find file for asset '/Game/FirstPersonBP/Blueprints/bodyMesh' while loading ../../../../../../Users/Emerson/Documents/GitHub/killer-self/KillerSelf/Content/FirstPersonBP/Maps/FirstPersonExampleMap.umap.
[2016.03.26-13.15.12:959][  0]LoadErrors:Error: Error /Game/FirstPersonBP/Maps/FirstPersonExampleMap : Can't find file for asset. /Game/FirstPersonBP/Blueprints/bodyMesh
[2016.03.26-13.15.12:960][  0]LogLinker:Warning: Can't find file '/Game/FirstPersonBP/Blueprints/bodyMesh'
[2016.03.26-13.15.12:960][  0]LogLinker:Warning: Can't find file for asset '/Game/FirstPersonBP/Blueprints/bodyMesh' while loading NULL.
[2016.03.26-13.15.12:960][  0]LogLinker:Warning: Can't find file '/Game/FirstPersonBP/Blueprints/bodyMesh'
[2016.03.26-13.15.12:961][  0]LogLinker:Warning: Can't find file for asset '/Game/FirstPersonBP/Blueprints/bodyMesh' while loading NULL.
[2016.03.26-13.15.12:994][  0]LogLinker:Warning: Can't find file '/Game/FirstPersonBP/Blueprints/bodyMesh'
[2016.03.26-13.15.12:994][  0]LoadErrors: Info Failed to load /Game/FirstPersonBP/Blueprints/bodyMesh.bodyMesh Referenced by FirstPersonCharacter_C_3
[2016.03.26-13.15.12:994][  0]LogLinker:Warning: Can't find file for asset '/Game/FirstPersonBP/Blueprints/bodyMesh' while loading NULL.
[2016.03.26-13.15.12:994][  0]LoadErrors: Info Failed to load /Game/FirstPersonBP/Blueprints/bodyMesh.bodyMesh Referenced by FirstPersonCharacter_C_3
[2016.03.26-13.15.12:994][  0]LogLinker:Warning: Can't find file '/Game/FirstPersonBP/Blueprints/bodyMesh'
[2016.03.26-13.15.12:994][  0]LoadErrors: Info Failed to load /Game/FirstPersonBP/Blueprints/bodyMesh.bodyMesh Referenced by Player1
[2016.03.26-13.15.12:994][  0]LogLinker:Warning: Can't find file for asset '/Game/FirstPersonBP/Blueprints/bodyMesh' while loading NULL.
[2016.03.26-13.15.12:994][  0]LoadErrors: Info Failed to load /Game/FirstPersonBP/Blueprints/bodyMesh.bodyMesh Referenced by Player1
[2016.03.26-13.15.13:182][  0]LogAIModule: Creating AISystem for world FirstPersonExampleMap
[2016.03.26-13.15.13:200][  0]LogEditorServer: Finished looking for orphan Actors (0.000 secs)
[2016.03.26-13.15.13:201][  0]Cmd: MAP CHECKDEP NOCLEARLOG
[2016.03.26-13.15.13:268][  0]MapCheck: Info Map check complete: 0 Error(s), 0 Warning(s), took 66.387ms to complete.
[2016.03.26-13.15.13:268][  0]LogFileHelpers: Loading map 'FirstPersonExampleMap' took 0.838
[2016.03.26-13.15.13:403][  0]LogCollectionManager: Loaded 0 collections in 0.003273 seconds
[2016.03.26-13.15.13:446][  0]LogFileCache: Scanning file cache for directory 'C:/Users/Emerson/Documents/GitHub/killer-self/KillerSelf/Saved/Collections/' took 0.01s
[2016.03.26-13.15.13:446][  0]LogFileCache: Scanning file cache for directory 'C:/Users/Emerson/Documents/GitHub/killer-self/KillerSelf/Content/Developers/Emerson/Collections/' took 0.01s
[2016.03.26-13.15.13:446][  0]LogFileCache: Scanning file cache for directory 'C:/Users/Emerson/Documents/GitHub/killer-self/KillerSelf/Content/Collections/' took 0.01s
[2016.03.26-13.15.13:446][  0]LogCollectionManager: Rebuilt the GUID cache for 0 collections in 0.000003 seconds
[2016.03.26-13.15.13:457][  0]LogContentBrowser: Native class hierarchy populated in 0.0114 seconds. Added 1893 classes and 338 folders.
[2016.03.26-13.15.13:468][  0]LogContentBrowser: Native class hierarchy updated for 'WidgetCarousel' in 0.0004 seconds. Added 0 classes and 0 folders.
[2016.03.26-13.15.13:528][  0]LogContentBrowser: Native class hierarchy updated for 'AddContentDialog' in 0.0003 seconds. Added 0 classes and 0 folders.
[2016.03.26-13.15.13:533][  0]LogContentBrowser: Native class hierarchy updated for 'SceneOutliner' in 0.0005 seconds. Added 1 classes and 2 folders.
[2016.03.26-13.15.13:560][  0]LogCrashTracker: Crashtracker disabled due to settings.
[2016.03.26-13.15.13:567][  0]LogUObjectGlobals:Warning: Failed to find object 'Class None.'
[2016.03.26-13.15.13:590][  0]LogLoad: Full Startup: 7.59 seconds (BP compile: 0.18 seconds)
[2016.03.26-13.15.13:608][  0]LogWindowsTextInputMethodSystem:Display: IME system now deactivated.
[2016.03.26-13.15.13:608][  0]LogWindowsTextInputMethodSystem:Display: IME system now deactivated.
[2016.03.26-13.15.13:614][  0]LogOcInput: Can't find Oculus library dev build: is proper Runtime installed? Version: 0.8.0.0
[2016.03.26-13.15.13:684][  0]LogContentStreaming: Texture pool size now 400 MB
[2016.03.26-13.15.13:865][  0]LogRenderer: Reallocating scene render targets to support 964x432 (Frame:2).
[2016.03.26-13.15.14:697][  7]LogAssetRegistry: Asset discovery search completed in 3.9551 seconds
[2016.03.26-13.15.14:697][  7]LogCollectionManager: Rebuilt the object cache for 0 collections in 0.000001 seconds (found 0 objects)
[2016.03.26-13.15.14:697][  7]LogCollectionManager: Fixed up redirectors for 0 collections in 0.000031 seconds (updated 0 objects)
[2016.03.26-13.15.24:392][380]Cmd: MAP LOAD FILE="../../../../../../Users/Emerson/Documents/GitHub/killer-self/KillerSelf/Content/Maps/Map12.umap" TEMPLATE=0 SHOWPROGRESS=1 FEATURELEVEL=3
[2016.03.26-13.15.24:419][380]LightingResults: New page: Lighting Build
[2016.03.26-13.15.24:447][380]LoadErrors: New page: Loading map: Map12.umap
[2016.03.26-13.15.24:448][380]MapCheck: New page: Map Check
[2016.03.26-13.15.24:448][380]LightingResults: New page: Lighting Build
[2016.03.26-13.15.24:475][380]LogParticles: Destroying 0 GPU particle simulations for FXSystem 0x0000021447594E00
[2016.03.26-13.15.24:562][380]LogAIModule: Creating AISystem for world Map12
[2016.03.26-13.15.24:584][380]LogEditorServer: Finished looking for orphan Actors (0.000 secs)
[2016.03.26-13.15.24:629][380]Cmd: MAP CHECKDEP NOCLEARLOG
[2016.03.26-13.15.24:704][380]MapCheck: Info Map check complete: 0 Error(s), 0 Warning(s), took 74.391ms to complete.
[2016.03.26-13.15.24:704][380]LogFileHelpers: Loading map 'Map12' took 0.314
[2016.03.26-13.15.24:727][381]Cmd: UpdateLandscapeEditorData
[2016.03.26-13.15.24:727][381]Cmd: UpdateLandscapeEditorData -warnings
[2016.03.26-13.15.35:816][921]Cmd: UpdateLandscapeEditorData
[2016.03.26-13.15.36:710][957]Cmd: UpdateLandscapeEditorData
[2016.03.26-13.15.39:072][ 57]Cmd: UpdateLandscapeEditorData
[2016.03.26-13.15.42:179][181]LogEditorViewport: Clicking on Actor (LMB): StaticMeshActor (Cylinder_Brush6_StaticMesh3)
[2016.03.26-13.15.52:937][602]LogEditorViewport: Clicking on Actor (CTRL LMB): StaticMeshActor (Cylinder_Brush5_StaticMesh)
[2016.03.26-13.15.53:896][637]LogEditorViewport: Clicking on Actor (CTRL LMB): StaticMeshActor (Cylinder_Brush5_StaticMesh2)
[2016.03.26-13.15.54:702][665]LogEditorViewport: Clicking on Actor (CTRL LMB): StaticMeshActor (Cylinder_Brush2_StaticMesh2)
[2016.03.26-13.15.57:515][762]LogEditorViewport: Clicking on Actor (CTRL LMB): StaticMeshActor (Cylinder_Brush4_StaticMesh)
[2016.03.26-13.17.46:535][858]LogEditorViewport: Clicking on Actor (LMB): Landscape (Landscape)
[2016.03.26-13.17.49:638][969]LogEditorViewport: Clicking on Actor (LMB): Landscape (Landscape)
[2016.03.26-13.17.53:029][ 94]LogTexture:Display: Building textures: Texture2D_2 (G8)
[2016.03.26-13.18.18:337][ 82]LogEditorViewport: Clicking on Actor (double click): Landscape (Landscape)
[2016.03.26-13.18.18:635][ 93]LogEditorViewport: Clicking on Actor (double click): Landscape (Landscape)
[2016.03.26-13.18.19:017][107]LogEditorViewport: Clicking on Actor (double click): Landscape (Landscape)
[2016.03.26-13.18.19:351][119]LogEditorViewport: Clicking on Actor (double click): Landscape (Landscape)
[2016.03.26-13.18.29:363][489]LogEditorViewport: Clicking on Actor (LMB): StaticMeshActor (Cylinder_Brush2_StaticMesh2)
[2016.03.26-13.20.36:630][151]LogEditorViewport: Clicking on Actor (LMB): BP_Sky_Sphere_C (Sky Sphere)
[2016.03.26-13.22.13:344][851]Cmd: TRANSACTION UNDO
[2016.03.26-13.22.13:344][851]LogEditorTransaction: Undo Landscape Editing: Noise
[2016.03.26-13.22.13:489][851]LogTexture:Display: Building textures: Texture2D_100 (BGRA8)
[2016.03.26-13.22.13:509][851]LogMaterial: 0.000092 seconds spent updating 1 materials, 1 interfaces, 1 instances, 0 with static permutations.
[2016.03.26-13.22.13:511][851]LogMaterial: 0.000057 seconds spent updating 1 materials, 1 interfaces, 1 instances, 0 with static permutations.
[2016.03.26-13.22.13:513][851]LogMaterial: 0.000074 seconds spent updating 1 materials, 1 interfaces, 1 instances, 0 with static permutations.
[2016.03.26-13.22.13:514][851]LogMaterial: 0.000059 seconds spent updating 1 materials, 1 interfaces, 1 instances, 0 with static permutations.
[2016.03.26-13.22.13:516][851]LogMaterial: 0.000061 seconds spent updating 1 materials, 1 interfaces, 1 instances, 0 with static permutations.
[2016.03.26-13.23.07:719][149]Cmd: TRANSACTION UNDO
[2016.03.26-13.23.07:720][149]LogEditorTransaction: Undo Landscape Editing: Sculpt
[2016.03.26-13.23.07:877][149]LogMaterial: 0.000054 seconds spent updating 1 materials, 1 interfaces, 1 instances, 0 with static permutations.
[2016.03.26-13.23.07:879][149]LogMaterial: 0.000070 seconds spent updating 1 materials, 1 interfaces, 1 instances, 0 with static permutations.
[2016.03.26-13.23.07:880][149]LogTexture:Display: Building textures: Texture2D_100 (BGRA8)
[2016.03.26-13.23.14:394][425]LogEditorViewport: Clicking on Actor (double click): StaticMeshActor (Cylinder_Brush5_StaticMesh)
[2016.03.26-13.23.14:919][444]LogEditorViewport: Clicking on Actor (double click): StaticMeshActor (Cylinder_Brush5_StaticMesh)
[2016.03.26-13.23.15:833][481]LogEditorViewport: Clicking on Actor (double click): Landscape (Landscape)
[2016.03.26-13.23.48:208][805]LogEditorViewport: Clicking on Actor (LMB): Landscape (Landscape)
[2016.03.26-13.23.50:829][893]LogEditorViewport: Clicking on Actor (LMB): StaticMeshActor (Cylinder_Brush2_StaticMesh2)
[2016.03.26-13.24.04:875][433]Cmd: EDIT COPY
[2016.03.26-13.24.05:220][445]Cmd: EDIT PASTE
[2016.03.26-13.24.05:284][445]LogTexture:Display: Building textures: Texture2D_100 (BGRA8)
[2016.03.26-13.24.08:123][548]Cmd: TRANSACTION UNDO
[2016.03.26-13.24.08:123][548]LogEditorTransaction: Undo Move Actors
[2016.03.26-13.24.08:130][548]LogActorComponent: ~FComponentReregisterContext: (/Game/Maps/Map12.Map12:PersistentLevel.Cylinder_Brush2_StaticMesh2.StaticMeshComponent0) Component already registered.
[2016.03.26-13.24.12:732][714]Cmd: TRANSACTION UNDO
[2016.03.26-13.24.12:732][714]LogEditorTransaction: Undo Move Actors
[2016.03.26-13.24.12:743][714]LogActorComponent: ~FComponentReregisterContext: (/Game/Maps/Map12.Map12:PersistentLevel.Cylinder_Brush2_StaticMesh2.StaticMeshComponent0) Component already registered.
[2016.03.26-13.24.13:720][747]Cmd: EDIT COPY
[2016.03.26-13.24.14:058][760]Cmd: EDIT PASTE
[2016.03.26-13.24.35:021][556]LogEditorViewport: Clicking on Actor (LMB): StaticMeshActor (Cylinder_Brush2_StaticMesh3)
[2016.03.26-13.24.36:353][610]LogEditorViewport: Clicking on Actor (context menu): StaticMeshActor (Cylinder_Brush2_StaticMesh3)
[2016.03.26-13.24.42:023][925]LogEditorViewport: Clicking on Actor (LMB): BP_Sky_Sphere_C (Sky Sphere)
[2016.03.26-13.24.42:808][962]LogEditorViewport: Clicking on Actor (LMB): StaticMeshActor (Cylinder_Brush2_StaticMesh3)
[2016.03.26-13.25.20:139][432]Cmd: TRANSACTION UNDO
[2016.03.26-13.25.20:139][432]LogEditorTransaction: Undo Move Actors
[2016.03.26-13.25.20:633][448]Cmd: TRANSACTION UNDO
[2016.03.26-13.25.20:633][448]LogEditorTransaction: Undo Move Actors
[2016.03.26-13.25.21:082][466]Cmd: TRANSACTION UNDO
[2016.03.26-13.25.21:082][466]LogEditorTransaction: Undo Set actor scale
[2016.03.26-13.25.23:939][573]Cmd: TRANSACTION UNDO
[2016.03.26-13.25.23:939][573]LogEditorTransaction: Undo Set actor scale
[2016.03.26-13.25.38:249][119]Cmd: TRANSACTION UNDO
[2016.03.26-13.25.38:249][119]LogEditorTransaction: Undo Move Actors
[2016.03.26-13.25.54:189][727]Cmd: TRANSACTION UNDO
[2016.03.26-13.25.54:190][727]LogEditorTransaction: Undo Move Actors
[2016.03.26-13.25.59:001][906]LogEditorViewport: Clicking on Actor (LMB): StaticMeshActor (Cylinder_Brush4_StaticMesh2)
[2016.03.26-13.26.52:102][ 19]Cmd: TRANSACTION UNDO
[2016.03.26-13.26.52:102][ 19]LogEditorTransaction: Undo Move Actors
[2016.03.26-13.26.52:877][ 45]Cmd: TRANSACTION UNDO
[2016.03.26-13.26.52:877][ 45]LogEditorTransaction: Undo Move Actors
[2016.03.26-13.27.22:815][180]Cmd: TRANSACTION UNDO
[2016.03.26-13.27.22:815][180]LogEditorTransaction: Undo Move Actors
[2016.03.26-13.27.23:423][199]Cmd: TRANSACTION UNDO
[2016.03.26-13.27.23:423][199]LogEditorTransaction: Undo Move Actors
[2016.03.26-13.27.23:849][214]Cmd: TRANSACTION UNDO
[2016.03.26-13.27.23:849][214]LogEditorTransaction: Undo Move Actors
[2016.03.26-13.27.50:007][211]Cmd: TRANSACTION UNDO
[2016.03.26-13.27.50:007][211]LogEditorTransaction: Undo Move Actors
[2016.03.26-13.27.50:577][230]Cmd: TRANSACTION UNDO
[2016.03.26-13.27.50:577][230]LogEditorTransaction: Undo Move Actors
[2016.03.26-13.27.53:965][360]Cmd: TRANSACTION UNDO
[2016.03.26-13.27.53:965][360]LogEditorTransaction: Undo Move Actors
[2016.03.26-13.28.07:634][894]LogEditorViewport: Clicking on Actor (LMB): StaticMeshActor (Cylinder_Brush5_StaticMesh4)
[2016.03.26-13.28.17:115][271]LogEditorViewport: Clicking on Actor (LMB): StaticMeshActor (Cylinder_Brush5_StaticMesh3)
[2016.03.26-13.28.22:475][483]LogUnrealMath: Expression Error : Unrecognized Operator
[2016.03.26-13.28.40:720][211]LogEditorViewport: Clicking on Actor (LMB): StaticMeshActor (Cylinder_Brush6_StaticMesh4)
[2016.03.26-13.29.03:631][146]LogEditorViewport: Clicking on Actor (LMB): StaticMeshActor (Cylinder_Brush5_StaticMesh4)
[2016.03.26-13.30.28:744][393]LogSavePackage: Save=1065.655151ms
[2016.03.26-13.30.28:744][393]LogSavePackage: Moving '../../../../../../Users/Emerson/Documents/GitHub/killer-self/KillerSelf/Saved/Map12_Auto132ACBB444A6ED4B5B4FD62A4C858D84D.tmp' to '../../../../../../Users/Emerson/Documents/GitHub/killer-self/KillerSelf/Saved/Autosaves/Game/Maps/Map12_Auto1.umap'
[2016.03.26-13.30.28:747][393]LogSavePackage: Total save time: 1082.002688ms
[2016.03.26-13.30.28:747][393]LogSavePackage:Display: Finished SavePackage ../../../../../../Users/Emerson/Documents/GitHub/killer-self/KillerSelf/Saved/Autosaves/Game/Maps/Map12_Auto1.umap
[2016.03.26-13.30.28:759][393]LogFileHelpers: Editor autosave (incl. sublevels) for '/Game/Maps/Map12' took 1.139
[2016.03.26-13.30.28:759][393]LogFileHelpers: Editor autosave (incl. sublevels) for all levels took 1.139
[2016.03.26-13.32.26:152][ 22]Cmd: OBJ SAVEPACKAGE PACKAGE="/Game/Maps/Map12" FILE="../../../../../../Users/Emerson/Documents/GitHub/killer-self/KillerSelf/Content/Maps/Map12.umap" SILENT=true AUTOSAVING=false KEEPDIRTY=false
[2016.03.26-13.32.26:473][ 22]LogSavePackage: Save=264.786346ms
[2016.03.26-13.32.26:473][ 22]LogSavePackage: Moving '../../../../../../Users/Emerson/Documents/GitHub/killer-self/KillerSelf/Saved/Map12769325A5410F8A0E3D5F1B91578A499B.tmp' to '../../../../../../Users/Emerson/Documents/GitHub/killer-self/KillerSelf/Content/Maps/Map12.umap'
[2016.03.26-13.32.26:477][ 22]LogSavePackage: Total save time: 274.286266ms
[2016.03.26-13.32.26:477][ 22]LogSavePackage:Display: Finished SavePackage ../../../../../../Users/Emerson/Documents/GitHub/killer-self/KillerSelf/Content/Maps/Map12.umap
[2016.03.26-13.32.46:590][726]Cmd: MAP LOAD FILE="../../../../../../Users/Emerson/Documents/GitHub/killer-self/KillerSelf/Content/StarterContent/Maps/StarterMap.umap" TEMPLATE=0 SHOWPROGRESS=1 FEATURELEVEL=3
[2016.03.26-13.32.46:611][726]LightingResults: New page: Lighting Build
[2016.03.26-13.32.46:635][726]LoadErrors: New page: Loading map: StarterMap.umap
[2016.03.26-13.32.46:637][726]MapCheck: New page: Map Check
[2016.03.26-13.32.46:637][726]LightingResults: New page: Lighting Build
[2016.03.26-13.32.46:668][726]LogParticles: Destroying 0 GPU particle simulations for FXSystem 0x0000021447595300
[2016.03.26-13.32.55:399][726]LogAIModule: Creating AISystem for world StarterMap
[2016.03.26-13.32.55:565][726]LogEditorServer: Finished looking for orphan Actors (0.000 secs)
[2016.03.26-13.32.55:678][726]Cmd: MAP CHECKDEP NOCLEARLOG
[2016.03.26-13.32.55:910][726]MapCheck: Info Map check complete: 0 Error(s), 0 Warning(s), took 232.689ms to complete.
[2016.03.26-13.32.55:910][726]LogFileHelpers: Loading map 'StarterMap' took 9.322
[2016.03.26-13.32.55:993][727]Cmd: UpdateLandscapeEditorData
[2016.03.26-13.35.16:928][ 73]Cmd: CLOSE_SLATE_MAINFRAME
[2016.03.26-13.35.17:388][ 74]Cmd: QUIT_EDITOR
[2016.03.26-13.35.17:474][ 74]LogWindowsTextInputMethodSystem:Display: IME system now deactivated.
[2016.03.26-13.35.17:474][ 74]LogWindowsTextInputMethodSystem:Display: IME system now deactivated.
[2016.03.26-13.35.17:564][ 74]LogExit: Preparing to exit.
[2016.03.26-13.35.18:657][ 74]LogExit: Editor shut down
[2016.03.26-13.35.18:658][ 74]LogExit: Transaction tracking system shut down
[2016.03.26-13.35.18:662][ 74]LogParticles: Destroying 0 GPU particle simulations for FXSystem 0x000002140225AFC0
[2016.03.26-13.35.18:665][ 74]LogParticles: Destroying 0 GPU particle simulations for FXSystem 0x000002145C03F880
[2016.03.26-13.35.18:665][ 74]LogParticles: Destroying 0 GPU particle simulations for FXSystem 0x0000021462267D80
[2016.03.26-13.35.18:897][ 74]LogExit: Object subsystem successfully closed.
[2016.03.26-13.35.18:917][ 74]LogD3D11RHI: Shutdown
[2016.03.26-13.35.18:917][ 74]LogD3D11RHI: CleanupD3DDevice
[2016.03.26-13.35.19:176][ 74]LogD3D11RHI: ~FD3D11DynamicRHI
[2016.03.26-13.35.19:201][ 74]LogModuleManager: Shutting down and abandoning module CookingStats (199)
[2016.03.26-13.35.19:201][ 74]LogModuleManager: Shutting down and abandoning module CrashTracker (198)
[2016.03.26-13.35.19:201][ 74]LogModuleManager: Shutting down and abandoning module SceneOutliner (197)
[2016.03.26-13.35.19:201][ 74]LogModuleManager: Shutting down and abandoning module SuperSearch (196)
[2016.03.26-13.35.19:201][ 74]LogModuleManager: Shutting down and abandoning module WidgetCarousel (195)
[2016.03.26-13.35.19:201][ 74]LogModuleManager: Shutting down and abandoning module AddContentDialog (194)
[2016.03.26-13.35.19:203][ 74]LogModuleManager: Shutting down and abandoning module EditorWidgets (193)
[2016.03.26-13.35.19:203][ 74]LogModuleManager: Shutting down and abandoning module CollectionManager (192)
[2016.03.26-13.35.19:203][ 74]LogModuleManager: Shutting down and abandoning module StatsViewer (191)
[2016.03.26-13.35.19:203][ 74]LogModuleManager: Shutting down and abandoning module FoliageEdit (190)
[2016.03.26-13.35.19:203][ 74]LogModuleManager: Shutting down and abandoning module LandscapeEditor (189)
[2016.03.26-13.35.19:203][ 74]LogModuleManager: Shutting down and abandoning module ActorPickerMode (188)
[2016.03.26-13.35.19:203][ 74]LogModuleManager: Shutting down and abandoning module GeometryMode (187)
[2016.03.26-13.35.19:203][ 74]LogModuleManager: Shutting down and abandoning module TextureAlignMode (186)
[2016.03.26-13.35.19:203][ 74]LogModuleManager: Shutting down and abandoning module BspMode (185)
[2016.03.26-13.35.19:203][ 74]LogModuleManager: Shutting down and abandoning module PlacementMode (184)
[2016.03.26-13.35.19:203][ 74]LogModuleManager: Shutting down and abandoning module AutomationWorker (183)
[2016.03.26-13.35.19:203][ 74]LogModuleManager: Shutting down and abandoning module CharacterAI (182)
[2016.03.26-13.35.19:203][ 74]LogModuleManager: Shutting down and abandoning module SmartSnapping (181)
[2016.03.26-13.35.19:203][ 74]LogModuleManager: Shutting down and abandoning module ViewportSnapping (180)
[2016.03.26-13.35.19:203][ 74]LogModuleManager: Shutting down and abandoning module LogVisualizer (179)
[2016.03.26-13.35.19:204][ 74]LogModuleManager: Shutting down and abandoning module GameProjectGeneration (178)
[2016.03.26-13.35.19:204][ 74]LogModuleManager: Shutting down and abandoning module IntroTutorials (177)
[2016.03.26-13.35.19:204][ 74]LogModuleManager: Shutting down and abandoning module EditorLiveStreaming (176)
[2016.03.26-13.35.19:204][ 74]LogModuleManager: Shutting down and abandoning module IOSPlatformEditor (175)
[2016.03.26-13.35.19:204][ 74]LogModuleManager: Shutting down and abandoning module HTML5PlatformEditor (174)
[2016.03.26-13.35.19:204][ 74]LogModuleManager: Shutting down and abandoning module AndroidDeviceDetection (173)
[2016.03.26-13.35.19:287][ 74]LogModuleManager: Shutting down and abandoning module AndroidPlatformEditor (172)
[2016.03.26-13.35.19:287][ 74]LogModuleManager: Shutting down and abandoning module IOSRuntimeSettings (171)
[2016.03.26-13.35.19:287][ 74]LogModuleManager: Shutting down and abandoning module AndroidRuntimeSettings (170)
[2016.03.26-13.35.19:287][ 74]LogModuleManager: Shutting down and abandoning module MergeActors (169)
[2016.03.26-13.35.19:287][ 74]LogModuleManager: Shutting down and abandoning module SizeMap (168)
[2016.03.26-13.35.19:287][ 74]LogModuleManager: Shutting down and abandoning module TreeMap (167)
[2016.03.26-13.35.19:287][ 74]LogModuleManager: Shutting down and abandoning module ReferenceViewer (166)
[2016.03.26-13.35.19:287][ 74]LogModuleManager: Shutting down and abandoning module LocalizationService (165)
[2016.03.26-13.35.19:287][ 74]LogModuleManager: Shutting down and abandoning module LocalizationDashboard (164)
[2016.03.26-13.35.19:287][ 74]LogModuleManager: Shutting down and abandoning module HardwareTargeting (163)
[2016.03.26-13.35.19:287][ 74]LogModuleManager: Shutting down and abandoning module DeviceProfileEditor (162)
[2016.03.26-13.35.19:287][ 74]LogModuleManager: Shutting down and abandoning module UndoHistory (161)
[2016.03.26-13.35.19:287][ 74]LogModuleManager: Shutting down and abandoning module GameplayTagsEditor (160)
[2016.03.26-13.35.19:287][ 74]LogModuleManager: Shutting down and abandoning module UserFeedback (159)
[2016.03.26-13.35.19:287][ 74]LogModuleManager: Shutting down and abandoning module XmlParser (158)
[2016.03.26-13.35.19:287][ 74]LogModuleManager: Shutting down and abandoning module Blutility (157)
[2016.03.26-13.35.19:287][ 74]LogModuleManager: Shutting down and abandoning module ProjectTargetPlatformEditor (156)
[2016.03.26-13.35.19:288][ 74]LogModuleManager: Shutting down and abandoning module ProjectSettingsViewer (155)
[2016.03.26-13.35.19:288][ 74]LogModuleManager: Shutting down and abandoning module InputBindingEditor (154)
[2016.03.26-13.35.19:288][ 74]LogModuleManager: Shutting down and abandoning module EditorSettingsViewer (153)
[2016.03.26-13.35.19:288][ 74]LogModuleManager: Shutting down and abandoning module SettingsEditor (152)
[2016.03.26-13.35.19:288][ 74]LogModuleManager: Shutting down and abandoning module ProjectLauncher (151)
[2016.03.26-13.35.19:288][ 74]LogModuleManager: Shutting down and abandoning module SessionFrontend (150)
[2016.03.26-13.35.19:288][ 74]LogModuleManager: Shutting down and abandoning module ProfilerClient (149)
[2016.03.26-13.35.19:288][ 74]LogModuleManager: Shutting down and abandoning module TargetDeviceServices (148)
[2016.03.26-13.35.19:288][ 74]LogModuleManager: Shutting down and abandoning module DeviceManager (147)
[2016.03.26-13.35.19:288][ 74]LogModuleManager: Shutting down and abandoning module AutomationController (146)
[2016.03.26-13.35.19:288][ 74]LogModuleManager: Shutting down and abandoning module AutomationWindow (145)
[2016.03.26-13.35.19:288][ 74]LogModuleManager: Shutting down and abandoning module Layers (144)
[2016.03.26-13.35.19:288][ 74]LogModuleManager: Shutting down and abandoning module ComponentVisualizers (143)
[2016.03.26-13.35.19:288][ 74]LogModuleManager: Shutting down and abandoning module DetailCustomizations (142)
[2016.03.26-13.35.19:288][ 74]LogModuleManager: Shutting down and abandoning module PackagesDialog (141)
[2016.03.26-13.35.19:288][ 74]LogModuleManager: Shutting down and abandoning module Persona (140)
[2016.03.26-13.35.19:289][ 74]LogModuleManager: Shutting down and abandoning module Kismet (139)
[2016.03.26-13.35.19:289][ 74]LogModuleManager: Shutting down and abandoning module GraphEditor (138)
[2016.03.26-13.35.19:289][ 74]LogModuleManager: Shutting down and abandoning module ClassViewer (137)
[2016.03.26-13.35.19:289][ 74]LogModuleManager: Shutting down and abandoning module Toolbox (136)
[2016.03.26-13.35.19:289][ 74]LogModuleManager: Shutting down and abandoning module ModuleUI (135)
[2016.03.26-13.35.19:289][ 74]LogModuleManager: Shutting down and abandoning module MovieSceneTools (134)
[2016.03.26-13.35.19:289][ 74]LogModuleManager: Shutting down and abandoning module OutputLog (133)
[2016.03.26-13.35.19:289][ 74]LogModuleManager: Shutting down and abandoning module GammaUI (132)
[2016.03.26-13.35.19:289][ 74]LogModuleManager: Shutting down and abandoning module Documentation (131)
[2016.03.26-13.35.19:289][ 74]LogModuleManager: Shutting down and abandoning module GameLiveStreaming (130)
[2016.03.26-13.35.19:289][ 74]LogModuleManager: Shutting down and abandoning module StreamingPauseRendering (129)
[2016.03.26-13.35.19:289][ 74]LogModuleManager: Shutting down and abandoning module AnalyticsET (128)
[2016.03.26-13.35.19:289][ 74]LogModuleManager: Shutting down and abandoning module Analytics (127)
[2016.03.26-13.35.19:289][ 74]LogModuleManager: Shutting down and abandoning module AITestSuite (126)
[2016.03.26-13.35.19:289][ 74]LogModuleManager: Shutting down and abandoning module GameplayDebugger (125)
[2016.03.26-13.35.19:289][ 74]LogModuleManager: Shutting down and abandoning module AIModule (124)
[2016.03.26-13.35.19:289][ 74]LogModuleManager: Shutting down and abandoning module ProfilerService (123)
[2016.03.26-13.35.19:325][ 74]LogModuleManager: Shutting down and abandoning module TaskGraph (122)
[2016.03.26-13.35.19:325][ 74]LogModuleManager: Shutting down and abandoning module SlateRemote (121)
[2016.03.26-13.35.19:325][ 74]LogModuleManager: Shutting down and abandoning module SteamVRController (120)
[2016.03.26-13.35.19:325][ 74]LogModuleManager: Shutting down and abandoning module SteamVR (119)
[2016.03.26-13.35.19:325][ 74]LogModuleManager: Shutting down and abandoning module ProceduralMeshComponent (118)
[2016.03.26-13.35.19:325][ 74]LogModuleManager: Shutting down and abandoning module OculusLibrary (117)
[2016.03.26-13.35.19:325][ 74]LogModuleManager: Shutting down and abandoning module OculusInput (116)
[2016.03.26-13.35.19:325][ 74]LogModuleManager: Shutting down and abandoning module LeapMotionController (115)
[2016.03.26-13.35.19:357][ 74]LogModuleManager: Shutting down and abandoning module CustomMeshComponent (114)
[2016.03.26-13.35.19:357][ 74]LogModuleManager: Shutting down and abandoning module CableComponent (113)
[2016.03.26-13.35.19:358][ 74]LogModuleManager: Shutting down and abandoning module ArchVisCharacter (112)
[2016.03.26-13.35.19:358][ 74]LogModuleManager: Shutting down and abandoning module MessagingDebugger (111)
[2016.03.26-13.35.19:358][ 74]LogModuleManager: Shutting down and abandoning module MediaPlayerEditor (110)
[2016.03.26-13.35.19:358][ 74]LogModuleManager: Shutting down and abandoning module HTML5Networking (109)
[2016.03.26-13.35.19:358][ 74]LogModuleManager: Shutting down and abandoning module SpeedTreeImporter (108)
[2016.03.26-13.35.19:358][ 74]LogModuleManager: Shutting down and abandoning module PluginBrowser (107)
[2016.03.26-13.35.19:358][ 74]LogModuleManager: Shutting down and abandoning module EpicSurvey (106)
[2016.03.26-13.35.19:358][ 74]LogModuleManager: Shutting down and abandoning module DesktopPlatform (105)
[2016.03.26-13.35.19:358][ 74]LogModuleManager: Shutting down and abandoning module VisualStudioSourceCodeAccess (104)
[2016.03.26-13.35.19:358][ 74]LogModuleManager: Shutting down and abandoning module UObjectPlugin (103)
[2016.03.26-13.35.19:358][ 74]LogModuleManager: Shutting down and abandoning module SubversionSourceControl (102)
[2016.03.26-13.35.19:358][ 74]LogModuleManager: Shutting down and abandoning module PerforceSourceControl (101)
[2016.03.26-13.35.19:358][ 74]LogModuleManager: Shutting down and abandoning module SourceControl (100)
[2016.03.26-13.35.19:358][ 74]LogModuleManager: Shutting down and abandoning module GitSourceControl (99)
[2016.03.26-13.35.19:358][ 74]LogModuleManager: Shutting down and abandoning module LightPropagationVolumeEditor (98)
[2016.03.26-13.35.19:358][ 74]LogModuleManager: Shutting down and abandoning module PaperTiledImporter (97)
[2016.03.26-13.35.19:358][ 74]LogModuleManager: Shutting down and abandoning module PaperSpriteSheetImporter (96)
[2016.03.26-13.35.19:358][ 74]LogModuleManager: Shutting down and abandoning module MeshPaint (95)
[2016.03.26-13.35.19:358][ 74]LogModuleManager: Shutting down and abandoning module SlateReflector (94)
[2016.03.26-13.35.19:358][ 74]LogModuleManager: Shutting down and abandoning module HotReload (93)
[2016.03.26-13.35.19:358][ 74]LogModuleManager: Shutting down and abandoning module MainFrame (92)
[2016.03.26-13.35.19:358][ 74]LogModuleManager: Shutting down and abandoning module LevelEditor (91)
[2016.03.26-13.35.19:359][ 74]LogModuleManager: Shutting down and abandoning module DirectoryWatcher (90)
[2016.03.26-13.35.19:360][ 74]LogModuleManager: Shutting down and abandoning module AssetRegistry (89)
[2016.03.26-13.35.19:490][ 74]LogModuleManager: Shutting down and abandoning module ContentBrowser (88)
[2016.03.26-13.35.19:491][ 74]LogModuleManager: Shutting down and abandoning module Paper2DEditor (87)
[2016.03.26-13.35.19:491][ 74]LogModuleManager: Shutting down and abandoning module UdpMessaging (86)
[2016.03.26-13.35.19:592][ 74]LogModuleManager: Shutting down and abandoning module LightPropagationVolumeRuntime (85)
[2016.03.26-13.35.19:592][ 74]LogModuleManager: Shutting down and abandoning module Paper2D (84)
[2016.03.26-13.35.19:592][ 74]LogModuleManager: Shutting down and abandoning module WindowsMoviePlayer (83)
[2016.03.26-13.35.19:598][ 74]LogModuleManager: Shutting down and abandoning module Media (82)
[2016.03.26-13.35.19:598][ 74]LogModuleManager: Shutting down and abandoning module WmfMedia (81)
[2016.03.26-13.35.19:598][ 74]LogModuleManager: Shutting down and abandoning module OnlineBlueprintSupport (80)
[2016.03.26-13.35.19:598][ 74]LogModuleManager: Shutting down and abandoning module GameplayTasksEditor (79)
[2016.03.26-13.35.19:598][ 74]LogModuleManager: Shutting down and abandoning module PropertyEditor (78)
[2016.03.26-13.35.19:598][ 74]LogModuleManager: Shutting down and abandoning module BehaviorTreeEditor (77)
[2016.03.26-13.35.19:598][ 74]LogModuleManager: Shutting down and abandoning module FunctionalTesting (76)
[2016.03.26-13.35.19:598][ 74]LogModuleManager: Shutting down and abandoning module CollisionAnalyzer (75)
[2016.03.26-13.35.19:598][ 74]LogModuleManager: Shutting down and abandoning module WorkspaceMenuStructure (74)
[2016.03.26-13.35.19:598][ 74]LogModuleManager: Shutting down and abandoning module MessageLog (73)
[2016.03.26-13.35.19:598][ 74]LogModuleManager: Shutting down and abandoning module Sequencer (72)
[2016.03.26-13.35.19:598][ 74]LogModuleManager: Shutting down and abandoning module AssetTools (71)
[2016.03.26-13.35.19:598][ 74]LogModuleManager: Shutting down and abandoning module UMGEditor (70)
[2016.03.26-13.35.19:598][ 74]LogModuleManager: Shutting down and abandoning module UMG (69)
[2016.03.26-13.35.19:598][ 74]LogModuleManager: Shutting down and abandoning module Slate (68)
[2016.03.26-13.35.19:598][ 74]LogModuleManager: Shutting down and abandoning module EditorStyle (67)
[2016.03.26-13.35.19:602][ 74]LogModuleManager: Shutting down and abandoning module SessionServices (66)
[2016.03.26-13.35.19:602][ 74]LogModuleManager: Shutting down and abandoning module SourceCodeAccess (65)
[2016.03.26-13.35.19:602][ 74]LogModuleManager: Shutting down and abandoning module HeadMountedDisplay (64)
[2016.03.26-13.35.19:602][ 74]LogModuleManager: Shutting down and abandoning module XAudio2 (63)
[2016.03.26-13.35.19:602][ 74]LogModuleManager: Shutting down and abandoning module Networking (61)
[2016.03.26-13.35.19:602][ 74]LogModuleManager: Shutting down and abandoning module Core (60)
[2016.03.26-13.35.19:602][ 74]LogModuleManager: Shutting down and abandoning module KismetCompiler (59)
[2016.03.26-13.35.19:602][ 74]LogModuleManager: Shutting down and abandoning module PhysXFormats (58)
[2016.03.26-13.35.19:602][ 74]LogModuleManager: Shutting down and abandoning module MeshUtilities (57)
[2016.03.26-13.35.19:602][ 74]LogModuleManager: Shutting down and abandoning module DerivedDataCache (56)
[2016.03.26-13.35.19:641][ 74]LogDerivedDataCache: Shutdown
[2016.03.26-13.35.19:641][ 74]LogModuleManager: Shutting down and abandoning module ShaderFormatOpenGL (55)
[2016.03.26-13.35.19:641][ 74]LogModuleManager: Shutting down and abandoning module ShaderFormatD3D (54)
[2016.03.26-13.35.19:641][ 74]LogModuleManager: Shutting down and abandoning module MetalShaderFormat (53)
[2016.03.26-13.35.19:641][ 74]LogModuleManager: Shutting down and abandoning module TextureFormatUncompressed (52)
[2016.03.26-13.35.19:641][ 74]LogModuleManager: Shutting down and abandoning module TextureFormatPVR (51)
[2016.03.26-13.35.19:641][ 74]LogModuleManager: Shutting down and abandoning module TextureFormatIntelISPCTexComp (50)
[2016.03.26-13.35.19:641][ 74]LogModuleManager: Shutting down and abandoning module TextureFormatDXT (49)
[2016.03.26-13.35.19:641][ 74]LogModuleManager: Shutting down and abandoning module ImageWrapper (48)
[2016.03.26-13.35.19:641][ 74]LogModuleManager: Shutting down and abandoning module TextureFormatASTC (47)
[2016.03.26-13.35.19:641][ 74]LogModuleManager: Shutting down and abandoning module TextureFormatAndroid (46)
[2016.03.26-13.35.19:641][ 74]LogModuleManager: Shutting down and abandoning module AudioFormatOpus (45)
[2016.03.26-13.35.19:641][ 74]LogModuleManager: Shutting down and abandoning module AudioFormatOgg (44)
[2016.03.26-13.35.19:641][ 74]LogModuleManager: Shutting down and abandoning module AudioFormatADPCM (43)
[2016.03.26-13.35.19:641][ 74]LogModuleManager: Shutting down and abandoning module LinuxTargetPlatform (42)
[2016.03.26-13.35.19:641][ 74]LogModuleManager: Shutting down and abandoning module LinuxServerTargetPlatform (41)
[2016.03.26-13.35.19:641][ 74]LogModuleManager: Shutting down and abandoning module LinuxNoEditorTargetPlatform (40)
[2016.03.26-13.35.19:641][ 74]LogModuleManager: Shutting down and abandoning module Messaging (39)
[2016.03.26-13.35.19:641][ 74]LogModuleManager: Shutting down and abandoning module IOSTargetPlatform (38)
[2016.03.26-13.35.19:641][ 74]LogModuleManager: Shutting down and abandoning module HTML5TargetPlatform (37)
[2016.03.26-13.35.19:641][ 74]LogModuleManager: Shutting down and abandoning module Android_PVRTCTargetPlatform (36)
[2016.03.26-13.35.19:641][ 74]LogModuleManager: Shutting down and abandoning module Android_MultiTargetPlatform (35)
[2016.03.26-13.35.19:641][ 74]LogModuleManager: Shutting down and abandoning module Android_ETC2TargetPlatform (34)
[2016.03.26-13.35.19:641][ 74]LogModuleManager: Shutting down and abandoning module Android_ETC1TargetPlatform (33)
[2016.03.26-13.35.19:641][ 74]LogModuleManager: Shutting down and abandoning module Android_DXTTargetPlatform (32)
[2016.03.26-13.35.19:641][ 74]LogModuleManager: Shutting down and abandoning module Android_ATCTargetPlatform (31)
[2016.03.26-13.35.19:641][ 74]LogModuleManager: Shutting down and abandoning module Android_ASTCTargetPlatform (30)
[2016.03.26-13.35.19:641][ 74]LogModuleManager: Shutting down and abandoning module AndroidTargetPlatform (29)
[2016.03.26-13.35.19:641][ 74]LogModuleManager: Shutting down and abandoning module WindowsTargetPlatform (28)
[2016.03.26-13.35.19:641][ 74]LogModuleManager: Shutting down and abandoning module WindowsServerTargetPlatform (27)
[2016.03.26-13.35.19:641][ 74]LogModuleManager: Shutting down and abandoning module WindowsNoEditorTargetPlatform (26)
[2016.03.26-13.35.19:641][ 74]LogModuleManager: Shutting down and abandoning module WindowsClientTargetPlatform (25)
[2016.03.26-13.35.19:641][ 74]LogModuleManager: Shutting down and abandoning module AllDesktopTargetPlatform (24)
[2016.03.26-13.35.19:641][ 74]LogModuleManager: Shutting down and abandoning module TargetPlatform (23)
[2016.03.26-13.35.19:641][ 74]LogModuleManager: Shutting down and abandoning module InputCore (22)
[2016.03.26-13.35.19:641][ 74]LogModuleManager: Shutting down and abandoning module Settings (21)
[2016.03.26-13.35.19:641][ 74]LogModuleManager: Shutting down and abandoning module OnlineSubsystem (19)
[2016.03.26-13.35.19:641][ 74]LogModuleManager: Shutting down and abandoning module HTTP (18)
[2016.03.26-13.35.21:644][ 74]LogModuleManager: Shutting down and abandoning module XMPP (17)
[2016.03.26-13.35.21:644][ 74]LogModuleManager: Shutting down and abandoning module OculusRift (16)
[2016.03.26-13.35.21:644][ 74]LogModuleManager: Shutting down and abandoning module ExampleDeviceProfileSelector (15)
[2016.03.26-13.35.21:644][ 74]LogModuleManager: Shutting down and abandoning module TextureCompressor (14)
[2016.03.26-13.35.21:645][ 74]LogModuleManager: Shutting down and abandoning module ShaderCore (13)
[2016.03.26-13.35.21:645][ 74]LogModuleManager: Shutting down and abandoning module Landscape (12)
[2016.03.26-13.35.21:645][ 74]LogModuleManager: Shutting down and abandoning module SlateRHIRenderer (11)
[2016.03.26-13.35.21:647][ 74]LogModuleManager: Shutting down and abandoning module OpenGLDrv (10)
[2016.03.26-13.35.21:647][ 74]LogModuleManager: Shutting down and abandoning module D3D11RHI (9)
[2016.03.26-13.35.21:647][ 74]LogModuleManager: Shutting down and abandoning module AnimGraphRuntime (8)
[2016.03.26-13.35.21:647][ 74]LogModuleManager: Shutting down and abandoning module Renderer (7)
[2016.03.26-13.35.21:647][ 74]LogModuleManager: Shutting down and abandoning module Engine (6)
[2016.03.26-13.35.21:647][ 74]LogModuleManager: Shutting down and abandoning module CoreUObject (5)
[2016.03.26-13.35.21:647][ 74]LogModuleManager: Shutting down and abandoning module NetworkFile (4)
[2016.03.26-13.35.21:647][ 74]LogModuleManager: Shutting down and abandoning module StreamingFile (3)
[2016.03.26-13.35.21:647][ 74]LogModuleManager: Shutting down and abandoning module SandboxFile (2)
[2016.03.26-13.35.21:647][ 74]LogModuleManager: Shutting down and abandoning module PakFile (1)
[2016.03.26-13.35.21:649][ 74]LogExit: Exiting.
[2016.03.26-13.35.21:672][ 74]Log file closed, 03/26/16 06:35:21
