[2016.03.26-12.03.54:726][  0]Log file open, 03/26/16 05:03:54
[2016.03.26-12.03.54:726][  0]LogInit:Display: Running engine for game: KillerSelf
[2016.03.26-12.03.54:726][  0]LogPlatformFile: Not using cached read wrapper
[2016.03.26-12.03.54:726][  0]LogInit:Display: RandInit(462449219) SRandInit(462449220).
[2016.03.26-12.03.54:726][  0]LogTaskGraph: Started task graph with 4 named threads and 5 total threads.
[2016.03.26-12.03.54:726][  0]LogStats: Stats thread started at 0.065721
[2016.03.26-12.03.54:726][  0]LogInit: Version: 4.10.4-2872498+++depot+UE4-Releases+4.10
[2016.03.26-12.03.54:726][  0]LogInit: API Version: 2758231
[2016.03.26-12.03.54:726][  0]LogInit: Compiled (64-bit): Feb 18 2016 15:47:04
[2016.03.26-12.03.54:726][  0]LogInit: Compiled with Visual C++: 19.00.23026.00
[2016.03.26-12.03.54:726][  0]LogInit: Build Configuration: Development
[2016.03.26-12.03.54:726][  0]LogInit: Branch Name: ++depot+UE4-Releases+4.10
[2016.03.26-12.03.54:726][  0]LogInit: Command line: -EpicPortal 
[2016.03.26-12.03.54:726][  0]LogInit: Base directory: C:/Program Files (x86)/Epic Games/4.10/Engine/Binaries/Win64/
[2016.03.26-12.03.54:726][  0]LogInit: Rocket: 1
[2016.03.26-12.03.54:735][  0]LogInit: Using libcurl 7.41.0
[2016.03.26-12.03.54:735][  0]LogInit:  - built for x86_64-pc-win32
[2016.03.26-12.03.54:735][  0]LogInit:  - supports SSL with WinSSL
[2016.03.26-12.03.54:735][  0]LogInit:  - other features:
[2016.03.26-12.03.54:735][  0]LogInit:      CURL_VERSION_SSL
[2016.03.26-12.03.54:735][  0]LogInit:      CURL_VERSION_IPV6
[2016.03.26-12.03.54:735][  0]LogInit:      CURL_VERSION_ASYNCHDNS
[2016.03.26-12.03.54:735][  0]LogInit:      CURL_VERSION_LARGEFILE
[2016.03.26-12.03.54:735][  0]LogInit:      CURL_VERSION_IDN
[2016.03.26-12.03.54:735][  0]LogInit:  CurlRequestOptions (configurable via config and command line):
[2016.03.26-12.03.54:735][  0]LogInit:  - bVerifyPeer = true  - Libcurl will verify peer certificate
[2016.03.26-12.03.54:735][  0]LogInit:  - bUseHttpProxy = false  - Libcurl will NOT use HTTP proxy
[2016.03.26-12.03.54:735][  0]LogInit:  - bDontReuseConnections = false  - Libcurl will reuse connections
[2016.03.26-12.03.54:735][  0]LogInit:  - CertBundlePath = nullptr  - Libcurl will use whatever was configured at build time.
[2016.03.26-12.03.54:745][  0]LogInit: Presizing for 0 objects not considered by GC, pre-allocating 0 bytes.
[2016.03.26-12.03.54:751][  0]LogInit: Object subsystem initialized
[2016.03.26-12.03.54:752][  0]LogInit: Selected Device Profile: [Windows]
[2016.03.26-12.03.54:752][  0]LogInit: Applying CVar settings loaded from the selected device profile: [Windows]
[2016.03.26-12.03.54:764][  0]LogInit: Computer: BEZLYLAPTOP
[2016.03.26-12.03.54:764][  0]LogInit: User: Emerson
[2016.03.26-12.03.54:764][  0]LogInit: CPU Page size=4096, Cores=2
[2016.03.26-12.03.54:764][  0]LogInit: High frequency timer resolution =2.338338 MHz
[2016.03.26-12.03.54:765][  0]LogMemory: Memory total: Physical=7.9GB (8GB approx)
[2016.03.26-12.03.54:765][  0]LogMemory: Platform Memory Stats for Windows
[2016.03.26-12.03.54:765][  0]LogMemory: Process Physical Memory: 55.89 MB used, 55.89 MB peak
[2016.03.26-12.03.54:765][  0]LogMemory: Process Virtual Memory: 57.52 MB used, 57.52 MB peak
[2016.03.26-12.03.54:765][  0]LogMemory: Physical Memory: 3941.49 MB used, 8122.15 MB total
[2016.03.26-12.03.54:765][  0]LogMemory: Virtual Memory: 382.73 MB used, 134217728.00 MB total
[2016.03.26-12.03.54:807][  0]LogTextLocalizationManager: No specific translations for ('en-US') exist, so ('en') translations will be used.
[2016.03.26-12.03.55:474][  0]LogD3D11RHI: Found D3D11 adapter 0: Intel(R) HD Graphics Family (Feature Level 11_0)
[2016.03.26-12.03.55:474][  0]LogD3D11RHI: Adapter has 112MB of dedicated video memory, 0MB of dedicated system memory, and 4061MB of shared system memory, 1 output[s]
[2016.03.26-12.03.55:477][  0]LogD3D11RHI: Found D3D11 adapter 1: Microsoft Basic Render Driver (Feature Level 11_0)
[2016.03.26-12.03.55:477][  0]LogD3D11RHI: Adapter has 0MB of dedicated video memory, 0MB of dedicated system memory, and 4061MB of shared system memory, 0 output[s]
[2016.03.26-12.03.55:477][  0]LogD3D11RHI: Chosen D3D11 Adapter Id = 0
[2016.03.26-12.03.55:486][  0]LogD3D11RHI: !Direct3DDevice
[2016.03.26-12.03.55:486][  0]LogRHI: Texture pool is 1361 MB (70% of 1945 MB)
[2016.03.26-12.03.55:501][  0]LogD3D11RHI: Async texture creation enabled
[2016.03.26-12.03.55:507][  0]LogShaderCompilers: Guid format shader working directory is -24 characters bigger than the processId version (../../../../../../Users/Emerson/Documents/GitHub/killer-self/KillerSelf/Intermediate/Shaders/WorkingDirectory/28516/).
[2016.03.26-12.03.55:507][  0]LogShaderCompilers: Cleaned the shader compiler working directory 'C:/Users/Emerson/AppData/Local/Temp/UnrealShaderWorkingDir/5B00262148A0BA3D1AB55FAAE1769263/'.
[2016.03.26-12.03.55:507][  0]LogShaderCompilers:Display: Using Local Shader Compiler.
[2016.03.26-12.03.56:638][  0]LogTemp:Display: Loaded TP AllDesktopTargetPlatform
[2016.03.26-12.03.56:644][  0]LogTemp:Display: Loaded TP WindowsClientTargetPlatform
[2016.03.26-12.03.56:652][  0]LogTemp:Display: Loaded TP WindowsNoEditorTargetPlatform
[2016.03.26-12.03.56:660][  0]LogTemp:Display: Loaded TP WindowsServerTargetPlatform
[2016.03.26-12.03.56:665][  0]LogTemp:Display: Loaded TP WindowsTargetPlatform
[2016.03.26-12.03.56:669][  0]LogTemp:Display: Loaded TP AndroidTargetPlatform
[2016.03.26-12.03.56:672][  0]LogTemp:Display: Loaded TP Android_ASTCTargetPlatform
[2016.03.26-12.03.56:676][  0]LogTemp:Display: Loaded TP Android_ATCTargetPlatform
[2016.03.26-12.03.56:679][  0]LogTemp:Display: Loaded TP Android_DXTTargetPlatform
[2016.03.26-12.03.56:683][  0]LogTemp:Display: Loaded TP Android_ETC1TargetPlatform
[2016.03.26-12.03.56:689][  0]LogTemp:Display: Loaded TP Android_ETC2TargetPlatform
[2016.03.26-12.03.56:698][  0]LogTemp:Display: Loaded TP Android_MultiTargetPlatform
[2016.03.26-12.03.56:698][  0]LogTemp:Display: Loaded TP Android_PVRTCTargetPlatform
[2016.03.26-12.03.56:699][  0]LogTemp:Display: Loaded TP HTML5TargetPlatform
[2016.03.26-12.03.56:716][  0]LogTemp:Display: Loaded TP IOSTargetPlatform
[2016.03.26-12.03.56:721][  0]LogTemp:Display: Loaded TP LinuxNoEditorTargetPlatform
[2016.03.26-12.03.56:725][  0]LogTemp:Display: Loaded TP LinuxServerTargetPlatform
[2016.03.26-12.03.56:729][  0]LogTemp:Display: Loaded TP LinuxTargetPlatform
[2016.03.26-12.03.56:729][  0]LogTargetPlatformManager:Display: Building Assets For Windows
[2016.03.26-12.03.56:829][  0]LogDerivedDataCache:Display: Max Cache Size: 512 MB
[2016.03.26-12.03.56:897][  0]LogDerivedDataCache: Loaded boot cache 0.07s 41MB C:/Users/Emerson/AppData/Local/UnrealEngine/4.10/DerivedDataCache/Boot.ddc.
[2016.03.26-12.03.56:897][  0]LogDerivedDataCache:Display: Loaded Boot cache: C:/Users/Emerson/AppData/Local/UnrealEngine/4.10/DerivedDataCache/Boot.ddc
[2016.03.26-12.03.56:897][  0]LogDerivedDataCache: FDerivedDataBackendGraph:  Pak pak cache file ../../../../../../Users/Emerson/Documents/GitHub/killer-self/KillerSelf/DerivedDataCache/DDC.ddp not found, will not use a pak cache.
[2016.03.26-12.03.56:897][  0]LogDerivedDataCache: Unable to find inner node Pak for hierarchical cache Hierarchy.
[2016.03.26-12.03.56:897][  0]LogDerivedDataCache: FDerivedDataBackendGraph:  CompressedPak pak cache file ../../../../../../Users/Emerson/Documents/GitHub/killer-self/KillerSelf/DerivedDataCache/Compressed.ddp not found, will not use a pak cache.
[2016.03.26-12.03.56:897][  0]LogDerivedDataCache: Unable to find inner node CompressedPak for hierarchical cache Hierarchy.
[2016.03.26-12.03.56:977][  0]LogDerivedDataCache:Display: Pak cache opened for reading ../../../Engine/DerivedDataCache/Compressed.ddp.
[2016.03.26-12.03.56:988][  0]LogDerivedDataCache: Using Local data cache path C:/Users/Emerson/AppData/Local/UnrealEngine/Common/DerivedDataCache: Writable
[2016.03.26-12.03.57:278][  0]LogInit: Selected Device Profile: [Windows]
[2016.03.26-12.03.57:283][  0]LogContentStreaming: Texture pool size is 0.000000MB
[2016.03.26-12.03.57:435][  0]LogMeshUtilities: No automatic mesh reduction module available
[2016.03.26-12.03.57:435][  0]LogMeshUtilities: No automatic mesh merging module available
[2016.03.26-12.03.57:721][  0]LogInit: WinSock: version 1.1 (2.2), MaxSocks=32767, MaxUdp=65467
[2016.03.26-12.03.58:691][  0]UdpMessaging: Initializing bridge on interface 0.0.0.0:0 to multicast group 230.0.0.1:6666.
[2016.03.26-12.03.58:794][  0]LogAssetRegistry: FAssetRegistry took 0.0111 seconds to start up
[2016.03.26-12.03.59:049][  0]SourceControl: Info Source control is disabled
[2016.03.26-12.03.59:114][  0]SourceControl: Info Source control is disabled
[2016.03.26-12.03.59:134][  0]SourceControl: Info Source control is disabled
[2016.03.26-12.03.59:147][  0]SourceControl: Info Source control is disabled
[2016.03.26-12.03.59:440][  0]LogObj: 28633 objects as part of root set at end of initial load.
[2016.03.26-12.03.59:440][  0]LogUObjectAllocator: 6099752 out of 0 bytes used by permanent object pool.
[2016.03.26-12.03.59:505][  0]LogEngine: Initializing Engine...
[2016.03.26-12.03.59:508][  0]LogHMD: Can't find Oculus library dev build: is proper Runtime installed? Version: 0.8.0.0
[2016.03.26-12.03.59:509][  0]LogHMD: SteamVR failed to initialize.  Err: 110
[2016.03.26-12.03.59:653][  0]LogAIModule: Creating AISystem for world NewWorld
[2016.03.26-12.03.59:660][  0]LogInit: XAudio2 using 'Speakers (Razer Banshee)' : 2 channels at 44.1 kHz using 16 bits per sample (channel mask 0x3)
[2016.03.26-12.03.59:669][  0]LogInit: FAudioDevice initialized.
[2016.03.26-12.03.59:697][  0]LogDerivedDataCache: Saved boot cache 0.03s 41MB C:/Users/Emerson/AppData/Local/UnrealEngine/4.10/DerivedDataCache/Boot.ddc.
[2016.03.26-12.03.59:703][  0]LogInit: Texture streaming: Enabled
[2016.03.26-12.03.59:710][  0]LogAnalytics: Creating configured Analytics provider AnalyticsET
[2016.03.26-12.03.59:710][  0]LogAnalytics: [UEEditor.Rocket.Release] APIServer = http://et2.epicgames.com/ET2/. AppVersion = 4.10.4-2872498+++depot+UE4-Releases+4.10
[2016.03.26-12.03.59:710][  0]LogAnalytics: [UEEditor.Rocket.Release] SetUserId 480e4fc44221435044fe96a3e079de87|0c01ec0cd245479aaa1aee815a2d9699|d08f0b52-5654-4d4f-a336-4f408988900c
[2016.03.26-12.03.59:710][  0]LogAnalytics: [UEEditor.Rocket.Release] AnalyticsET::StartSession
[2016.03.26-12.03.59:726][  0]LogInit: Transaction tracking system initialized
[2016.03.26-12.03.59:764][  0]BlueprintLog: New page: Editor Load
[2016.03.26-12.03.59:875][  0]LocalizationService: Info Localization service is disabled
[2016.03.26-12.04.00:159][  0]LogConsoleResponse:Display: 
[2016.03.26-12.04.00:333][  0]LogCook:Display: Done creating registry. It took  0.00s.
[2016.03.26-12.04.00:418][  0]LogFileCache: Scanning file cache for directory 'C:/Users/Emerson/Documents/GitHub/killer-self/KillerSelf/Content/' took 0.04s
[2016.03.26-12.04.00:418][  0]SourceControl: Info Source control is disabled
[2016.03.26-12.04.00:418][  0]Cmd: MAP LOAD FILE="../../../../../../Users/Emerson/Documents/GitHub/killer-self/KillerSelf/Content/FirstPersonBP/Maps/FirstPersonExampleMap.umap" TEMPLATE=0 SHOWPROGRESS=1 FEATURELEVEL=3
[2016.03.26-12.04.00:419][  0]LightingResults: New page: Lighting Build
[2016.03.26-12.04.00:423][  0]MapCheck: New page: Map Check
[2016.03.26-12.04.00:423][  0]LightingResults: New page: Lighting Build
[2016.03.26-12.04.00:445][  0]LogParticles: Destroying 0 GPU particle simulations for FXSystem 0x000002C081DD2160
[2016.03.26-12.04.00:669][  0]LogLinker:Warning: Asset '../../../../../../Users/Emerson/Documents/GitHub/killer-self/KillerSelf/Content/FirstPerson/Meshes/FirstPersonProjectileMesh.uasset' has been saved with empty engine version. The asset will be loaded but may be incompatible.
[2016.03.26-12.04.00:936][  0]LogLinker:Warning: Can't find file '/Game/FirstPersonBP/Blueprints/bodyMesh'
[2016.03.26-12.04.00:936][  0]LogLinker:Warning: Can't find file for asset '/Game/FirstPersonBP/Blueprints/bodyMesh' while loading ../../../../../../Users/Emerson/Documents/GitHub/killer-self/KillerSelf/Content/FirstPersonBP/Maps/FirstPersonExampleMap.umap.
[2016.03.26-12.04.00:936][  0]LoadErrors:Error: Error /Game/FirstPersonBP/Maps/FirstPersonExampleMap : Can't find file for asset. /Game/FirstPersonBP/Blueprints/bodyMesh
[2016.03.26-12.04.00:938][  0]LogLinker:Warning: Can't find file '/Game/FirstPersonBP/Blueprints/bodyMesh'
[2016.03.26-12.04.00:939][  0]LogLinker:Warning: Can't find file for asset '/Game/FirstPersonBP/Blueprints/bodyMesh' while loading ../../../../../../Users/Emerson/Documents/GitHub/killer-self/KillerSelf/Content/FirstPersonBP/Maps/FirstPersonExampleMap.umap.
[2016.03.26-12.04.00:939][  0]LoadErrors:Error: Error /Game/FirstPersonBP/Maps/FirstPersonExampleMap : Can't find file for asset. /Game/FirstPersonBP/Blueprints/bodyMesh
[2016.03.26-12.04.00:940][  0]LogLinker:Warning: Can't find file '/Game/FirstPersonBP/Blueprints/bodyMesh'
[2016.03.26-12.04.00:940][  0]LogLinker:Warning: Can't find file for asset '/Game/FirstPersonBP/Blueprints/bodyMesh' while loading NULL.
[2016.03.26-12.04.00:940][  0]LogLinker:Warning: Can't find file '/Game/FirstPersonBP/Blueprints/bodyMesh'
[2016.03.26-12.04.00:941][  0]LogLinker:Warning: Can't find file for asset '/Game/FirstPersonBP/Blueprints/bodyMesh' while loading NULL.
[2016.03.26-12.04.00:960][  0]LogLinker:Warning: Can't find file '/Game/FirstPersonBP/Blueprints/bodyMesh'
[2016.03.26-12.04.00:960][  0]LoadErrors: Info Failed to load /Game/FirstPersonBP/Blueprints/bodyMesh.bodyMesh Referenced by FirstPersonCharacter_C_3
[2016.03.26-12.04.00:960][  0]LogLinker:Warning: Can't find file for asset '/Game/FirstPersonBP/Blueprints/bodyMesh' while loading NULL.
[2016.03.26-12.04.00:960][  0]LoadErrors: Info Failed to load /Game/FirstPersonBP/Blueprints/bodyMesh.bodyMesh Referenced by FirstPersonCharacter_C_3
[2016.03.26-12.04.00:960][  0]LogLinker:Warning: Can't find file '/Game/FirstPersonBP/Blueprints/bodyMesh'
[2016.03.26-12.04.00:960][  0]LoadErrors: Info Failed to load /Game/FirstPersonBP/Blueprints/bodyMesh.bodyMesh Referenced by Player1
[2016.03.26-12.04.00:960][  0]LogLinker:Warning: Can't find file for asset '/Game/FirstPersonBP/Blueprints/bodyMesh' while loading NULL.
[2016.03.26-12.04.00:960][  0]LoadErrors: Info Failed to load /Game/FirstPersonBP/Blueprints/bodyMesh.bodyMesh Referenced by Player1
[2016.03.26-12.04.01:595][  0]LogAIModule: Creating AISystem for world FirstPersonExampleMap
[2016.03.26-12.04.01:611][  0]LogEditorServer: Finished looking for orphan Actors (0.000 secs)
[2016.03.26-12.04.01:611][  0]Cmd: MAP CHECKDEP NOCLEARLOG
[2016.03.26-12.04.01:680][  0]MapCheck: Info Map check complete: 0 Error(s), 0 Warning(s), took 68.28ms to complete.
[2016.03.26-12.04.01:680][  0]LogFileHelpers: Loading map 'FirstPersonExampleMap' took 1.262
[2016.03.26-12.04.01:870][  0]LogCollectionManager: Loaded 0 collections in 0.003049 seconds
[2016.03.26-12.04.01:914][  0]LogFileCache: Scanning file cache for directory 'C:/Users/Emerson/Documents/GitHub/killer-self/KillerSelf/Saved/Collections/' took 0.01s
[2016.03.26-12.04.01:914][  0]LogFileCache: Scanning file cache for directory 'C:/Users/Emerson/Documents/GitHub/killer-self/KillerSelf/Content/Developers/Emerson/Collections/' took 0.01s
[2016.03.26-12.04.01:914][  0]LogFileCache: Scanning file cache for directory 'C:/Users/Emerson/Documents/GitHub/killer-self/KillerSelf/Content/Collections/' took 0.01s
[2016.03.26-12.04.01:914][  0]LogCollectionManager: Rebuilt the GUID cache for 0 collections in 0.000003 seconds
[2016.03.26-12.04.01:925][  0]LogContentBrowser: Native class hierarchy populated in 0.0108 seconds. Added 1893 classes and 338 folders.
[2016.03.26-12.04.01:934][  0]LogContentBrowser: Native class hierarchy updated for 'WidgetCarousel' in 0.0004 seconds. Added 0 classes and 0 folders.
[2016.03.26-12.04.02:727][  0]LogContentBrowser: Native class hierarchy updated for 'AddContentDialog' in 0.0004 seconds. Added 0 classes and 0 folders.
[2016.03.26-12.04.02:732][  0]LogContentBrowser: Native class hierarchy updated for 'SceneOutliner' in 0.0004 seconds. Added 1 classes and 2 folders.
[2016.03.26-12.04.02:755][  0]LogCrashTracker: Crashtracker disabled due to settings.
[2016.03.26-12.04.02:763][  0]LogUObjectGlobals:Warning: Failed to find object 'Class None.'
[2016.03.26-12.04.02:786][  0]LogLoad: Full Startup: 8.58 seconds (BP compile: 0.18 seconds)
[2016.03.26-12.04.02:804][  0]LogWindowsTextInputMethodSystem:Display: IME system now deactivated.
[2016.03.26-12.04.02:804][  0]LogWindowsTextInputMethodSystem:Display: IME system now deactivated.
[2016.03.26-12.04.02:808][  0]LogOcInput: Can't find Oculus library dev build: is proper Runtime installed? Version: 0.8.0.0
[2016.03.26-12.04.02:910][  0]LogContentStreaming: Texture pool size now 400 MB
[2016.03.26-12.04.03:094][  0]LogRenderer: Reallocating scene render targets to support 964x432 (Frame:2).
[2016.03.26-12.04.03:783][  5]LogAssetRegistry: Asset discovery search completed in 4.9998 seconds
[2016.03.26-12.04.03:783][  5]LogCollectionManager: Rebuilt the object cache for 0 collections in 0.000001 seconds (found 0 objects)
[2016.03.26-12.04.03:783][  5]LogCollectionManager: Fixed up redirectors for 0 collections in 0.000024 seconds (updated 0 objects)
[2016.03.26-12.04.05:847][ 75]AssetReimport: New page: Outstanding source content changes 10:04:05 PM
[2016.03.26-12.04.47:848][931]Cmd: MAP LOAD FILE="../../../../../../Users/Emerson/Documents/GitHub/killer-self/KillerSelf/Content/Maps/KIllerSelf_Tile1.umap" TEMPLATE=0 SHOWPROGRESS=1 FEATURELEVEL=3
[2016.03.26-12.04.47:867][931]LightingResults: New page: Lighting Build
[2016.03.26-12.04.47:893][931]LoadErrors: New page: Loading map: KIllerSelf_Tile1.umap
[2016.03.26-12.04.47:894][931]MapCheck: New page: Map Check
[2016.03.26-12.04.47:894][931]LightingResults: New page: Lighting Build
[2016.03.26-12.04.47:917][931]LogParticles: Destroying 0 GPU particle simulations for FXSystem 0x000002C0F4BB3C40
[2016.03.26-12.04.48:081][931]LogAIModule: Creating AISystem for world KIllerSelf_Tile1
[2016.03.26-12.04.48:107][931]LogEditorServer: Finished looking for orphan Actors (0.000 secs)
[2016.03.26-12.04.48:148][931]Cmd: MAP CHECKDEP NOCLEARLOG
[2016.03.26-12.04.48:216][931]MapCheck: Info Map check complete: 0 Error(s), 0 Warning(s), took 68.184ms to complete.
[2016.03.26-12.04.48:216][931]LogFileHelpers: Loading map 'KIllerSelf_Tile1' took 0.369
[2016.03.26-12.04.48:240][932]Cmd: UpdateLandscapeEditorData
[2016.03.26-12.04.48:241][932]Cmd: UpdateLandscapeEditorData -warnings
[2016.03.26-12.05.09:052][936]LogTexture:Display: Building textures: Texture2D_2 (G8)
[2016.03.26-12.06.36:794][936]LogOutputDevice:Warning: === Handled error: ===

Ensure condition failed: AddedComponent->EditToolRenderData != nullptr [File:D:\BuildFarm\buildmachine_++depot+UE4-Releases+4.10\Engine\Source\Editor\LandscapeEditor\Private\LandscapeEdModeBrushes.cpp] [Line: 149]

Stack: 
UE4Editor-Core.dll!FWindowsPlatformStackWalk::StackWalkAndDump() [d:\buildfarm\buildmachine_++depot+ue4-releases+4.10\engine\source\runtime\core\private\windows\windowsplatformstackwalk.cpp:175]
UE4Editor-Core.dll!FDebug::EnsureFailed() [d:\buildfarm\buildmachine_++depot+ue4-releases+4.10\engine\source\runtime\core\private\misc\outputdevice.cpp:276]
UE4Editor-Core.dll!FDebug::OptionallyLogFormattedEnsureMessageReturningFalse() [d:\buildfarm\buildmachine_++depot+ue4-releases+4.10\engine\source\runtime\core\private\misc\outputdevice.cpp:385]
UE4Editor-LandscapeEditor.dll!FLandscapeBrushCircle::Tick() [d:\buildfarm\buildmachine_++depot+ue4-releases+4.10\engine\source\editor\landscapeeditor\private\landscapeedmodebrushes.cpp:149]
UE4Editor-LandscapeEditor.dll!FEdModeLandscape::Tick() [d:\buildfarm\buildmachine_++depot+ue4-releases+4.10\engine\source\editor\landscapeeditor\private\landscapeedmode.cpp:569]
UE4Editor-UnrealEd.dll!FEditorModeTools::Tick() [d:\buildfarm\buildmachine_++depot+ue4-releases+4.10\engine\source\editor\unrealed\private\editormodemanager.cpp:607]
UE4Editor-UnrealEd.dll!FLevelEditorViewportClient::Tick() [d:\buildfarm\buildmachine_++depot+ue4-releases+4.10\engine\source\editor\unrealed\private\leveleditorviewport.cpp:2030]
UE4Editor-UnrealEd.dll!UEditorEngine::Tick() [d:\buildfarm\buildmachine_++depot+ue4-releases+4.10\engine\source\editor\unrealed\private\editorengine.cpp:1407]
UE4Editor-UnrealEd.dll!UUnrealEdEngine::Tick() [d:\buildfarm\buildmachine_++depot+ue4-releases+4.10\engine\source\editor\unrealed\private\unrealedengine.cpp:361]
UE4Editor.exe!FEngineLoop::Tick() [d:\buildfarm\buildmachine_++depot+ue4-releases+4.10\engine\source\runtime\launch\private\launchengineloop.cpp:2427]
UE4Editor.exe!GuardedMain() [d:\buildfarm\buildmachine_++depot+ue4-releases+4.10\engine\source\runtime\launch\private\launch.cpp:142]
UE4Editor.exe!GuardedMainWrapper() [d:\buildfarm\buildmachine_++depot+ue4-releases+4.10\engine\source\runtime\launch\private\windows\launchwindows.cpp:126]
UE4Editor.exe!WinMain() [d:\buildfarm\buildmachine_++depot+ue4-releases+4.10\engine\source\runtime\launch\private\windows\launchwindows.cpp:200]
UE4Editor.exe!__scrt_common_main_seh() [f:\dd\vctools\crt\vcstartup\src\startup\exe_common.inl:264]
KERNEL32.DLL
ntdll.dll
ntdll.dll

[2016.03.26-12.08.15:287][853]Cmd: UpdateLandscapeEditorData
[2016.03.26-12.08.18:144][974]Cmd: UpdateLandscapeEditorData
[2016.03.26-12.08.25:607][328]Cmd: UpdateLandscapeEditorData
[2016.03.26-12.08.26:743][379]LogWindows:Error: Windows GetLastError: The operation completed successfully. (0)
[2016.03.26-12.08.33:051][379]LogCrashTracker: 


[2016.03.26-12.08.33:142][379]LogCrashTracker: 


[2016.03.26-12.08.33:142][379]LogWindows:Error: === Critical error: ===
Assertion failed: PairId.IsValidId() [File:D:\BuildFarm\buildmachine_++depot+UE4-Releases+4.10\Engine\Source\Runtime\Core\Public\Containers\Map.h] [Line: 915] 





[2016.03.26-12.08.33:226][379]LogExit: Executing StaticShutdownAfterError
[2016.03.26-12.08.35:039][379]LogPhysics:Warning: PHYSX: ..\..\PhysX\src\NpScene.cpp (2946) 8 : PxScene::unlockWrite() called without matching call to PxScene::lockWrite(), behaviour will be undefined.
[2016.03.26-12.08.35:042][379]LogPhysics:Warning: PHYSX: ..\..\PhysX\src\NpScene.cpp (2946) 8 : PxScene::unlockWrite() called without matching call to PxScene::lockWrite(), behaviour will be undefined.
[2016.03.26-12.08.35:043][379]LogWindows: FPlatformMisc::RequestExit(1)
[2016.03.26-12.08.35:043][379]Log file closed, 03/26/16 05:08:35
