[2016.03.26-09.50.41:907][  0]Log file open, 03/26/16 02:50:41
[2016.03.26-09.50.41:907][  0]LogInit:Display: Running engine for game: KillerSelf
[2016.03.26-09.50.41:907][  0]LogPlatformFile: Not using cached read wrapper
[2016.03.26-09.50.41:907][  0]LogInit:Display: RandInit(-1047569312) SRandInit(-1047569310).
[2016.03.26-09.50.41:907][  0]LogTaskGraph: Started task graph with 4 named threads and 5 total threads.
[2016.03.26-09.50.41:907][  0]LogStats: Stats thread started at 0.074881
[2016.03.26-09.50.41:907][  0]LogInit: Version: 4.10.4-2872498+++depot+UE4-Releases+4.10
[2016.03.26-09.50.41:907][  0]LogInit: API Version: 2758231
[2016.03.26-09.50.41:907][  0]LogInit: Compiled (64-bit): Feb 18 2016 15:47:04
[2016.03.26-09.50.41:907][  0]LogInit: Compiled with Visual C++: 19.00.23026.00
[2016.03.26-09.50.41:907][  0]LogInit: Build Configuration: Development
[2016.03.26-09.50.41:907][  0]LogInit: Branch Name: ++depot+UE4-Releases+4.10
[2016.03.26-09.50.41:907][  0]LogInit: Command line: -EpicPortal 
[2016.03.26-09.50.41:907][  0]LogInit: Base directory: C:/Program Files (x86)/Epic Games/4.10/Engine/Binaries/Win64/
[2016.03.26-09.50.41:907][  0]LogInit: Rocket: 1
[2016.03.26-09.50.41:919][  0]LogInit: Using libcurl 7.41.0
[2016.03.26-09.50.41:919][  0]LogInit:  - built for x86_64-pc-win32
[2016.03.26-09.50.41:919][  0]LogInit:  - supports SSL with WinSSL
[2016.03.26-09.50.41:919][  0]LogInit:  - other features:
[2016.03.26-09.50.41:919][  0]LogInit:      CURL_VERSION_SSL
[2016.03.26-09.50.41:919][  0]LogInit:      CURL_VERSION_IPV6
[2016.03.26-09.50.41:919][  0]LogInit:      CURL_VERSION_ASYNCHDNS
[2016.03.26-09.50.41:919][  0]LogInit:      CURL_VERSION_LARGEFILE
[2016.03.26-09.50.41:919][  0]LogInit:      CURL_VERSION_IDN
[2016.03.26-09.50.41:919][  0]LogInit:  CurlRequestOptions (configurable via config and command line):
[2016.03.26-09.50.41:919][  0]LogInit:  - bVerifyPeer = true  - Libcurl will verify peer certificate
[2016.03.26-09.50.41:919][  0]LogInit:  - bUseHttpProxy = false  - Libcurl will NOT use HTTP proxy
[2016.03.26-09.50.41:919][  0]LogInit:  - bDontReuseConnections = false  - Libcurl will reuse connections
[2016.03.26-09.50.41:919][  0]LogInit:  - CertBundlePath = nullptr  - Libcurl will use whatever was configured at build time.
[2016.03.26-09.50.41:930][  0]LogInit: Presizing for 0 objects not considered by GC, pre-allocating 0 bytes.
[2016.03.26-09.50.41:939][  0]LogInit: Object subsystem initialized
[2016.03.26-09.50.41:940][  0]LogInit: Selected Device Profile: [Windows]
[2016.03.26-09.50.41:940][  0]LogInit: Applying CVar settings loaded from the selected device profile: [Windows]
[2016.03.26-09.50.41:957][  0]LogInit: Computer: BEZLYLAPTOP
[2016.03.26-09.50.41:957][  0]LogInit: User: Emerson
[2016.03.26-09.50.41:957][  0]LogInit: CPU Page size=4096, Cores=2
[2016.03.26-09.50.41:957][  0]LogInit: High frequency timer resolution =2.338338 MHz
[2016.03.26-09.50.41:957][  0]LogMemory: Memory total: Physical=7.9GB (8GB approx)
[2016.03.26-09.50.41:957][  0]LogMemory: Platform Memory Stats for Windows
[2016.03.26-09.50.41:957][  0]LogMemory: Process Physical Memory: 56.03 MB used, 56.03 MB peak
[2016.03.26-09.50.41:957][  0]LogMemory: Process Virtual Memory: 55.69 MB used, 55.69 MB peak
[2016.03.26-09.50.41:957][  0]LogMemory: Physical Memory: 4093.54 MB used, 8122.15 MB total
[2016.03.26-09.50.41:957][  0]LogMemory: Virtual Memory: 380.80 MB used, 134217728.00 MB total
[2016.03.26-09.50.42:006][  0]LogTextLocalizationManager: No specific translations for ('en-US') exist, so ('en') translations will be used.
[2016.03.26-09.50.42:765][  0]LogD3D11RHI: Found D3D11 adapter 0: Intel(R) HD Graphics Family (Feature Level 11_0)
[2016.03.26-09.50.42:765][  0]LogD3D11RHI: Adapter has 112MB of dedicated video memory, 0MB of dedicated system memory, and 4061MB of shared system memory, 1 output[s]
[2016.03.26-09.50.42:767][  0]LogD3D11RHI: Found D3D11 adapter 1: Microsoft Basic Render Driver (Feature Level 11_0)
[2016.03.26-09.50.42:767][  0]LogD3D11RHI: Adapter has 0MB of dedicated video memory, 0MB of dedicated system memory, and 4061MB of shared system memory, 0 output[s]
[2016.03.26-09.50.42:767][  0]LogD3D11RHI: Chosen D3D11 Adapter Id = 0
[2016.03.26-09.50.42:777][  0]LogD3D11RHI: !Direct3DDevice
[2016.03.26-09.50.42:777][  0]LogRHI: Texture pool is 1361 MB (70% of 1945 MB)
[2016.03.26-09.50.42:791][  0]LogD3D11RHI: Async texture creation enabled
[2016.03.26-09.50.42:803][  0]LogShaderCompilers: Guid format shader working directory is -24 characters bigger than the processId version (../../../../../../Users/Emerson/Documents/GitHub/killer-self/KillerSelf/Intermediate/Shaders/WorkingDirectory/22160/).
[2016.03.26-09.50.42:803][  0]LogShaderCompilers: Cleaned the shader compiler working directory 'C:/Users/Emerson/AppData/Local/Temp/UnrealShaderWorkingDir/89A20FFB4CCC2438E7EF6880FB84BBA0/'.
[2016.03.26-09.50.42:803][  0]LogShaderCompilers:Display: Using Local Shader Compiler.
[2016.03.26-09.50.43:929][  0]LogTemp:Display: Loaded TP AllDesktopTargetPlatform
[2016.03.26-09.50.43:935][  0]LogTemp:Display: Loaded TP WindowsClientTargetPlatform
[2016.03.26-09.50.43:942][  0]LogTemp:Display: Loaded TP WindowsNoEditorTargetPlatform
[2016.03.26-09.50.43:948][  0]LogTemp:Display: Loaded TP WindowsServerTargetPlatform
[2016.03.26-09.50.43:953][  0]LogTemp:Display: Loaded TP WindowsTargetPlatform
[2016.03.26-09.50.43:957][  0]LogTemp:Display: Loaded TP AndroidTargetPlatform
[2016.03.26-09.50.43:961][  0]LogTemp:Display: Loaded TP Android_ASTCTargetPlatform
[2016.03.26-09.50.43:964][  0]LogTemp:Display: Loaded TP Android_ATCTargetPlatform
[2016.03.26-09.50.43:968][  0]LogTemp:Display: Loaded TP Android_DXTTargetPlatform
[2016.03.26-09.50.43:972][  0]LogTemp:Display: Loaded TP Android_ETC1TargetPlatform
[2016.03.26-09.50.43:977][  0]LogTemp:Display: Loaded TP Android_ETC2TargetPlatform
[2016.03.26-09.50.43:986][  0]LogTemp:Display: Loaded TP Android_MultiTargetPlatform
[2016.03.26-09.50.43:986][  0]LogTemp:Display: Loaded TP Android_PVRTCTargetPlatform
[2016.03.26-09.50.43:986][  0]LogTemp:Display: Loaded TP HTML5TargetPlatform
[2016.03.26-09.50.44:005][  0]LogTemp:Display: Loaded TP IOSTargetPlatform
[2016.03.26-09.50.44:010][  0]LogTemp:Display: Loaded TP LinuxNoEditorTargetPlatform
[2016.03.26-09.50.44:014][  0]LogTemp:Display: Loaded TP LinuxServerTargetPlatform
[2016.03.26-09.50.44:018][  0]LogTemp:Display: Loaded TP LinuxTargetPlatform
[2016.03.26-09.50.44:018][  0]LogTargetPlatformManager:Display: Building Assets For Windows
[2016.03.26-09.50.44:125][  0]LogDerivedDataCache:Display: Max Cache Size: 512 MB
[2016.03.26-09.50.44:183][  0]LogDerivedDataCache: Loaded boot cache 0.06s 41MB C:/Users/Emerson/AppData/Local/UnrealEngine/4.10/DerivedDataCache/Boot.ddc.
[2016.03.26-09.50.44:183][  0]LogDerivedDataCache:Display: Loaded Boot cache: C:/Users/Emerson/AppData/Local/UnrealEngine/4.10/DerivedDataCache/Boot.ddc
[2016.03.26-09.50.44:183][  0]LogDerivedDataCache: FDerivedDataBackendGraph:  Pak pak cache file ../../../../../../Users/Emerson/Documents/GitHub/killer-self/KillerSelf/DerivedDataCache/DDC.ddp not found, will not use a pak cache.
[2016.03.26-09.50.44:183][  0]LogDerivedDataCache: Unable to find inner node Pak for hierarchical cache Hierarchy.
[2016.03.26-09.50.44:183][  0]LogDerivedDataCache: FDerivedDataBackendGraph:  CompressedPak pak cache file ../../../../../../Users/Emerson/Documents/GitHub/killer-self/KillerSelf/DerivedDataCache/Compressed.ddp not found, will not use a pak cache.
[2016.03.26-09.50.44:183][  0]LogDerivedDataCache: Unable to find inner node CompressedPak for hierarchical cache Hierarchy.
[2016.03.26-09.50.44:257][  0]LogDerivedDataCache:Display: Pak cache opened for reading ../../../Engine/DerivedDataCache/Compressed.ddp.
[2016.03.26-09.50.44:269][  0]LogDerivedDataCache: Using Local data cache path C:/Users/Emerson/AppData/Local/UnrealEngine/Common/DerivedDataCache: Writable
[2016.03.26-09.50.44:502][  0]LogInit: Selected Device Profile: [Windows]
[2016.03.26-09.50.44:506][  0]LogContentStreaming: Texture pool size is 0.000000MB
[2016.03.26-09.50.44:660][  0]LogMeshUtilities: No automatic mesh reduction module available
[2016.03.26-09.50.44:660][  0]LogMeshUtilities: No automatic mesh merging module available
[2016.03.26-09.50.44:942][  0]LogInit: WinSock: version 1.1 (2.2), MaxSocks=32767, MaxUdp=65467
[2016.03.26-09.50.45:867][  0]UdpMessaging: Initializing bridge on interface 0.0.0.0:0 to multicast group 230.0.0.1:6666.
[2016.03.26-09.50.45:976][  0]LogAssetRegistry: FAssetRegistry took 0.0110 seconds to start up
[2016.03.26-09.50.46:280][  0]SourceControl: Info Source control is disabled
[2016.03.26-09.50.46:349][  0]SourceControl: Info Source control is disabled
[2016.03.26-09.50.46:367][  0]SourceControl: Info Source control is disabled
[2016.03.26-09.50.46:382][  0]SourceControl: Info Source control is disabled
[2016.03.26-09.50.46:700][  0]LogObj: 28633 objects as part of root set at end of initial load.
[2016.03.26-09.50.46:700][  0]LogUObjectAllocator: 6099752 out of 0 bytes used by permanent object pool.
[2016.03.26-09.50.46:765][  0]LogEngine: Initializing Engine...
[2016.03.26-09.50.46:768][  0]LogHMD: Can't find Oculus library dev build: is proper Runtime installed? Version: 0.8.0.0
[2016.03.26-09.50.46:769][  0]LogHMD: SteamVR failed to initialize.  Err: 110
[2016.03.26-09.50.46:928][  0]LogAIModule: Creating AISystem for world NewWorld
[2016.03.26-09.50.46:934][  0]LogInit: XAudio2 using 'Speakers (Razer Banshee)' : 2 channels at 44.1 kHz using 16 bits per sample (channel mask 0x3)
[2016.03.26-09.50.46:943][  0]LogInit: FAudioDevice initialized.
[2016.03.26-09.50.46:970][  0]LogDerivedDataCache: Saved boot cache 0.03s 41MB C:/Users/Emerson/AppData/Local/UnrealEngine/4.10/DerivedDataCache/Boot.ddc.
[2016.03.26-09.50.46:978][  0]LogInit: Texture streaming: Enabled
[2016.03.26-09.50.46:987][  0]LogAnalytics: Creating configured Analytics provider AnalyticsET
[2016.03.26-09.50.46:987][  0]LogAnalytics: [UEEditor.Rocket.Release] APIServer = http://et2.epicgames.com/ET2/. AppVersion = 4.10.4-2872498+++depot+UE4-Releases+4.10
[2016.03.26-09.50.46:987][  0]LogAnalytics: [UEEditor.Rocket.Release] SetUserId 480e4fc44221435044fe96a3e079de87|0c01ec0cd245479aaa1aee815a2d9699|d08f0b52-5654-4d4f-a336-4f408988900c
[2016.03.26-09.50.46:987][  0]LogAnalytics: [UEEditor.Rocket.Release] AnalyticsET::StartSession
[2016.03.26-09.50.47:003][  0]LogInit: Transaction tracking system initialized
[2016.03.26-09.50.47:038][  0]BlueprintLog: New page: Editor Load
[2016.03.26-09.50.47:156][  0]LocalizationService: Info Localization service is disabled
[2016.03.26-09.50.47:422][  0]LogConsoleResponse:Display: 
[2016.03.26-09.50.47:572][  0]LogCook:Display: Done creating registry. It took  0.00s.
[2016.03.26-09.50.47:663][  0]LogFileCache: Scanning file cache for directory 'C:/Users/Emerson/Documents/GitHub/killer-self/KillerSelf/Content/' took 0.02s
[2016.03.26-09.50.47:663][  0]SourceControl: Info Source control is disabled
[2016.03.26-09.50.47:663][  0]Cmd: MAP LOAD FILE="../../../../../../Users/Emerson/Documents/GitHub/killer-self/KillerSelf/Content/FirstPersonBP/Maps/FirstPersonExampleMap.umap" TEMPLATE=0 SHOWPROGRESS=1 FEATURELEVEL=3
[2016.03.26-09.50.47:664][  0]LightingResults: New page: Lighting Build
[2016.03.26-09.50.47:668][  0]MapCheck: New page: Map Check
[2016.03.26-09.50.47:668][  0]LightingResults: New page: Lighting Build
[2016.03.26-09.50.47:692][  0]LogParticles: Destroying 0 GPU particle simulations for FXSystem 0x000001BF29DF6160
[2016.03.26-09.50.47:931][  0]LogLinker:Warning: Asset '../../../../../../Users/Emerson/Documents/GitHub/killer-self/KillerSelf/Content/FirstPerson/Meshes/FirstPersonProjectileMesh.uasset' has been saved with empty engine version. The asset will be loaded but may be incompatible.
[2016.03.26-09.50.48:232][  0]LogLinker:Warning: Can't find file '/Game/FirstPersonBP/Blueprints/bodyMesh'
[2016.03.26-09.50.48:232][  0]LogLinker:Warning: Can't find file for asset '/Game/FirstPersonBP/Blueprints/bodyMesh' while loading ../../../../../../Users/Emerson/Documents/GitHub/killer-self/KillerSelf/Content/FirstPersonBP/Maps/FirstPersonExampleMap.umap.
[2016.03.26-09.50.48:232][  0]LoadErrors:Error: Error /Game/FirstPersonBP/Maps/FirstPersonExampleMap : Can't find file for asset. /Game/FirstPersonBP/Blueprints/bodyMesh
[2016.03.26-09.50.48:235][  0]LogLinker:Warning: Can't find file '/Game/FirstPersonBP/Blueprints/bodyMesh'
[2016.03.26-09.50.48:235][  0]LogLinker:Warning: Can't find file for asset '/Game/FirstPersonBP/Blueprints/bodyMesh' while loading ../../../../../../Users/Emerson/Documents/GitHub/killer-self/KillerSelf/Content/FirstPersonBP/Maps/FirstPersonExampleMap.umap.
[2016.03.26-09.50.48:235][  0]LoadErrors:Error: Error /Game/FirstPersonBP/Maps/FirstPersonExampleMap : Can't find file for asset. /Game/FirstPersonBP/Blueprints/bodyMesh
[2016.03.26-09.50.48:236][  0]LogLinker:Warning: Can't find file '/Game/FirstPersonBP/Blueprints/bodyMesh'
[2016.03.26-09.50.48:236][  0]LogLinker:Warning: Can't find file for asset '/Game/FirstPersonBP/Blueprints/bodyMesh' while loading NULL.
[2016.03.26-09.50.48:236][  0]LogLinker:Warning: Can't find file '/Game/FirstPersonBP/Blueprints/bodyMesh'
[2016.03.26-09.50.48:236][  0]LogLinker:Warning: Can't find file for asset '/Game/FirstPersonBP/Blueprints/bodyMesh' while loading NULL.
[2016.03.26-09.50.48:268][  0]LogLinker:Warning: Can't find file '/Game/FirstPersonBP/Blueprints/bodyMesh'
[2016.03.26-09.50.48:268][  0]LoadErrors: Info Failed to load /Game/FirstPersonBP/Blueprints/bodyMesh.bodyMesh Referenced by FirstPersonCharacter_C_3
[2016.03.26-09.50.48:268][  0]LogLinker:Warning: Can't find file for asset '/Game/FirstPersonBP/Blueprints/bodyMesh' while loading NULL.
[2016.03.26-09.50.48:269][  0]LoadErrors: Info Failed to load /Game/FirstPersonBP/Blueprints/bodyMesh.bodyMesh Referenced by FirstPersonCharacter_C_3
[2016.03.26-09.50.48:269][  0]LogLinker:Warning: Can't find file '/Game/FirstPersonBP/Blueprints/bodyMesh'
[2016.03.26-09.50.48:269][  0]LoadErrors: Info Failed to load /Game/FirstPersonBP/Blueprints/bodyMesh.bodyMesh Referenced by Player1
[2016.03.26-09.50.48:269][  0]LogLinker:Warning: Can't find file for asset '/Game/FirstPersonBP/Blueprints/bodyMesh' while loading NULL.
[2016.03.26-09.50.48:269][  0]LoadErrors: Info Failed to load /Game/FirstPersonBP/Blueprints/bodyMesh.bodyMesh Referenced by Player1
[2016.03.26-09.50.48:894][  0]LogAIModule: Creating AISystem for world FirstPersonExampleMap
[2016.03.26-09.50.48:909][  0]LogEditorServer: Finished looking for orphan Actors (0.000 secs)
[2016.03.26-09.50.48:910][  0]Cmd: MAP CHECKDEP NOCLEARLOG
[2016.03.26-09.50.48:975][  0]MapCheck: Info Map check complete: 0 Error(s), 0 Warning(s), took 64.793ms to complete.
[2016.03.26-09.50.48:975][  0]LogFileHelpers: Loading map 'FirstPersonExampleMap' took 1.312
[2016.03.26-09.50.49:114][  0]LogCollectionManager: Loaded 0 collections in 0.003817 seconds
[2016.03.26-09.50.49:159][  0]LogFileCache: Scanning file cache for directory 'C:/Users/Emerson/Documents/GitHub/killer-self/KillerSelf/Saved/Collections/' took 0.01s
[2016.03.26-09.50.49:159][  0]LogFileCache: Scanning file cache for directory 'C:/Users/Emerson/Documents/GitHub/killer-self/KillerSelf/Content/Developers/Emerson/Collections/' took 0.01s
[2016.03.26-09.50.49:159][  0]LogFileCache: Scanning file cache for directory 'C:/Users/Emerson/Documents/GitHub/killer-self/KillerSelf/Content/Collections/' took 0.01s
[2016.03.26-09.50.49:159][  0]LogCollectionManager: Rebuilt the GUID cache for 0 collections in 0.000002 seconds
[2016.03.26-09.50.49:168][  0]LogContentBrowser: Native class hierarchy populated in 0.0089 seconds. Added 1893 classes and 338 folders.
[2016.03.26-09.50.49:176][  0]LogContentBrowser: Native class hierarchy updated for 'WidgetCarousel' in 0.0004 seconds. Added 0 classes and 0 folders.
[2016.03.26-09.50.49:228][  0]LogContentBrowser: Native class hierarchy updated for 'AddContentDialog' in 0.0004 seconds. Added 0 classes and 0 folders.
[2016.03.26-09.50.49:233][  0]LogContentBrowser: Native class hierarchy updated for 'SceneOutliner' in 0.0004 seconds. Added 1 classes and 2 folders.
[2016.03.26-09.50.49:261][  0]LogCrashTracker: Crashtracker disabled due to settings.
[2016.03.26-09.50.49:267][  0]LogUObjectGlobals:Warning: Failed to find object 'Class None.'
[2016.03.26-09.50.49:290][  0]LogLoad: Full Startup: 7.90 seconds (BP compile: 0.21 seconds)
[2016.03.26-09.50.49:308][  0]LogWindowsTextInputMethodSystem:Display: IME system now deactivated.
[2016.03.26-09.50.49:308][  0]LogWindowsTextInputMethodSystem:Display: IME system now deactivated.
[2016.03.26-09.50.49:313][  0]LogOcInput: Can't find Oculus library dev build: is proper Runtime installed? Version: 0.8.0.0
[2016.03.26-09.50.49:385][  0]LogContentStreaming: Texture pool size now 400 MB
[2016.03.26-09.50.49:560][  0]LogRenderer: Reallocating scene render targets to support 964x432 (Frame:2).
[2016.03.26-09.50.50:297][  7]LogAssetRegistry: Asset discovery search completed in 4.3316 seconds
[2016.03.26-09.50.50:297][  7]LogCollectionManager: Rebuilt the object cache for 0 collections in 0.000002 seconds (found 0 objects)
[2016.03.26-09.50.50:297][  7]LogCollectionManager: Fixed up redirectors for 0 collections in 0.000033 seconds (updated 0 objects)
[2016.03.26-09.50.59:765][369]LogWindowsTextInputMethodSystem:Display: IME system now deactivated.
[2016.03.26-09.50.59:766][369]LogWindowsTextInputMethodSystem:Display: IME system now deactivated.
[2016.03.26-09.51.00:025][370]Cmd: QUIT_EDITOR
[2016.03.26-09.51.00:240][370]LogExit: Preparing to exit.
[2016.03.26-09.51.00:958][370]LogExit: Editor shut down
[2016.03.26-09.51.00:958][370]LogExit: Transaction tracking system shut down
[2016.03.26-09.51.00:960][370]LogParticles: Destroying 0 GPU particle simulations for FXSystem 0x000001BF1CCE4E00
[2016.03.26-09.51.00:962][370]LogParticles: Destroying 0 GPU particle simulations for FXSystem 0x000001BF31087880
[2016.03.26-09.51.01:132][370]LogExit: Object subsystem successfully closed.
[2016.03.26-09.51.01:155][370]LogD3D11RHI: Shutdown
[2016.03.26-09.51.01:155][370]LogD3D11RHI: CleanupD3DDevice
[2016.03.26-09.51.01:283][370]LogD3D11RHI: ~FD3D11DynamicRHI
[2016.03.26-09.51.01:298][370]LogModuleManager: Shutting down and abandoning module CrashTracker (198)
[2016.03.26-09.51.01:298][370]LogModuleManager: Shutting down and abandoning module SceneOutliner (197)
[2016.03.26-09.51.01:298][370]LogModuleManager: Shutting down and abandoning module SuperSearch (196)
[2016.03.26-09.51.01:298][370]LogModuleManager: Shutting down and abandoning module WidgetCarousel (195)
[2016.03.26-09.51.01:298][370]LogModuleManager: Shutting down and abandoning module AddContentDialog (194)
[2016.03.26-09.51.01:300][370]LogModuleManager: Shutting down and abandoning module EditorWidgets (193)
[2016.03.26-09.51.01:300][370]LogModuleManager: Shutting down and abandoning module CollectionManager (192)
[2016.03.26-09.51.01:300][370]LogModuleManager: Shutting down and abandoning module StatsViewer (191)
[2016.03.26-09.51.01:300][370]LogModuleManager: Shutting down and abandoning module FoliageEdit (190)
[2016.03.26-09.51.01:300][370]LogModuleManager: Shutting down and abandoning module LandscapeEditor (189)
[2016.03.26-09.51.01:300][370]LogModuleManager: Shutting down and abandoning module ActorPickerMode (188)
[2016.03.26-09.51.01:300][370]LogModuleManager: Shutting down and abandoning module GeometryMode (187)
[2016.03.26-09.51.01:300][370]LogModuleManager: Shutting down and abandoning module TextureAlignMode (186)
[2016.03.26-09.51.01:300][370]LogModuleManager: Shutting down and abandoning module BspMode (185)
[2016.03.26-09.51.01:300][370]LogModuleManager: Shutting down and abandoning module PlacementMode (184)
[2016.03.26-09.51.01:300][370]LogModuleManager: Shutting down and abandoning module AutomationWorker (183)
[2016.03.26-09.51.01:300][370]LogModuleManager: Shutting down and abandoning module CharacterAI (182)
[2016.03.26-09.51.01:300][370]LogModuleManager: Shutting down and abandoning module SmartSnapping (181)
[2016.03.26-09.51.01:300][370]LogModuleManager: Shutting down and abandoning module ViewportSnapping (180)
[2016.03.26-09.51.01:300][370]LogModuleManager: Shutting down and abandoning module LogVisualizer (179)
[2016.03.26-09.51.01:300][370]LogModuleManager: Shutting down and abandoning module GameProjectGeneration (178)
[2016.03.26-09.51.01:300][370]LogModuleManager: Shutting down and abandoning module IntroTutorials (177)
[2016.03.26-09.51.01:300][370]LogModuleManager: Shutting down and abandoning module EditorLiveStreaming (176)
[2016.03.26-09.51.01:300][370]LogModuleManager: Shutting down and abandoning module IOSPlatformEditor (175)
[2016.03.26-09.51.01:300][370]LogModuleManager: Shutting down and abandoning module HTML5PlatformEditor (174)
[2016.03.26-09.51.01:300][370]LogModuleManager: Shutting down and abandoning module AndroidDeviceDetection (173)
[2016.03.26-09.51.02:208][370]LogModuleManager: Shutting down and abandoning module AndroidPlatformEditor (172)
[2016.03.26-09.51.02:208][370]LogModuleManager: Shutting down and abandoning module IOSRuntimeSettings (171)
[2016.03.26-09.51.02:208][370]LogModuleManager: Shutting down and abandoning module AndroidRuntimeSettings (170)
[2016.03.26-09.51.02:208][370]LogModuleManager: Shutting down and abandoning module MergeActors (169)
[2016.03.26-09.51.02:208][370]LogModuleManager: Shutting down and abandoning module SizeMap (168)
[2016.03.26-09.51.02:208][370]LogModuleManager: Shutting down and abandoning module TreeMap (167)
[2016.03.26-09.51.02:208][370]LogModuleManager: Shutting down and abandoning module ReferenceViewer (166)
[2016.03.26-09.51.02:208][370]LogModuleManager: Shutting down and abandoning module LocalizationService (165)
[2016.03.26-09.51.02:208][370]LogModuleManager: Shutting down and abandoning module LocalizationDashboard (164)
[2016.03.26-09.51.02:208][370]LogModuleManager: Shutting down and abandoning module HardwareTargeting (163)
[2016.03.26-09.51.02:208][370]LogModuleManager: Shutting down and abandoning module DeviceProfileEditor (162)
[2016.03.26-09.51.02:208][370]LogModuleManager: Shutting down and abandoning module UndoHistory (161)
[2016.03.26-09.51.02:208][370]LogModuleManager: Shutting down and abandoning module GameplayTagsEditor (160)
[2016.03.26-09.51.02:208][370]LogModuleManager: Shutting down and abandoning module UserFeedback (159)
[2016.03.26-09.51.02:208][370]LogModuleManager: Shutting down and abandoning module XmlParser (158)
[2016.03.26-09.51.02:208][370]LogModuleManager: Shutting down and abandoning module Blutility (157)
[2016.03.26-09.51.02:208][370]LogModuleManager: Shutting down and abandoning module ProjectTargetPlatformEditor (156)
[2016.03.26-09.51.02:209][370]LogModuleManager: Shutting down and abandoning module ProjectSettingsViewer (155)
[2016.03.26-09.51.02:209][370]LogModuleManager: Shutting down and abandoning module InputBindingEditor (154)
[2016.03.26-09.51.02:209][370]LogModuleManager: Shutting down and abandoning module EditorSettingsViewer (153)
[2016.03.26-09.51.02:209][370]LogModuleManager: Shutting down and abandoning module SettingsEditor (152)
[2016.03.26-09.51.02:209][370]LogModuleManager: Shutting down and abandoning module ProjectLauncher (151)
[2016.03.26-09.51.02:209][370]LogModuleManager: Shutting down and abandoning module SessionFrontend (150)
[2016.03.26-09.51.02:209][370]LogModuleManager: Shutting down and abandoning module ProfilerClient (149)
[2016.03.26-09.51.02:209][370]LogModuleManager: Shutting down and abandoning module TargetDeviceServices (148)
[2016.03.26-09.51.02:209][370]LogModuleManager: Shutting down and abandoning module DeviceManager (147)
[2016.03.26-09.51.02:210][370]LogModuleManager: Shutting down and abandoning module AutomationController (146)
[2016.03.26-09.51.02:210][370]LogModuleManager: Shutting down and abandoning module AutomationWindow (145)
[2016.03.26-09.51.02:210][370]LogModuleManager: Shutting down and abandoning module Layers (144)
[2016.03.26-09.51.02:210][370]LogModuleManager: Shutting down and abandoning module ComponentVisualizers (143)
[2016.03.26-09.51.02:210][370]LogModuleManager: Shutting down and abandoning module DetailCustomizations (142)
[2016.03.26-09.51.02:210][370]LogModuleManager: Shutting down and abandoning module PackagesDialog (141)
[2016.03.26-09.51.02:210][370]LogModuleManager: Shutting down and abandoning module Persona (140)
[2016.03.26-09.51.02:210][370]LogModuleManager: Shutting down and abandoning module Kismet (139)
[2016.03.26-09.51.02:210][370]LogModuleManager: Shutting down and abandoning module GraphEditor (138)
[2016.03.26-09.51.02:211][370]LogModuleManager: Shutting down and abandoning module ClassViewer (137)
[2016.03.26-09.51.02:211][370]LogModuleManager: Shutting down and abandoning module Toolbox (136)
[2016.03.26-09.51.02:211][370]LogModuleManager: Shutting down and abandoning module ModuleUI (135)
[2016.03.26-09.51.02:211][370]LogModuleManager: Shutting down and abandoning module MovieSceneTools (134)
[2016.03.26-09.51.02:211][370]LogModuleManager: Shutting down and abandoning module OutputLog (133)
[2016.03.26-09.51.02:211][370]LogModuleManager: Shutting down and abandoning module GammaUI (132)
[2016.03.26-09.51.02:211][370]LogModuleManager: Shutting down and abandoning module Documentation (131)
[2016.03.26-09.51.02:211][370]LogModuleManager: Shutting down and abandoning module GameLiveStreaming (130)
[2016.03.26-09.51.02:212][370]LogModuleManager: Shutting down and abandoning module StreamingPauseRendering (129)
[2016.03.26-09.51.02:212][370]LogModuleManager: Shutting down and abandoning module AnalyticsET (128)
[2016.03.26-09.51.02:212][370]LogModuleManager: Shutting down and abandoning module Analytics (127)
[2016.03.26-09.51.02:212][370]LogModuleManager: Shutting down and abandoning module AITestSuite (126)
[2016.03.26-09.51.02:212][370]LogModuleManager: Shutting down and abandoning module GameplayDebugger (125)
[2016.03.26-09.51.02:212][370]LogModuleManager: Shutting down and abandoning module AIModule (124)
[2016.03.26-09.51.02:212][370]LogModuleManager: Shutting down and abandoning module ProfilerService (123)
[2016.03.26-09.51.02:227][370]LogModuleManager: Shutting down and abandoning module TaskGraph (122)
[2016.03.26-09.51.02:227][370]LogModuleManager: Shutting down and abandoning module SlateRemote (121)
[2016.03.26-09.51.02:227][370]LogModuleManager: Shutting down and abandoning module SteamVRController (120)
[2016.03.26-09.51.02:227][370]LogModuleManager: Shutting down and abandoning module SteamVR (119)
[2016.03.26-09.51.02:227][370]LogModuleManager: Shutting down and abandoning module ProceduralMeshComponent (118)
[2016.03.26-09.51.02:227][370]LogModuleManager: Shutting down and abandoning module OculusLibrary (117)
[2016.03.26-09.51.02:228][370]LogModuleManager: Shutting down and abandoning module OculusInput (116)
[2016.03.26-09.51.02:228][370]LogModuleManager: Shutting down and abandoning module LeapMotionController (115)
[2016.03.26-09.51.02:279][370]LogModuleManager: Shutting down and abandoning module CustomMeshComponent (114)
[2016.03.26-09.51.02:279][370]LogModuleManager: Shutting down and abandoning module CableComponent (113)
[2016.03.26-09.51.02:280][370]LogModuleManager: Shutting down and abandoning module ArchVisCharacter (112)
[2016.03.26-09.51.02:280][370]LogModuleManager: Shutting down and abandoning module MessagingDebugger (111)
[2016.03.26-09.51.02:280][370]LogModuleManager: Shutting down and abandoning module MediaPlayerEditor (110)
[2016.03.26-09.51.02:280][370]LogModuleManager: Shutting down and abandoning module HTML5Networking (109)
[2016.03.26-09.51.02:280][370]LogModuleManager: Shutting down and abandoning module SpeedTreeImporter (108)
[2016.03.26-09.51.02:280][370]LogModuleManager: Shutting down and abandoning module PluginBrowser (107)
[2016.03.26-09.51.02:280][370]LogModuleManager: Shutting down and abandoning module EpicSurvey (106)
[2016.03.26-09.51.02:281][370]LogModuleManager: Shutting down and abandoning module DesktopPlatform (105)
[2016.03.26-09.51.02:281][370]LogModuleManager: Shutting down and abandoning module VisualStudioSourceCodeAccess (104)
[2016.03.26-09.51.02:281][370]LogModuleManager: Shutting down and abandoning module UObjectPlugin (103)
[2016.03.26-09.51.02:281][370]LogModuleManager: Shutting down and abandoning module SubversionSourceControl (102)
[2016.03.26-09.51.02:281][370]LogModuleManager: Shutting down and abandoning module PerforceSourceControl (101)
[2016.03.26-09.51.02:281][370]LogModuleManager: Shutting down and abandoning module SourceControl (100)
[2016.03.26-09.51.02:281][370]LogModuleManager: Shutting down and abandoning module GitSourceControl (99)
[2016.03.26-09.51.02:281][370]LogModuleManager: Shutting down and abandoning module LightPropagationVolumeEditor (98)
[2016.03.26-09.51.02:281][370]LogModuleManager: Shutting down and abandoning module PaperTiledImporter (97)
[2016.03.26-09.51.02:281][370]LogModuleManager: Shutting down and abandoning module PaperSpriteSheetImporter (96)
[2016.03.26-09.51.02:281][370]LogModuleManager: Shutting down and abandoning module MeshPaint (95)
[2016.03.26-09.51.02:281][370]LogModuleManager: Shutting down and abandoning module SlateReflector (94)
[2016.03.26-09.51.02:281][370]LogModuleManager: Shutting down and abandoning module HotReload (93)
[2016.03.26-09.51.02:281][370]LogModuleManager: Shutting down and abandoning module MainFrame (92)
[2016.03.26-09.51.02:282][370]LogModuleManager: Shutting down and abandoning module LevelEditor (91)
[2016.03.26-09.51.02:284][370]LogModuleManager: Shutting down and abandoning module DirectoryWatcher (90)
[2016.03.26-09.51.02:285][370]LogModuleManager: Shutting down and abandoning module AssetRegistry (89)
[2016.03.26-09.51.02:419][370]LogModuleManager: Shutting down and abandoning module ContentBrowser (88)
[2016.03.26-09.51.02:420][370]LogModuleManager: Shutting down and abandoning module Paper2DEditor (87)
[2016.03.26-09.51.02:420][370]LogModuleManager: Shutting down and abandoning module UdpMessaging (86)
[2016.03.26-09.51.02:522][370]LogModuleManager: Shutting down and abandoning module LightPropagationVolumeRuntime (85)
[2016.03.26-09.51.02:522][370]LogModuleManager: Shutting down and abandoning module Paper2D (84)
[2016.03.26-09.51.02:522][370]LogModuleManager: Shutting down and abandoning module WindowsMoviePlayer (83)
[2016.03.26-09.51.02:530][370]LogModuleManager: Shutting down and abandoning module Media (82)
[2016.03.26-09.51.02:530][370]LogModuleManager: Shutting down and abandoning module WmfMedia (81)
[2016.03.26-09.51.02:531][370]LogModuleManager: Shutting down and abandoning module OnlineBlueprintSupport (80)
[2016.03.26-09.51.02:531][370]LogModuleManager: Shutting down and abandoning module GameplayTasksEditor (79)
[2016.03.26-09.51.02:531][370]LogModuleManager: Shutting down and abandoning module PropertyEditor (78)
[2016.03.26-09.51.02:531][370]LogModuleManager: Shutting down and abandoning module BehaviorTreeEditor (77)
[2016.03.26-09.51.02:531][370]LogModuleManager: Shutting down and abandoning module FunctionalTesting (76)
[2016.03.26-09.51.02:531][370]LogModuleManager: Shutting down and abandoning module CollisionAnalyzer (75)
[2016.03.26-09.51.02:531][370]LogModuleManager: Shutting down and abandoning module WorkspaceMenuStructure (74)
[2016.03.26-09.51.02:531][370]LogModuleManager: Shutting down and abandoning module MessageLog (73)
[2016.03.26-09.51.02:531][370]LogModuleManager: Shutting down and abandoning module Sequencer (72)
[2016.03.26-09.51.02:531][370]LogModuleManager: Shutting down and abandoning module AssetTools (71)
[2016.03.26-09.51.02:532][370]LogModuleManager: Shutting down and abandoning module UMGEditor (70)
[2016.03.26-09.51.02:532][370]LogModuleManager: Shutting down and abandoning module UMG (69)
[2016.03.26-09.51.02:532][370]LogModuleManager: Shutting down and abandoning module Slate (68)
[2016.03.26-09.51.02:532][370]LogModuleManager: Shutting down and abandoning module EditorStyle (67)
[2016.03.26-09.51.02:538][370]LogModuleManager: Shutting down and abandoning module SessionServices (66)
[2016.03.26-09.51.02:538][370]LogModuleManager: Shutting down and abandoning module SourceCodeAccess (65)
[2016.03.26-09.51.02:538][370]LogModuleManager: Shutting down and abandoning module HeadMountedDisplay (64)
[2016.03.26-09.51.02:538][370]LogModuleManager: Shutting down and abandoning module XAudio2 (63)
[2016.03.26-09.51.02:538][370]LogModuleManager: Shutting down and abandoning module Networking (61)
[2016.03.26-09.51.02:538][370]LogModuleManager: Shutting down and abandoning module Core (60)
[2016.03.26-09.51.02:538][370]LogModuleManager: Shutting down and abandoning module KismetCompiler (59)
[2016.03.26-09.51.02:539][370]LogModuleManager: Shutting down and abandoning module PhysXFormats (58)
[2016.03.26-09.51.02:539][370]LogModuleManager: Shutting down and abandoning module MeshUtilities (57)
[2016.03.26-09.51.02:539][370]LogModuleManager: Shutting down and abandoning module DerivedDataCache (56)
[2016.03.26-09.51.02:772][370]LogDerivedDataCache: Shutdown
[2016.03.26-09.51.02:772][370]LogModuleManager: Shutting down and abandoning module ShaderFormatOpenGL (55)
[2016.03.26-09.51.02:772][370]LogModuleManager: Shutting down and abandoning module ShaderFormatD3D (54)
[2016.03.26-09.51.02:772][370]LogModuleManager: Shutting down and abandoning module MetalShaderFormat (53)
[2016.03.26-09.51.02:772][370]LogModuleManager: Shutting down and abandoning module TextureFormatUncompressed (52)
[2016.03.26-09.51.02:772][370]LogModuleManager: Shutting down and abandoning module TextureFormatPVR (51)
[2016.03.26-09.51.02:772][370]LogModuleManager: Shutting down and abandoning module TextureFormatIntelISPCTexComp (50)
[2016.03.26-09.51.02:772][370]LogModuleManager: Shutting down and abandoning module TextureFormatDXT (49)
[2016.03.26-09.51.02:772][370]LogModuleManager: Shutting down and abandoning module ImageWrapper (48)
[2016.03.26-09.51.02:772][370]LogModuleManager: Shutting down and abandoning module TextureFormatASTC (47)
[2016.03.26-09.51.02:773][370]LogModuleManager: Shutting down and abandoning module TextureFormatAndroid (46)
[2016.03.26-09.51.02:773][370]LogModuleManager: Shutting down and abandoning module AudioFormatOpus (45)
[2016.03.26-09.51.02:773][370]LogModuleManager: Shutting down and abandoning module AudioFormatOgg (44)
[2016.03.26-09.51.02:773][370]LogModuleManager: Shutting down and abandoning module AudioFormatADPCM (43)
[2016.03.26-09.51.02:773][370]LogModuleManager: Shutting down and abandoning module LinuxTargetPlatform (42)
[2016.03.26-09.51.02:773][370]LogModuleManager: Shutting down and abandoning module LinuxServerTargetPlatform (41)
[2016.03.26-09.51.02:773][370]LogModuleManager: Shutting down and abandoning module LinuxNoEditorTargetPlatform (40)
[2016.03.26-09.51.02:773][370]LogModuleManager: Shutting down and abandoning module Messaging (39)
[2016.03.26-09.51.02:773][370]LogModuleManager: Shutting down and abandoning module IOSTargetPlatform (38)
[2016.03.26-09.51.02:773][370]LogModuleManager: Shutting down and abandoning module HTML5TargetPlatform (37)
[2016.03.26-09.51.02:773][370]LogModuleManager: Shutting down and abandoning module Android_PVRTCTargetPlatform (36)
[2016.03.26-09.51.02:773][370]LogModuleManager: Shutting down and abandoning module Android_MultiTargetPlatform (35)
[2016.03.26-09.51.02:773][370]LogModuleManager: Shutting down and abandoning module Android_ETC2TargetPlatform (34)
[2016.03.26-09.51.02:773][370]LogModuleManager: Shutting down and abandoning module Android_ETC1TargetPlatform (33)
[2016.03.26-09.51.02:773][370]LogModuleManager: Shutting down and abandoning module Android_DXTTargetPlatform (32)
[2016.03.26-09.51.02:773][370]LogModuleManager: Shutting down and abandoning module Android_ATCTargetPlatform (31)
[2016.03.26-09.51.02:773][370]LogModuleManager: Shutting down and abandoning module Android_ASTCTargetPlatform (30)
[2016.03.26-09.51.02:773][370]LogModuleManager: Shutting down and abandoning module AndroidTargetPlatform (29)
[2016.03.26-09.51.02:773][370]LogModuleManager: Shutting down and abandoning module WindowsTargetPlatform (28)
[2016.03.26-09.51.02:773][370]LogModuleManager: Shutting down and abandoning module WindowsServerTargetPlatform (27)
[2016.03.26-09.51.02:773][370]LogModuleManager: Shutting down and abandoning module WindowsNoEditorTargetPlatform (26)
[2016.03.26-09.51.02:773][370]LogModuleManager: Shutting down and abandoning module WindowsClientTargetPlatform (25)
[2016.03.26-09.51.02:773][370]LogModuleManager: Shutting down and abandoning module AllDesktopTargetPlatform (24)
[2016.03.26-09.51.02:773][370]LogModuleManager: Shutting down and abandoning module TargetPlatform (23)
[2016.03.26-09.51.02:773][370]LogModuleManager: Shutting down and abandoning module InputCore (22)
[2016.03.26-09.51.02:773][370]LogModuleManager: Shutting down and abandoning module Settings (21)
[2016.03.26-09.51.02:773][370]LogModuleManager: Shutting down and abandoning module OnlineSubsystem (19)
[2016.03.26-09.51.02:773][370]LogModuleManager: Shutting down and abandoning module HTTP (18)
[2016.03.26-09.51.04:777][370]LogModuleManager: Shutting down and abandoning module XMPP (17)
[2016.03.26-09.51.04:777][370]LogModuleManager: Shutting down and abandoning module OculusRift (16)
[2016.03.26-09.51.04:777][370]LogModuleManager: Shutting down and abandoning module ExampleDeviceProfileSelector (15)
[2016.03.26-09.51.04:777][370]LogModuleManager: Shutting down and abandoning module TextureCompressor (14)
[2016.03.26-09.51.04:777][370]LogModuleManager: Shutting down and abandoning module ShaderCore (13)
[2016.03.26-09.51.04:777][370]LogModuleManager: Shutting down and abandoning module Landscape (12)
[2016.03.26-09.51.04:777][370]LogModuleManager: Shutting down and abandoning module SlateRHIRenderer (11)
[2016.03.26-09.51.04:778][370]LogModuleManager: Shutting down and abandoning module OpenGLDrv (10)
[2016.03.26-09.51.04:778][370]LogModuleManager: Shutting down and abandoning module D3D11RHI (9)
[2016.03.26-09.51.04:778][370]LogModuleManager: Shutting down and abandoning module AnimGraphRuntime (8)
[2016.03.26-09.51.04:778][370]LogModuleManager: Shutting down and abandoning module Renderer (7)
[2016.03.26-09.51.04:778][370]LogModuleManager: Shutting down and abandoning module Engine (6)
[2016.03.26-09.51.04:778][370]LogModuleManager: Shutting down and abandoning module CoreUObject (5)
[2016.03.26-09.51.04:778][370]LogModuleManager: Shutting down and abandoning module NetworkFile (4)
[2016.03.26-09.51.04:778][370]LogModuleManager: Shutting down and abandoning module StreamingFile (3)
[2016.03.26-09.51.04:778][370]LogModuleManager: Shutting down and abandoning module SandboxFile (2)
[2016.03.26-09.51.04:778][370]LogModuleManager: Shutting down and abandoning module PakFile (1)
[2016.03.26-09.51.04:779][370]LogExit: Exiting.
[2016.03.26-09.51.04:781][370]Log file closed, 03/26/16 02:51:04
