[2016.03.24-18.20.21:218][  0]Log file open, 03/24/16 11:20:21
[2016.03.24-18.20.21:218][  0]LogInit:Display: Running engine for game: KillerSelf
[2016.03.24-18.20.21:218][  0]LogPlatformFile: Not using cached read wrapper
[2016.03.24-18.20.21:218][  0]LogInit:Display: RandInit(-109297118) SRandInit(-109297117).
[2016.03.24-18.20.21:218][  0]LogTaskGraph: Started task graph with 4 named threads and 7 total threads.
[2016.03.24-18.20.21:218][  0]LogStats: Stats thread started at 0.081477
[2016.03.24-18.20.21:218][  0]LogInit: Version: 4.10.4-2872498+++depot+UE4-Releases+4.10
[2016.03.24-18.20.21:218][  0]LogInit: API Version: 2758231
[2016.03.24-18.20.21:218][  0]LogInit: Compiled (64-bit): Feb 18 2016 15:47:04
[2016.03.24-18.20.21:218][  0]LogInit: Compiled with Visual C++: 19.00.23026.00
[2016.03.24-18.20.21:218][  0]LogInit: Build Configuration: Development
[2016.03.24-18.20.21:218][  0]LogInit: Branch Name: ++depot+UE4-Releases+4.10
[2016.03.24-18.20.21:218][  0]LogInit: Command line: -EpicPortal 
[2016.03.24-18.20.21:218][  0]LogInit: Base directory: C:/Program Files (x86)/Epic Games/4.10/Engine/Binaries/Win64/
[2016.03.24-18.20.21:218][  0]LogInit: Rocket: 1
[2016.03.24-18.20.21:226][  0]LogInit: Using libcurl 7.41.0
[2016.03.24-18.20.21:226][  0]LogInit:  - built for x86_64-pc-win32
[2016.03.24-18.20.21:226][  0]LogInit:  - supports SSL with WinSSL
[2016.03.24-18.20.21:226][  0]LogInit:  - other features:
[2016.03.24-18.20.21:226][  0]LogInit:      CURL_VERSION_SSL
[2016.03.24-18.20.21:226][  0]LogInit:      CURL_VERSION_IPV6
[2016.03.24-18.20.21:226][  0]LogInit:      CURL_VERSION_ASYNCHDNS
[2016.03.24-18.20.21:226][  0]LogInit:      CURL_VERSION_LARGEFILE
[2016.03.24-18.20.21:226][  0]LogInit:      CURL_VERSION_IDN
[2016.03.24-18.20.21:226][  0]LogInit:  CurlRequestOptions (configurable via config and command line):
[2016.03.24-18.20.21:226][  0]LogInit:  - bVerifyPeer = true  - Libcurl will verify peer certificate
[2016.03.24-18.20.21:226][  0]LogInit:  - bUseHttpProxy = false  - Libcurl will NOT use HTTP proxy
[2016.03.24-18.20.21:226][  0]LogInit:  - bDontReuseConnections = false  - Libcurl will reuse connections
[2016.03.24-18.20.21:226][  0]LogInit:  - CertBundlePath = nullptr  - Libcurl will use whatever was configured at build time.
[2016.03.24-18.20.21:234][  0]LogInit: Presizing for 0 objects not considered by GC, pre-allocating 0 bytes.
[2016.03.24-18.20.21:239][  0]LogInit: Object subsystem initialized
[2016.03.24-18.20.21:242][  0]LogInit: Selected Device Profile: [Windows]
[2016.03.24-18.20.21:242][  0]LogInit: Applying CVar settings loaded from the selected device profile: [Windows]
[2016.03.24-18.20.21:248][  0]LogInit: Computer: LENOVO-J0EL
[2016.03.24-18.20.21:248][  0]LogInit: User: 2xj00eLHM
[2016.03.24-18.20.21:248][  0]LogInit: CPU Page size=4096, Cores=4
[2016.03.24-18.20.21:248][  0]LogInit: High frequency timer resolution =2.338348 MHz
[2016.03.24-18.20.21:248][  0]LogMemory: Memory total: Physical=7.7GB (8GB approx)
[2016.03.24-18.20.21:248][  0]LogMemory: Platform Memory Stats for Windows
[2016.03.24-18.20.21:248][  0]LogMemory: Process Physical Memory: 56.04 MB used, 56.04 MB peak
[2016.03.24-18.20.21:248][  0]LogMemory: Process Virtual Memory: 54.98 MB used, 54.98 MB peak
[2016.03.24-18.20.21:248][  0]LogMemory: Physical Memory: 4033.90 MB used, 7912.27 MB total
[2016.03.24-18.20.21:248][  0]LogMemory: Virtual Memory: 369.77 MB used, 134217728.00 MB total
[2016.03.24-18.20.21:283][  0]LogTextLocalizationManager: No specific translations for ('en-US') exist, so ('en') translations will be used.
[2016.03.24-18.20.21:698][  0]LogD3D11RHI: Found D3D11 adapter 0: NVIDIA GeForce GT 750M  (Feature Level 11_0)
[2016.03.24-18.20.21:698][  0]LogD3D11RHI: Adapter has 1992MB of dedicated video memory, 0MB of dedicated system memory, and 3956MB of shared system memory, 1 output[s]
[2016.03.24-18.20.21:704][  0]LogD3D11RHI: Found D3D11 adapter 1: Intel(R) HD Graphics 4600 (Feature Level 11_0)
[2016.03.24-18.20.21:704][  0]LogD3D11RHI: Adapter has 112MB of dedicated video memory, 0MB of dedicated system memory, and 3956MB of shared system memory, 0 output[s]
[2016.03.24-18.20.21:705][  0]LogD3D11RHI: Found D3D11 adapter 2: Microsoft Basic Render Driver (Feature Level 11_0)
[2016.03.24-18.20.21:705][  0]LogD3D11RHI: Adapter has 0MB of dedicated video memory, 0MB of dedicated system memory, and 3956MB of shared system memory, 0 output[s]
[2016.03.24-18.20.21:705][  0]LogD3D11RHI: Chosen D3D11 Adapter Id = 0
[2016.03.24-18.20.21:709][  0]LogD3D11RHI: !Direct3DDevice
[2016.03.24-18.20.21:709][  0]LogRHI: Texture pool is 1361 MB (70% of 1945 MB)
[2016.03.24-18.20.21:721][  0]LogD3D11RHI: Async texture creation enabled
[2016.03.24-18.20.21:738][  0]LogShaderCompilers: Guid format shader working directory is -38 characters bigger than the processId version (../../../../../../Users/2xj00eL_HM/Documents/UCI/VGDC/KillerSelf/killer-self/KillerSelf/Intermediate/Shaders/WorkingDirectory/7528/).
[2016.03.24-18.20.21:739][  0]LogShaderCompilers: Cleaned the shader compiler working directory 'C:/Users/2XJ00E~1/AppData/Local/Temp/UnrealShaderWorkingDir/866CAE5E44DA343F5591688AA33C44CC/'.
[2016.03.24-18.20.21:739][  0]LogShaderCompilers:Display: Using Local Shader Compiler.
[2016.03.24-18.20.22:672][  0]LogTemp:Display: Loaded TP AllDesktopTargetPlatform
[2016.03.24-18.20.22:678][  0]LogTemp:Display: Loaded TP WindowsClientTargetPlatform
[2016.03.24-18.20.22:684][  0]LogTemp:Display: Loaded TP WindowsNoEditorTargetPlatform
[2016.03.24-18.20.22:690][  0]LogTemp:Display: Loaded TP WindowsServerTargetPlatform
[2016.03.24-18.20.22:695][  0]LogTemp:Display: Loaded TP WindowsTargetPlatform
[2016.03.24-18.20.22:699][  0]LogTemp:Display: Loaded TP AndroidTargetPlatform
[2016.03.24-18.20.22:702][  0]LogTemp:Display: Loaded TP Android_ASTCTargetPlatform
[2016.03.24-18.20.22:705][  0]LogTemp:Display: Loaded TP Android_ATCTargetPlatform
[2016.03.24-18.20.22:708][  0]LogTemp:Display: Loaded TP Android_DXTTargetPlatform
[2016.03.24-18.20.22:712][  0]LogTemp:Display: Loaded TP Android_ETC1TargetPlatform
[2016.03.24-18.20.22:715][  0]LogTemp:Display: Loaded TP Android_ETC2TargetPlatform
[2016.03.24-18.20.22:721][  0]LogTemp:Display: Loaded TP Android_MultiTargetPlatform
[2016.03.24-18.20.22:721][  0]LogTemp:Display: Loaded TP Android_PVRTCTargetPlatform
[2016.03.24-18.20.22:722][  0]LogTemp:Display: Loaded TP HTML5TargetPlatform
[2016.03.24-18.20.22:739][  0]LogTemp:Display: Loaded TP IOSTargetPlatform
[2016.03.24-18.20.22:742][  0]LogTemp:Display: Loaded TP LinuxNoEditorTargetPlatform
[2016.03.24-18.20.22:744][  0]LogTemp:Display: Loaded TP LinuxServerTargetPlatform
[2016.03.24-18.20.22:748][  0]LogTemp:Display: Loaded TP LinuxTargetPlatform
[2016.03.24-18.20.22:748][  0]LogTargetPlatformManager:Display: Building Assets For Windows
[2016.03.24-18.20.22:839][  0]LogDerivedDataCache:Display: Max Cache Size: 512 MB
[2016.03.24-18.20.22:882][  0]LogDerivedDataCache: Loaded boot cache 0.04s 41MB C:/Users/2xj00eL_HM/AppData/Local/UnrealEngine/4.10/DerivedDataCache/Boot.ddc.
[2016.03.24-18.20.22:882][  0]LogDerivedDataCache:Display: Loaded Boot cache: C:/Users/2xj00eL_HM/AppData/Local/UnrealEngine/4.10/DerivedDataCache/Boot.ddc
[2016.03.24-18.20.22:882][  0]LogDerivedDataCache: FDerivedDataBackendGraph:  Pak pak cache file ../../../../../../Users/2xj00eL_HM/Documents/UCI/VGDC/KillerSelf/killer-self/KillerSelf/DerivedDataCache/DDC.ddp not found, will not use a pak cache.
[2016.03.24-18.20.22:882][  0]LogDerivedDataCache: Unable to find inner node Pak for hierarchical cache Hierarchy.
[2016.03.24-18.20.22:882][  0]LogDerivedDataCache: FDerivedDataBackendGraph:  CompressedPak pak cache file ../../../../../../Users/2xj00eL_HM/Documents/UCI/VGDC/KillerSelf/killer-self/KillerSelf/DerivedDataCache/Compressed.ddp not found, will not use a pak cache.
[2016.03.24-18.20.22:882][  0]LogDerivedDataCache: Unable to find inner node CompressedPak for hierarchical cache Hierarchy.
[2016.03.24-18.20.22:939][  0]LogDerivedDataCache:Display: Pak cache opened for reading ../../../Engine/DerivedDataCache/Compressed.ddp.
[2016.03.24-18.20.22:951][  0]LogDerivedDataCache: Using Local data cache path C:/Users/2xj00eL_HM/AppData/Local/UnrealEngine/Common/DerivedDataCache: Writable
[2016.03.24-18.20.23:119][  0]LogInit: Selected Device Profile: [Windows]
[2016.03.24-18.20.23:121][  0]LogContentStreaming: Texture pool size is 0.000000MB
[2016.03.24-18.20.23:226][  0]LogMeshUtilities: No automatic mesh reduction module available
[2016.03.24-18.20.23:226][  0]LogMeshUtilities: No automatic mesh merging module available
[2016.03.24-18.20.23:432][  0]LogInit: WinSock: version 1.1 (2.2), MaxSocks=32767, MaxUdp=65467
[2016.03.24-18.20.24:202][  0]UdpMessaging: Initializing bridge on interface 0.0.0.0:0 to multicast group 230.0.0.1:6666.
[2016.03.24-18.20.24:302][  0]LogAssetRegistry: FAssetRegistry took 0.0108 seconds to start up
[2016.03.24-18.20.24:474][  0]SourceControl: Info Source control is disabled
[2016.03.24-18.20.24:489][  0]SourceControl: Info Source control is disabled
[2016.03.24-18.20.24:504][  0]SourceControl: Info Source control is disabled
[2016.03.24-18.20.24:517][  0]SourceControl: Info Source control is disabled
[2016.03.24-18.20.24:789][  0]LogObj: 28633 objects as part of root set at end of initial load.
[2016.03.24-18.20.24:789][  0]LogUObjectAllocator: 6099744 out of 0 bytes used by permanent object pool.
[2016.03.24-18.20.24:841][  0]LogEngine: Initializing Engine...
[2016.03.24-18.20.24:845][  0]LogHMD: Can't find Oculus library dev build: is proper Runtime installed? Version: 0.8.0.0
[2016.03.24-18.20.24:845][  0]LogHMD: SteamVR failed to initialize.  Err: 110
[2016.03.24-18.20.24:954][  0]LogAIModule: Creating AISystem for world NewWorld
[2016.03.24-18.20.24:958][  0]LogInit: XAudio2 using 'Speakers (Realtek High Definition Audio)' : 2 channels at 48 kHz using 32 bits per sample (channel mask 0x3)
[2016.03.24-18.20.24:969][  0]LogInit: FAudioDevice initialized.
[2016.03.24-18.20.24:991][  0]LogDerivedDataCache: Saved boot cache 0.02s 41MB C:/Users/2xj00eL_HM/AppData/Local/UnrealEngine/4.10/DerivedDataCache/Boot.ddc.
[2016.03.24-18.20.24:993][  0]LogInit: Texture streaming: Enabled
[2016.03.24-18.20.24:999][  0]LogAnalytics: Creating configured Analytics provider AnalyticsET
[2016.03.24-18.20.24:999][  0]LogAnalytics: [UEEditor.Rocket.Release] APIServer = http://et2.epicgames.com/ET2/. AppVersion = 4.10.4-2872498+++depot+UE4-Releases+4.10
[2016.03.24-18.20.24:999][  0]LogAnalytics: [UEEditor.Rocket.Release] SetUserId 0a6d3f04493b7bf62df5f59b3538611f|e76218b4339b490f89304ac4385d63ce|dc05e45b-e372-4620-8b76-0bef86102425
[2016.03.24-18.20.24:999][  0]LogAnalytics: [UEEditor.Rocket.Release] AnalyticsET::StartSession
[2016.03.24-18.20.25:008][  0]LogInit: Transaction tracking system initialized
[2016.03.24-18.20.25:038][  0]BlueprintLog: New page: Editor Load
[2016.03.24-18.20.25:366][  0]LocalizationService: Info Localization service is disabled
[2016.03.24-18.20.25:502][  0]LogConsoleResponse:Display: 
[2016.03.24-18.20.25:599][  0]LogCook:Display: Done creating registry. It took  0.00s.
[2016.03.24-18.20.25:671][  0]LogFileCache: Scanning file cache for directory 'C:/Users/2xj00eL_HM/Documents/UCI/VGDC/KillerSelf/killer-self/KillerSelf/Content/' took 0.01s
[2016.03.24-18.20.25:671][  0]SourceControl: Info Source control is disabled
[2016.03.24-18.20.25:672][  0]LogFactory: FactoryCreateBinary: PackFactory with PackFactory (0 0 C:/Program Files (x86)/Epic Games/4.10/FeaturePacks/StarterContent.upack)
[2016.03.24-18.20.25:717][  0]LogPackFactory: Finished extracting 8 files (including 0 errors).
[2016.03.24-18.20.25:730][  0]LogPackFactory: Copied "../../../Samples/StarterContent/Content/StarterContent/Architecture/Floor_400x400.uasset" to "../../../../../../Users/2xj00eL_HM/Documents/UCI/VGDC/KillerSelf/killer-self/KillerSelf/Content/StarterContent/Architecture/Floor_400x400.uasset"
[2016.03.24-18.20.25:743][  0]LogPackFactory: Copied "../../../Samples/StarterContent/Content/StarterContent/Architecture/Pillar_50x500.uasset" to "../../../../../../Users/2xj00eL_HM/Documents/UCI/VGDC/KillerSelf/killer-self/KillerSelf/Content/StarterContent/Architecture/Pillar_50x500.uasset"
[2016.03.24-18.20.25:768][  0]LogPackFactory: Copied "../../../Samples/StarterContent/Content/StarterContent/Architecture/SM_AssetPlatform.uasset" to "../../../../../../Users/2xj00eL_HM/Documents/UCI/VGDC/KillerSelf/killer-self/KillerSelf/Content/StarterContent/Architecture/SM_AssetPlatform.uasset"
[2016.03.24-18.20.25:783][  0]LogPackFactory: Copied "../../../Samples/StarterContent/Content/StarterContent/Architecture/Wall_400x200.uasset" to "../../../../../../Users/2xj00eL_HM/Documents/UCI/VGDC/KillerSelf/killer-self/KillerSelf/Content/StarterContent/Architecture/Wall_400x200.uasset"
[2016.03.24-18.20.25:799][  0]LogPackFactory: Copied "../../../Samples/StarterContent/Content/StarterContent/Architecture/Wall_400x300.uasset" to "../../../../../../Users/2xj00eL_HM/Documents/UCI/VGDC/KillerSelf/killer-self/KillerSelf/Content/StarterContent/Architecture/Wall_400x300.uasset"
[2016.03.24-18.20.25:809][  0]LogPackFactory: Copied "../../../Samples/StarterContent/Content/StarterContent/Architecture/Wall_400x400.uasset" to "../../../../../../Users/2xj00eL_HM/Documents/UCI/VGDC/KillerSelf/killer-self/KillerSelf/Content/StarterContent/Architecture/Wall_400x400.uasset"
[2016.03.24-18.20.25:826][  0]LogPackFactory: Copied "../../../Samples/StarterContent/Content/StarterContent/Architecture/Wall_500x500.uasset" to "../../../../../../Users/2xj00eL_HM/Documents/UCI/VGDC/KillerSelf/killer-self/KillerSelf/Content/StarterContent/Architecture/Wall_500x500.uasset"
[2016.03.24-18.20.25:850][  0]LogPackFactory: Copied "../../../Samples/StarterContent/Content/StarterContent/Architecture/Wall_Door_400x300.uasset" to "../../../../../../Users/2xj00eL_HM/Documents/UCI/VGDC/KillerSelf/killer-self/KillerSelf/Content/StarterContent/Architecture/Wall_Door_400x300.uasset"
[2016.03.24-18.20.25:864][  0]LogPackFactory: Copied "../../../Samples/StarterContent/Content/StarterContent/Architecture/Wall_Door_400x400.uasset" to "../../../../../../Users/2xj00eL_HM/Documents/UCI/VGDC/KillerSelf/killer-self/KillerSelf/Content/StarterContent/Architecture/Wall_Door_400x400.uasset"
[2016.03.24-18.20.25:880][  0]LogPackFactory: Copied "../../../Samples/StarterContent/Content/StarterContent/Architecture/Wall_Window_400x300.uasset" to "../../../../../../Users/2xj00eL_HM/Documents/UCI/VGDC/KillerSelf/killer-self/KillerSelf/Content/StarterContent/Architecture/Wall_Window_400x300.uasset"
[2016.03.24-18.20.25:897][  0]LogPackFactory: Copied "../../../Samples/StarterContent/Content/StarterContent/Architecture/Wall_Window_400x400.uasset" to "../../../../../../Users/2xj00eL_HM/Documents/UCI/VGDC/KillerSelf/killer-self/KillerSelf/Content/StarterContent/Architecture/Wall_Window_400x400.uasset"
[2016.03.24-18.20.25:922][  0]LogPackFactory: Copied "../../../Samples/StarterContent/Content/StarterContent/Audio/Collapse01.uasset" to "../../../../../../Users/2xj00eL_HM/Documents/UCI/VGDC/KillerSelf/killer-self/KillerSelf/Content/StarterContent/Audio/Collapse01.uasset"
[2016.03.24-18.20.25:938][  0]LogPackFactory: Copied "../../../Samples/StarterContent/Content/StarterContent/Audio/Collapse02.uasset" to "../../../../../../Users/2xj00eL_HM/Documents/UCI/VGDC/KillerSelf/killer-self/KillerSelf/Content/StarterContent/Audio/Collapse02.uasset"
[2016.03.24-18.20.25:951][  0]LogPackFactory: Copied "../../../Samples/StarterContent/Content/StarterContent/Audio/Collapse_Cue.uasset" to "../../../../../../Users/2xj00eL_HM/Documents/UCI/VGDC/KillerSelf/killer-self/KillerSelf/Content/StarterContent/Audio/Collapse_Cue.uasset"
[2016.03.24-18.20.25:990][  0]LogPackFactory: Copied "../../../Samples/StarterContent/Content/StarterContent/Audio/Explosion01.uasset" to "../../../../../../Users/2xj00eL_HM/Documents/UCI/VGDC/KillerSelf/killer-self/KillerSelf/Content/StarterContent/Audio/Explosion01.uasset"
[2016.03.24-18.20.26:001][  0]LogPackFactory: Copied "../../../Samples/StarterContent/Content/StarterContent/Audio/Explosion02.uasset" to "../../../../../../Users/2xj00eL_HM/Documents/UCI/VGDC/KillerSelf/killer-self/KillerSelf/Content/StarterContent/Audio/Explosion02.uasset"
[2016.03.24-18.20.26:012][  0]LogPackFactory: Copied "../../../Samples/StarterContent/Content/StarterContent/Audio/Explosion_Cue.uasset" to "../../../../../../Users/2xj00eL_HM/Documents/UCI/VGDC/KillerSelf/killer-self/KillerSelf/Content/StarterContent/Audio/Explosion_Cue.uasset"
[2016.03.24-18.20.26:050][  0]LogPackFactory: Copied "../../../Samples/StarterContent/Content/StarterContent/Audio/Fire01.uasset" to "../../../../../../Users/2xj00eL_HM/Documents/UCI/VGDC/KillerSelf/killer-self/KillerSelf/Content/StarterContent/Audio/Fire01.uasset"
[2016.03.24-18.20.26:059][  0]LogPackFactory: Copied "../../../Samples/StarterContent/Content/StarterContent/Audio/Fire01_Cue.uasset" to "../../../../../../Users/2xj00eL_HM/Documents/UCI/VGDC/KillerSelf/killer-self/KillerSelf/Content/StarterContent/Audio/Fire01_Cue.uasset"
[2016.03.24-18.20.26:099][  0]LogPackFactory: Copied "../../../Samples/StarterContent/Content/StarterContent/Audio/Fire_Sparks01.uasset" to "../../../../../../Users/2xj00eL_HM/Documents/UCI/VGDC/KillerSelf/killer-self/KillerSelf/Content/StarterContent/Audio/Fire_Sparks01.uasset"
[2016.03.24-18.20.26:099][  0]LogPackFactory: Copied "../../../Samples/StarterContent/Content/StarterContent/Audio/Fire_Sparks01_Cue.uasset" to "../../../../../../Users/2xj00eL_HM/Documents/UCI/VGDC/KillerSelf/killer-self/KillerSelf/Content/StarterContent/Audio/Fire_Sparks01_Cue.uasset"
[2016.03.24-18.20.26:113][  0]LogPackFactory: Copied "../../../Samples/StarterContent/Content/StarterContent/Audio/Light01.uasset" to "../../../../../../Users/2xj00eL_HM/Documents/UCI/VGDC/KillerSelf/killer-self/KillerSelf/Content/StarterContent/Audio/Light01.uasset"
[2016.03.24-18.20.26:124][  0]LogPackFactory: Copied "../../../Samples/StarterContent/Content/StarterContent/Audio/Light01_Cue.uasset" to "../../../../../../Users/2xj00eL_HM/Documents/UCI/VGDC/KillerSelf/killer-self/KillerSelf/Content/StarterContent/Audio/Light01_Cue.uasset"
[2016.03.24-18.20.26:141][  0]LogPackFactory: Copied "../../../Samples/StarterContent/Content/StarterContent/Audio/Light02.uasset" to "../../../../../../Users/2xj00eL_HM/Documents/UCI/VGDC/KillerSelf/killer-self/KillerSelf/Content/StarterContent/Audio/Light02.uasset"
[2016.03.24-18.20.26:153][  0]LogPackFactory: Copied "../../../Samples/StarterContent/Content/StarterContent/Audio/Light02_Cue.uasset" to "../../../../../../Users/2xj00eL_HM/Documents/UCI/VGDC/KillerSelf/killer-self/KillerSelf/Content/StarterContent/Audio/Light02_Cue.uasset"
[2016.03.24-18.20.26:191][  0]LogPackFactory: Copied "../../../Samples/StarterContent/Content/StarterContent/Audio/Smoke01.uasset" to "../../../../../../Users/2xj00eL_HM/Documents/UCI/VGDC/KillerSelf/killer-self/KillerSelf/Content/StarterContent/Audio/Smoke01.uasset"
[2016.03.24-18.20.26:207][  0]LogPackFactory: Copied "../../../Samples/StarterContent/Content/StarterContent/Audio/Smoke01_Cue.uasset" to "../../../../../../Users/2xj00eL_HM/Documents/UCI/VGDC/KillerSelf/killer-self/KillerSelf/Content/StarterContent/Audio/Smoke01_Cue.uasset"
[2016.03.24-18.20.26:227][  0]LogPackFactory: Copied "../../../Samples/StarterContent/Content/StarterContent/Audio/Starter_Background_Cue.uasset" to "../../../../../../Users/2xj00eL_HM/Documents/UCI/VGDC/KillerSelf/killer-self/KillerSelf/Content/StarterContent/Audio/Starter_Background_Cue.uasset"
[2016.03.24-18.20.26:277][  0]LogPackFactory: Copied "../../../Samples/StarterContent/Content/StarterContent/Audio/Starter_Birds01.uasset" to "../../../../../../Users/2xj00eL_HM/Documents/UCI/VGDC/KillerSelf/killer-self/KillerSelf/Content/StarterContent/Audio/Starter_Birds01.uasset"
[2016.03.24-18.20.26:833][  0]LogPackFactory: Copied "../../../Samples/StarterContent/Content/StarterContent/Audio/Starter_Music01.uasset" to "../../../../../../Users/2xj00eL_HM/Documents/UCI/VGDC/KillerSelf/killer-self/KillerSelf/Content/StarterContent/Audio/Starter_Music01.uasset"
[2016.03.24-18.20.26:888][  0]LogPackFactory: Copied "../../../Samples/StarterContent/Content/StarterContent/Audio/Starter_Music_Cue.uasset" to "../../../../../../Users/2xj00eL_HM/Documents/UCI/VGDC/KillerSelf/killer-self/KillerSelf/Content/StarterContent/Audio/Starter_Music_Cue.uasset"
[2016.03.24-18.20.26:958][  0]LogPackFactory: Copied "../../../Samples/StarterContent/Content/StarterContent/Audio/Starter_Wind05.uasset" to "../../../../../../Users/2xj00eL_HM/Documents/UCI/VGDC/KillerSelf/killer-self/KillerSelf/Content/StarterContent/Audio/Starter_Wind05.uasset"
[2016.03.24-18.20.27:016][  0]LogPackFactory: Copied "../../../Samples/StarterContent/Content/StarterContent/Audio/Starter_Wind06.uasset" to "../../../../../../Users/2xj00eL_HM/Documents/UCI/VGDC/KillerSelf/killer-self/KillerSelf/Content/StarterContent/Audio/Starter_Wind06.uasset"
[2016.03.24-18.20.27:040][  0]LogPackFactory: Copied "../../../Samples/StarterContent/Content/StarterContent/Audio/Steam01.uasset" to "../../../../../../Users/2xj00eL_HM/Documents/UCI/VGDC/KillerSelf/killer-self/KillerSelf/Content/StarterContent/Audio/Steam01.uasset"
[2016.03.24-18.20.27:059][  0]LogPackFactory: Copied "../../../Samples/StarterContent/Content/StarterContent/Audio/Steam01_Cue.uasset" to "../../../../../../Users/2xj00eL_HM/Documents/UCI/VGDC/KillerSelf/killer-self/KillerSelf/Content/StarterContent/Audio/Steam01_Cue.uasset"
[2016.03.24-18.20.27:079][  0]LogPackFactory: Copied "../../../Samples/StarterContent/Content/StarterContent/Blueprints/Blueprint_CeilingLight.uasset" to "../../../../../../Users/2xj00eL_HM/Documents/UCI/VGDC/KillerSelf/killer-self/KillerSelf/Content/StarterContent/Blueprints/Blueprint_CeilingLight.uasset"
[2016.03.24-18.20.27:094][  0]LogPackFactory: Copied "../../../Samples/StarterContent/Content/StarterContent/Blueprints/Blueprint_Effect_Explosion.uasset" to "../../../../../../Users/2xj00eL_HM/Documents/UCI/VGDC/KillerSelf/killer-self/KillerSelf/Content/StarterContent/Blueprints/Blueprint_Effect_Explosion.uasset"
[2016.03.24-18.20.27:101][  0]LogPackFactory: Copied "../../../Samples/StarterContent/Content/StarterContent/Blueprints/Blueprint_Effect_Fire.uasset" to "../../../../../../Users/2xj00eL_HM/Documents/UCI/VGDC/KillerSelf/killer-self/KillerSelf/Content/StarterContent/Blueprints/Blueprint_Effect_Fire.uasset"
[2016.03.24-18.20.27:113][  0]LogPackFactory: Copied "../../../Samples/StarterContent/Content/StarterContent/Blueprints/Blueprint_Effect_Smoke.uasset" to "../../../../../../Users/2xj00eL_HM/Documents/UCI/VGDC/KillerSelf/killer-self/KillerSelf/Content/StarterContent/Blueprints/Blueprint_Effect_Smoke.uasset"
[2016.03.24-18.20.27:119][  0]LogPackFactory: Copied "../../../Samples/StarterContent/Content/StarterContent/Blueprints/Blueprint_Effect_Sparks.uasset" to "../../../../../../Users/2xj00eL_HM/Documents/UCI/VGDC/KillerSelf/killer-self/KillerSelf/Content/StarterContent/Blueprints/Blueprint_Effect_Sparks.uasset"
[2016.03.24-18.20.27:130][  0]LogPackFactory: Copied "../../../Samples/StarterContent/Content/StarterContent/Blueprints/Blueprint_Effect_Steam.uasset" to "../../../../../../Users/2xj00eL_HM/Documents/UCI/VGDC/KillerSelf/killer-self/KillerSelf/Content/StarterContent/Blueprints/Blueprint_Effect_Steam.uasset"
[2016.03.24-18.20.27:144][  0]LogPackFactory: Copied "../../../Samples/StarterContent/Content/StarterContent/Blueprints/Blueprint_WallSconce.uasset" to "../../../../../../Users/2xj00eL_HM/Documents/UCI/VGDC/KillerSelf/killer-self/KillerSelf/Content/StarterContent/Blueprints/Blueprint_WallSconce.uasset"
[2016.03.24-18.20.27:172][  0]LogPackFactory: Copied "../../../Samples/StarterContent/Content/StarterContent/Blueprints/BP_LightStudio.uasset" to "../../../../../../Users/2xj00eL_HM/Documents/UCI/VGDC/KillerSelf/killer-self/KillerSelf/Content/StarterContent/Blueprints/BP_LightStudio.uasset"
[2016.03.24-18.20.27:185][  0]LogPackFactory: Copied "../../../Samples/StarterContent/Content/StarterContent/Blueprints/Assets/FogBrightnessLUT.uasset" to "../../../../../../Users/2xj00eL_HM/Documents/UCI/VGDC/KillerSelf/killer-self/KillerSelf/Content/StarterContent/Blueprints/Assets/FogBrightnessLUT.uasset"
[2016.03.24-18.20.27:197][  0]LogPackFactory: Copied "../../../Samples/StarterContent/Content/StarterContent/Blueprints/Assets/M_LightStage_Arrows.uasset" to "../../../../../../Users/2xj00eL_HM/Documents/UCI/VGDC/KillerSelf/killer-self/KillerSelf/Content/StarterContent/Blueprints/Assets/M_LightStage_Arrows.uasset"
[2016.03.24-18.20.27:212][  0]LogPackFactory: Copied "../../../Samples/StarterContent/Content/StarterContent/Blueprints/Assets/M_LightStage_Skybox_Black.uasset" to "../../../../../../Users/2xj00eL_HM/Documents/UCI/VGDC/KillerSelf/killer-self/KillerSelf/Content/StarterContent/Blueprints/Assets/M_LightStage_Skybox_Black.uasset"
[2016.03.24-18.20.27:232][  0]LogPackFactory: Copied "../../../Samples/StarterContent/Content/StarterContent/Blueprints/Assets/M_LightStage_Skybox_HDRI.uasset" to "../../../../../../Users/2xj00eL_HM/Documents/UCI/VGDC/KillerSelf/killer-self/KillerSelf/Content/StarterContent/Blueprints/Assets/M_LightStage_Skybox_HDRI.uasset"
[2016.03.24-18.20.27:233][  0]LogPackFactory: Copied "../../../Samples/StarterContent/Content/StarterContent/Blueprints/Assets/M_LightStage_Skybox_Master.uasset" to "../../../../../../Users/2xj00eL_HM/Documents/UCI/VGDC/KillerSelf/killer-self/KillerSelf/Content/StarterContent/Blueprints/Assets/M_LightStage_Skybox_Master.uasset"
[2016.03.24-18.20.27:257][  0]LogPackFactory: Copied "../../../Samples/StarterContent/Content/StarterContent/Blueprints/Assets/Skybox.uasset" to "../../../../../../Users/2xj00eL_HM/Documents/UCI/VGDC/KillerSelf/killer-self/KillerSelf/Content/StarterContent/Blueprints/Assets/Skybox.uasset"
[2016.03.24-18.20.27:296][  0]LogPackFactory: Copied "../../../Samples/StarterContent/Content/StarterContent/Blueprints/Assets/SM_Arrows.uasset" to "../../../../../../Users/2xj00eL_HM/Documents/UCI/VGDC/KillerSelf/killer-self/KillerSelf/Content/StarterContent/Blueprints/Assets/SM_Arrows.uasset"
[2016.03.24-18.20.27:313][  0]LogPackFactory: Copied "../../../Samples/StarterContent/Content/StarterContent/Blueprints/Assets/SunlightColorLUT.uasset" to "../../../../../../Users/2xj00eL_HM/Documents/UCI/VGDC/KillerSelf/killer-self/KillerSelf/Content/StarterContent/Blueprints/Assets/SunlightColorLUT.uasset"
[2016.03.24-18.20.28:825][  0]LogPackFactory: Copied "../../../Samples/StarterContent/Content/StarterContent/HDRI/HDRI_Epic_Courtyard_Daylight.uasset" to "../../../../../../Users/2xj00eL_HM/Documents/UCI/VGDC/KillerSelf/killer-self/KillerSelf/Content/StarterContent/HDRI/HDRI_Epic_Courtyard_Daylight.uasset"
[2016.03.24-18.20.28:842][  0]LogPackFactory: Copied "../../../Samples/StarterContent/Content/StarterContent/Maps/Advanced_Lighting.umap" to "../../../../../../Users/2xj00eL_HM/Documents/UCI/VGDC/KillerSelf/killer-self/KillerSelf/Content/StarterContent/Maps/Advanced_Lighting.umap"
[2016.03.24-18.20.28:888][  0]LogPackFactory: Copied "../../../Samples/StarterContent/Content/StarterContent/Maps/Minimal_Default.umap" to "../../../../../../Users/2xj00eL_HM/Documents/UCI/VGDC/KillerSelf/killer-self/KillerSelf/Content/StarterContent/Maps/Minimal_Default.umap"
[2016.03.24-18.20.29:127][  0]LogPackFactory: Copied "../../../Samples/StarterContent/Content/StarterContent/Maps/StarterMap.umap" to "../../../../../../Users/2xj00eL_HM/Documents/UCI/VGDC/KillerSelf/killer-self/KillerSelf/Content/StarterContent/Maps/StarterMap.umap"
[2016.03.24-18.20.29:147][  0]LogPackFactory: Copied "../../../Samples/StarterContent/Content/StarterContent/Materials/M_AssetPlatform.uasset" to "../../../../../../Users/2xj00eL_HM/Documents/UCI/VGDC/KillerSelf/killer-self/KillerSelf/Content/StarterContent/Materials/M_AssetPlatform.uasset"
[2016.03.24-18.20.29:154][  0]LogPackFactory: Copied "../../../Samples/StarterContent/Content/StarterContent/Materials/M_Basic_Floor.uasset" to "../../../../../../Users/2xj00eL_HM/Documents/UCI/VGDC/KillerSelf/killer-self/KillerSelf/Content/StarterContent/Materials/M_Basic_Floor.uasset"
[2016.03.24-18.20.29:169][  0]LogPackFactory: Copied "../../../Samples/StarterContent/Content/StarterContent/Materials/M_Basic_Wall.uasset" to "../../../../../../Users/2xj00eL_HM/Documents/UCI/VGDC/KillerSelf/killer-self/KillerSelf/Content/StarterContent/Materials/M_Basic_Wall.uasset"
[2016.03.24-18.20.29:182][  0]LogPackFactory: Copied "../../../Samples/StarterContent/Content/StarterContent/Materials/M_Brick_Clay_Beveled.uasset" to "../../../../../../Users/2xj00eL_HM/Documents/UCI/VGDC/KillerSelf/killer-self/KillerSelf/Content/StarterContent/Materials/M_Brick_Clay_Beveled.uasset"
[2016.03.24-18.20.29:199][  0]LogPackFactory: Copied "../../../Samples/StarterContent/Content/StarterContent/Materials/M_Brick_Clay_New.uasset" to "../../../../../../Users/2xj00eL_HM/Documents/UCI/VGDC/KillerSelf/killer-self/KillerSelf/Content/StarterContent/Materials/M_Brick_Clay_New.uasset"
[2016.03.24-18.20.29:249][  0]LogPackFactory: Copied "../../../Samples/StarterContent/Content/StarterContent/Materials/M_Brick_Clay_Old.uasset" to "../../../../../../Users/2xj00eL_HM/Documents/UCI/VGDC/KillerSelf/killer-self/KillerSelf/Content/StarterContent/Materials/M_Brick_Clay_Old.uasset"
[2016.03.24-18.20.29:503][  0]LogPackFactory: Copied "../../../Samples/StarterContent/Content/StarterContent/Materials/M_Brick_Cut_Stone.uasset" to "../../../../../../Users/2xj00eL_HM/Documents/UCI/VGDC/KillerSelf/killer-self/KillerSelf/Content/StarterContent/Materials/M_Brick_Cut_Stone.uasset"
[2016.03.24-18.20.29:980][  0]LogPackFactory: Copied "../../../Samples/StarterContent/Content/StarterContent/Materials/M_Brick_Hewn_Stone.uasset" to "../../../../../../Users/2xj00eL_HM/Documents/UCI/VGDC/KillerSelf/killer-self/KillerSelf/Content/StarterContent/Materials/M_Brick_Hewn_Stone.uasset"
[2016.03.24-18.20.29:994][  0]LogPackFactory: Copied "../../../Samples/StarterContent/Content/StarterContent/Materials/M_Ceramic_Tile_Checker.uasset" to "../../../../../../Users/2xj00eL_HM/Documents/UCI/VGDC/KillerSelf/killer-self/KillerSelf/Content/StarterContent/Materials/M_Ceramic_Tile_Checker.uasset"
[2016.03.24-18.20.30:002][  0]LogPackFactory: Copied "../../../Samples/StarterContent/Content/StarterContent/Materials/M_CobbleStone_Pebble.uasset" to "../../../../../../Users/2xj00eL_HM/Documents/UCI/VGDC/KillerSelf/killer-self/KillerSelf/Content/StarterContent/Materials/M_CobbleStone_Pebble.uasset"
[2016.03.24-18.20.30:020][  0]LogPackFactory: Copied "../../../Samples/StarterContent/Content/StarterContent/Materials/M_CobbleStone_Rough.uasset" to "../../../../../../Users/2xj00eL_HM/Documents/UCI/VGDC/KillerSelf/killer-self/KillerSelf/Content/StarterContent/Materials/M_CobbleStone_Rough.uasset"
[2016.03.24-18.20.30:043][  0]LogPackFactory: Copied "../../../Samples/StarterContent/Content/StarterContent/Materials/M_CobbleStone_Smooth.uasset" to "../../../../../../Users/2xj00eL_HM/Documents/UCI/VGDC/KillerSelf/killer-self/KillerSelf/Content/StarterContent/Materials/M_CobbleStone_Smooth.uasset"
[2016.03.24-18.20.30:058][  0]LogPackFactory: Copied "../../../Samples/StarterContent/Content/StarterContent/Materials/M_ColorGrid_LowSpec.uasset" to "../../../../../../Users/2xj00eL_HM/Documents/UCI/VGDC/KillerSelf/killer-self/KillerSelf/Content/StarterContent/Materials/M_ColorGrid_LowSpec.uasset"
[2016.03.24-18.20.30:065][  0]LogPackFactory: Copied "../../../Samples/StarterContent/Content/StarterContent/Materials/M_Concrete_Grime.uasset" to "../../../../../../Users/2xj00eL_HM/Documents/UCI/VGDC/KillerSelf/killer-self/KillerSelf/Content/StarterContent/Materials/M_Concrete_Grime.uasset"
[2016.03.24-18.20.30:079][  0]LogPackFactory: Copied "../../../Samples/StarterContent/Content/StarterContent/Materials/M_Concrete_Panels.uasset" to "../../../../../../Users/2xj00eL_HM/Documents/UCI/VGDC/KillerSelf/killer-self/KillerSelf/Content/StarterContent/Materials/M_Concrete_Panels.uasset"
[2016.03.24-18.20.30:108][  0]LogPackFactory: Copied "../../../Samples/StarterContent/Content/StarterContent/Materials/M_Concrete_Poured.uasset" to "../../../../../../Users/2xj00eL_HM/Documents/UCI/VGDC/KillerSelf/killer-self/KillerSelf/Content/StarterContent/Materials/M_Concrete_Poured.uasset"
[2016.03.24-18.20.30:135][  0]LogPackFactory: Copied "../../../Samples/StarterContent/Content/StarterContent/Materials/M_Concrete_Tiles.uasset" to "../../../../../../Users/2xj00eL_HM/Documents/UCI/VGDC/KillerSelf/killer-self/KillerSelf/Content/StarterContent/Materials/M_Concrete_Tiles.uasset"
[2016.03.24-18.20.30:154][  0]LogPackFactory: Copied "../../../Samples/StarterContent/Content/StarterContent/Materials/M_Glass.uasset" to "../../../../../../Users/2xj00eL_HM/Documents/UCI/VGDC/KillerSelf/killer-self/KillerSelf/Content/StarterContent/Materials/M_Glass.uasset"
[2016.03.24-18.20.30:166][  0]LogPackFactory: Copied "../../../Samples/StarterContent/Content/StarterContent/Materials/M_Ground_Grass.uasset" to "../../../../../../Users/2xj00eL_HM/Documents/UCI/VGDC/KillerSelf/killer-self/KillerSelf/Content/StarterContent/Materials/M_Ground_Grass.uasset"
[2016.03.24-18.20.30:183][  0]LogPackFactory: Copied "../../../Samples/StarterContent/Content/StarterContent/Materials/M_Ground_Gravel.uasset" to "../../../../../../Users/2xj00eL_HM/Documents/UCI/VGDC/KillerSelf/killer-self/KillerSelf/Content/StarterContent/Materials/M_Ground_Gravel.uasset"
[2016.03.24-18.20.30:193][  0]LogPackFactory: Copied "../../../Samples/StarterContent/Content/StarterContent/Materials/M_Ground_Moss.uasset" to "../../../../../../Users/2xj00eL_HM/Documents/UCI/VGDC/KillerSelf/killer-self/KillerSelf/Content/StarterContent/Materials/M_Ground_Moss.uasset"
[2016.03.24-18.20.30:201][  0]LogPackFactory: Copied "../../../Samples/StarterContent/Content/StarterContent/Materials/M_Metal_Brushed_Nickel.uasset" to "../../../../../../Users/2xj00eL_HM/Documents/UCI/VGDC/KillerSelf/killer-self/KillerSelf/Content/StarterContent/Materials/M_Metal_Brushed_Nickel.uasset"
[2016.03.24-18.20.30:232][  0]LogPackFactory: Copied "../../../Samples/StarterContent/Content/StarterContent/Materials/M_Metal_Burnished_Steel.uasset" to "../../../../../../Users/2xj00eL_HM/Documents/UCI/VGDC/KillerSelf/killer-self/KillerSelf/Content/StarterContent/Materials/M_Metal_Burnished_Steel.uasset"
[2016.03.24-18.20.30:241][  0]LogPackFactory: Copied "../../../Samples/StarterContent/Content/StarterContent/Materials/M_Metal_Chrome.uasset" to "../../../../../../Users/2xj00eL_HM/Documents/UCI/VGDC/KillerSelf/killer-self/KillerSelf/Content/StarterContent/Materials/M_Metal_Chrome.uasset"
[2016.03.24-18.20.30:257][  0]LogPackFactory: Copied "../../../Samples/StarterContent/Content/StarterContent/Materials/M_Metal_Copper.uasset" to "../../../../../../Users/2xj00eL_HM/Documents/UCI/VGDC/KillerSelf/killer-self/KillerSelf/Content/StarterContent/Materials/M_Metal_Copper.uasset"
[2016.03.24-18.20.30:300][  0]LogPackFactory: Copied "../../../Samples/StarterContent/Content/StarterContent/Materials/M_Metal_Gold.uasset" to "../../../../../../Users/2xj00eL_HM/Documents/UCI/VGDC/KillerSelf/killer-self/KillerSelf/Content/StarterContent/Materials/M_Metal_Gold.uasset"
[2016.03.24-18.20.30:317][  0]LogPackFactory: Copied "../../../Samples/StarterContent/Content/StarterContent/Materials/M_Metal_Rust.uasset" to "../../../../../../Users/2xj00eL_HM/Documents/UCI/VGDC/KillerSelf/killer-self/KillerSelf/Content/StarterContent/Materials/M_Metal_Rust.uasset"
[2016.03.24-18.20.30:332][  0]LogPackFactory: Copied "../../../Samples/StarterContent/Content/StarterContent/Materials/M_Metal_Steel.uasset" to "../../../../../../Users/2xj00eL_HM/Documents/UCI/VGDC/KillerSelf/killer-self/KillerSelf/Content/StarterContent/Materials/M_Metal_Steel.uasset"
[2016.03.24-18.20.30:347][  0]LogPackFactory: Copied "../../../Samples/StarterContent/Content/StarterContent/Materials/M_Rock_Basalt.uasset" to "../../../../../../Users/2xj00eL_HM/Documents/UCI/VGDC/KillerSelf/killer-self/KillerSelf/Content/StarterContent/Materials/M_Rock_Basalt.uasset"
[2016.03.24-18.20.30:364][  0]LogPackFactory: Copied "../../../Samples/StarterContent/Content/StarterContent/Materials/M_Rock_Marble_Polished.uasset" to "../../../../../../Users/2xj00eL_HM/Documents/UCI/VGDC/KillerSelf/killer-self/KillerSelf/Content/StarterContent/Materials/M_Rock_Marble_Polished.uasset"
[2016.03.24-18.20.30:375][  0]LogPackFactory: Copied "../../../Samples/StarterContent/Content/StarterContent/Materials/M_Rock_Sandstone.uasset" to "../../../../../../Users/2xj00eL_HM/Documents/UCI/VGDC/KillerSelf/killer-self/KillerSelf/Content/StarterContent/Materials/M_Rock_Sandstone.uasset"
[2016.03.24-18.20.30:385][  0]LogPackFactory: Copied "../../../Samples/StarterContent/Content/StarterContent/Materials/M_Rock_Slate.uasset" to "../../../../../../Users/2xj00eL_HM/Documents/UCI/VGDC/KillerSelf/killer-self/KillerSelf/Content/StarterContent/Materials/M_Rock_Slate.uasset"
[2016.03.24-18.20.30:395][  0]LogPackFactory: Copied "../../../Samples/StarterContent/Content/StarterContent/Materials/M_Tech_Checker_Dot.uasset" to "../../../../../../Users/2xj00eL_HM/Documents/UCI/VGDC/KillerSelf/killer-self/KillerSelf/Content/StarterContent/Materials/M_Tech_Checker_Dot.uasset"
[2016.03.24-18.20.30:430][  0]LogPackFactory: Copied "../../../Samples/StarterContent/Content/StarterContent/Materials/M_Tech_Hex_Tile.uasset" to "../../../../../../Users/2xj00eL_HM/Documents/UCI/VGDC/KillerSelf/killer-self/KillerSelf/Content/StarterContent/Materials/M_Tech_Hex_Tile.uasset"
[2016.03.24-18.20.30:446][  0]LogPackFactory: Copied "../../../Samples/StarterContent/Content/StarterContent/Materials/M_Tech_Hex_Tile_Pulse.uasset" to "../../../../../../Users/2xj00eL_HM/Documents/UCI/VGDC/KillerSelf/killer-self/KillerSelf/Content/StarterContent/Materials/M_Tech_Hex_Tile_Pulse.uasset"
[2016.03.24-18.20.30:459][  0]LogPackFactory: Copied "../../../Samples/StarterContent/Content/StarterContent/Materials/M_Tech_Panel.uasset" to "../../../../../../Users/2xj00eL_HM/Documents/UCI/VGDC/KillerSelf/killer-self/KillerSelf/Content/StarterContent/Materials/M_Tech_Panel.uasset"
[2016.03.24-18.20.30:475][  0]LogPackFactory: Copied "../../../Samples/StarterContent/Content/StarterContent/Materials/M_Water_Lake.uasset" to "../../../../../../Users/2xj00eL_HM/Documents/UCI/VGDC/KillerSelf/killer-self/KillerSelf/Content/StarterContent/Materials/M_Water_Lake.uasset"
[2016.03.24-18.20.30:502][  0]LogPackFactory: Copied "../../../Samples/StarterContent/Content/StarterContent/Materials/M_Water_Ocean.uasset" to "../../../../../../Users/2xj00eL_HM/Documents/UCI/VGDC/KillerSelf/killer-self/KillerSelf/Content/StarterContent/Materials/M_Water_Ocean.uasset"
[2016.03.24-18.20.30:522][  0]LogPackFactory: Copied "../../../Samples/StarterContent/Content/StarterContent/Materials/M_Wood_Floor_Walnut_Polished.uasset" to "../../../../../../Users/2xj00eL_HM/Documents/UCI/VGDC/KillerSelf/killer-self/KillerSelf/Content/StarterContent/Materials/M_Wood_Floor_Walnut_Polished.uasset"
[2016.03.24-18.20.30:555][  0]LogPackFactory: Copied "../../../Samples/StarterContent/Content/StarterContent/Materials/M_Wood_Floor_Walnut_Worn.uasset" to "../../../../../../Users/2xj00eL_HM/Documents/UCI/VGDC/KillerSelf/killer-self/KillerSelf/Content/StarterContent/Materials/M_Wood_Floor_Walnut_Worn.uasset"
[2016.03.24-18.20.30:569][  0]LogPackFactory: Copied "../../../Samples/StarterContent/Content/StarterContent/Materials/M_Wood_Oak.uasset" to "../../../../../../Users/2xj00eL_HM/Documents/UCI/VGDC/KillerSelf/killer-self/KillerSelf/Content/StarterContent/Materials/M_Wood_Oak.uasset"
[2016.03.24-18.20.30:616][  0]LogPackFactory: Copied "../../../Samples/StarterContent/Content/StarterContent/Materials/M_Wood_Pine.uasset" to "../../../../../../Users/2xj00eL_HM/Documents/UCI/VGDC/KillerSelf/killer-self/KillerSelf/Content/StarterContent/Materials/M_Wood_Pine.uasset"
[2016.03.24-18.20.31:050][  0]LogPackFactory: Copied "../../../Samples/StarterContent/Content/StarterContent/Materials/M_Wood_Walnut.uasset" to "../../../../../../Users/2xj00eL_HM/Documents/UCI/VGDC/KillerSelf/killer-self/KillerSelf/Content/StarterContent/Materials/M_Wood_Walnut.uasset"
[2016.03.24-18.20.31:072][  0]LogPackFactory: Copied "../../../Samples/StarterContent/Content/StarterContent/Particles/P_Ambient_Dust.uasset" to "../../../../../../Users/2xj00eL_HM/Documents/UCI/VGDC/KillerSelf/killer-self/KillerSelf/Content/StarterContent/Particles/P_Ambient_Dust.uasset"
[2016.03.24-18.20.31:087][  0]LogPackFactory: Copied "../../../Samples/StarterContent/Content/StarterContent/Particles/P_Explosion.uasset" to "../../../../../../Users/2xj00eL_HM/Documents/UCI/VGDC/KillerSelf/killer-self/KillerSelf/Content/StarterContent/Particles/P_Explosion.uasset"
[2016.03.24-18.20.31:112][  0]LogPackFactory: Copied "../../../Samples/StarterContent/Content/StarterContent/Particles/P_Fire.uasset" to "../../../../../../Users/2xj00eL_HM/Documents/UCI/VGDC/KillerSelf/killer-self/KillerSelf/Content/StarterContent/Particles/P_Fire.uasset"
[2016.03.24-18.20.31:126][  0]LogPackFactory: Copied "../../../Samples/StarterContent/Content/StarterContent/Particles/P_Smoke.uasset" to "../../../../../../Users/2xj00eL_HM/Documents/UCI/VGDC/KillerSelf/killer-self/KillerSelf/Content/StarterContent/Particles/P_Smoke.uasset"
[2016.03.24-18.20.31:150][  0]LogPackFactory: Copied "../../../Samples/StarterContent/Content/StarterContent/Particles/P_Sparks.uasset" to "../../../../../../Users/2xj00eL_HM/Documents/UCI/VGDC/KillerSelf/killer-self/KillerSelf/Content/StarterContent/Particles/P_Sparks.uasset"
[2016.03.24-18.20.31:158][  0]LogPackFactory: Copied "../../../Samples/StarterContent/Content/StarterContent/Particles/P_Steam_Lit.uasset" to "../../../../../../Users/2xj00eL_HM/Documents/UCI/VGDC/KillerSelf/killer-self/KillerSelf/Content/StarterContent/Particles/P_Steam_Lit.uasset"
[2016.03.24-18.20.31:166][  0]LogPackFactory: Copied "../../../Samples/StarterContent/Content/StarterContent/Particles/Materials/M_Burst.uasset" to "../../../../../../Users/2xj00eL_HM/Documents/UCI/VGDC/KillerSelf/killer-self/KillerSelf/Content/StarterContent/Particles/Materials/M_Burst.uasset"
[2016.03.24-18.20.31:169][  0]LogPackFactory: Copied "../../../Samples/StarterContent/Content/StarterContent/Particles/Materials/M_Dust_Particle.uasset" to "../../../../../../Users/2xj00eL_HM/Documents/UCI/VGDC/KillerSelf/killer-self/KillerSelf/Content/StarterContent/Particles/Materials/M_Dust_Particle.uasset"
[2016.03.24-18.20.31:183][  0]LogPackFactory: Copied "../../../Samples/StarterContent/Content/StarterContent/Particles/Materials/M_explosion_subUV.uasset" to "../../../../../../Users/2xj00eL_HM/Documents/UCI/VGDC/KillerSelf/killer-self/KillerSelf/Content/StarterContent/Particles/Materials/M_explosion_subUV.uasset"
[2016.03.24-18.20.31:192][  0]LogPackFactory: Copied "../../../Samples/StarterContent/Content/StarterContent/Particles/Materials/M_Fire_SubUV.uasset" to "../../../../../../Users/2xj00eL_HM/Documents/UCI/VGDC/KillerSelf/killer-self/KillerSelf/Content/StarterContent/Particles/Materials/M_Fire_SubUV.uasset"
[2016.03.24-18.20.31:204][  0]LogPackFactory: Copied "../../../Samples/StarterContent/Content/StarterContent/Particles/Materials/m_flare_01.uasset" to "../../../../../../Users/2xj00eL_HM/Documents/UCI/VGDC/KillerSelf/killer-self/KillerSelf/Content/StarterContent/Particles/Materials/m_flare_01.uasset"
[2016.03.24-18.20.31:224][  0]LogPackFactory: Copied "../../../Samples/StarterContent/Content/StarterContent/Particles/Materials/M_Heat_Distortion.uasset" to "../../../../../../Users/2xj00eL_HM/Documents/UCI/VGDC/KillerSelf/killer-self/KillerSelf/Content/StarterContent/Particles/Materials/M_Heat_Distortion.uasset"
[2016.03.24-18.20.31:240][  0]LogPackFactory: Copied "../../../Samples/StarterContent/Content/StarterContent/Particles/Materials/M_Radial_Gradient.uasset" to "../../../../../../Users/2xj00eL_HM/Documents/UCI/VGDC/KillerSelf/killer-self/KillerSelf/Content/StarterContent/Particles/Materials/M_Radial_Gradient.uasset"
[2016.03.24-18.20.31:245][  0]LogPackFactory: Copied "../../../Samples/StarterContent/Content/StarterContent/Particles/Materials/M_radial_ramp.uasset" to "../../../../../../Users/2xj00eL_HM/Documents/UCI/VGDC/KillerSelf/killer-self/KillerSelf/Content/StarterContent/Particles/Materials/M_radial_ramp.uasset"
[2016.03.24-18.20.31:263][  0]LogPackFactory: Copied "../../../Samples/StarterContent/Content/StarterContent/Particles/Materials/M_smoke_subUV.uasset" to "../../../../../../Users/2xj00eL_HM/Documents/UCI/VGDC/KillerSelf/killer-self/KillerSelf/Content/StarterContent/Particles/Materials/M_smoke_subUV.uasset"
[2016.03.24-18.20.31:279][  0]LogPackFactory: Copied "../../../Samples/StarterContent/Content/StarterContent/Particles/Materials/M_Spark.uasset" to "../../../../../../Users/2xj00eL_HM/Documents/UCI/VGDC/KillerSelf/killer-self/KillerSelf/Content/StarterContent/Particles/Materials/M_Spark.uasset"
[2016.03.24-18.20.31:291][  0]LogPackFactory: Copied "../../../Samples/StarterContent/Content/StarterContent/Props/MaterialSphere.uasset" to "../../../../../../Users/2xj00eL_HM/Documents/UCI/VGDC/KillerSelf/killer-self/KillerSelf/Content/StarterContent/Props/MaterialSphere.uasset"
[2016.03.24-18.20.31:301][  0]LogPackFactory: Copied "../../../Samples/StarterContent/Content/StarterContent/Props/SM_Bush.uasset" to "../../../../../../Users/2xj00eL_HM/Documents/UCI/VGDC/KillerSelf/killer-self/KillerSelf/Content/StarterContent/Props/SM_Bush.uasset"
[2016.03.24-18.20.31:316][  0]LogPackFactory: Copied "../../../Samples/StarterContent/Content/StarterContent/Props/SM_Chair.uasset" to "../../../../../../Users/2xj00eL_HM/Documents/UCI/VGDC/KillerSelf/killer-self/KillerSelf/Content/StarterContent/Props/SM_Chair.uasset"
[2016.03.24-18.20.31:328][  0]LogPackFactory: Copied "../../../Samples/StarterContent/Content/StarterContent/Props/SM_CornerFrame.uasset" to "../../../../../../Users/2xj00eL_HM/Documents/UCI/VGDC/KillerSelf/killer-self/KillerSelf/Content/StarterContent/Props/SM_CornerFrame.uasset"
[2016.03.24-18.20.31:374][  0]LogPackFactory: Copied "../../../Samples/StarterContent/Content/StarterContent/Props/SM_Couch.uasset" to "../../../../../../Users/2xj00eL_HM/Documents/UCI/VGDC/KillerSelf/killer-self/KillerSelf/Content/StarterContent/Props/SM_Couch.uasset"
[2016.03.24-18.20.31:385][  0]LogPackFactory: Copied "../../../Samples/StarterContent/Content/StarterContent/Props/SM_Door.uasset" to "../../../../../../Users/2xj00eL_HM/Documents/UCI/VGDC/KillerSelf/killer-self/KillerSelf/Content/StarterContent/Props/SM_Door.uasset"
[2016.03.24-18.20.31:400][  0]LogPackFactory: Copied "../../../Samples/StarterContent/Content/StarterContent/Props/SM_DoorFrame.uasset" to "../../../../../../Users/2xj00eL_HM/Documents/UCI/VGDC/KillerSelf/killer-self/KillerSelf/Content/StarterContent/Props/SM_DoorFrame.uasset"
[2016.03.24-18.20.31:416][  0]LogPackFactory: Copied "../../../Samples/StarterContent/Content/StarterContent/Props/SM_GlassWindow.uasset" to "../../../../../../Users/2xj00eL_HM/Documents/UCI/VGDC/KillerSelf/killer-self/KillerSelf/Content/StarterContent/Props/SM_GlassWindow.uasset"
[2016.03.24-18.20.31:437][  0]LogPackFactory: Copied "../../../Samples/StarterContent/Content/StarterContent/Props/SM_Lamp_Ceiling.uasset" to "../../../../../../Users/2xj00eL_HM/Documents/UCI/VGDC/KillerSelf/killer-self/KillerSelf/Content/StarterContent/Props/SM_Lamp_Ceiling.uasset"
[2016.03.24-18.20.31:448][  0]LogPackFactory: Copied "../../../Samples/StarterContent/Content/StarterContent/Props/SM_Lamp_Wall.uasset" to "../../../../../../Users/2xj00eL_HM/Documents/UCI/VGDC/KillerSelf/killer-self/KillerSelf/Content/StarterContent/Props/SM_Lamp_Wall.uasset"
[2016.03.24-18.20.31:503][  0]LogPackFactory: Copied "../../../Samples/StarterContent/Content/StarterContent/Props/SM_MatPreviewMesh_02.uasset" to "../../../../../../Users/2xj00eL_HM/Documents/UCI/VGDC/KillerSelf/killer-self/KillerSelf/Content/StarterContent/Props/SM_MatPreviewMesh_02.uasset"
[2016.03.24-18.20.31:519][  0]LogPackFactory: Copied "../../../Samples/StarterContent/Content/StarterContent/Props/SM_PillarFrame.uasset" to "../../../../../../Users/2xj00eL_HM/Documents/UCI/VGDC/KillerSelf/killer-self/KillerSelf/Content/StarterContent/Props/SM_PillarFrame.uasset"
[2016.03.24-18.20.31:535][  0]LogPackFactory: Copied "../../../Samples/StarterContent/Content/StarterContent/Props/SM_PillarFrame300.uasset" to "../../../../../../Users/2xj00eL_HM/Documents/UCI/VGDC/KillerSelf/killer-self/KillerSelf/Content/StarterContent/Props/SM_PillarFrame300.uasset"
[2016.03.24-18.20.31:560][  0]LogPackFactory: Copied "../../../Samples/StarterContent/Content/StarterContent/Props/SM_Rock.uasset" to "../../../../../../Users/2xj00eL_HM/Documents/UCI/VGDC/KillerSelf/killer-self/KillerSelf/Content/StarterContent/Props/SM_Rock.uasset"
[2016.03.24-18.20.31:577][  0]LogPackFactory: Copied "../../../Samples/StarterContent/Content/StarterContent/Props/SM_Shelf.uasset" to "../../../../../../Users/2xj00eL_HM/Documents/UCI/VGDC/KillerSelf/killer-self/KillerSelf/Content/StarterContent/Props/SM_Shelf.uasset"
[2016.03.24-18.20.31:605][  0]LogPackFactory: Copied "../../../Samples/StarterContent/Content/StarterContent/Props/SM_Stairs.uasset" to "../../../../../../Users/2xj00eL_HM/Documents/UCI/VGDC/KillerSelf/killer-self/KillerSelf/Content/StarterContent/Props/SM_Stairs.uasset"
[2016.03.24-18.20.31:660][  0]LogPackFactory: Copied "../../../Samples/StarterContent/Content/StarterContent/Props/SM_Statue.uasset" to "../../../../../../Users/2xj00eL_HM/Documents/UCI/VGDC/KillerSelf/killer-self/KillerSelf/Content/StarterContent/Props/SM_Statue.uasset"
[2016.03.24-18.20.31:895][  0]LogPackFactory: Copied "../../../Samples/StarterContent/Content/StarterContent/Props/SM_TableRound.uasset" to "../../../../../../Users/2xj00eL_HM/Documents/UCI/VGDC/KillerSelf/killer-self/KillerSelf/Content/StarterContent/Props/SM_TableRound.uasset"
[2016.03.24-18.20.31:932][  0]LogPackFactory: Copied "../../../Samples/StarterContent/Content/StarterContent/Props/SM_WindowFrame.uasset" to "../../../../../../Users/2xj00eL_HM/Documents/UCI/VGDC/KillerSelf/killer-self/KillerSelf/Content/StarterContent/Props/SM_WindowFrame.uasset"
[2016.03.24-18.20.32:569][  0]LogPackFactory: Copied "../../../Samples/StarterContent/Content/StarterContent/Props/Materials/M_Bush.uasset" to "../../../../../../Users/2xj00eL_HM/Documents/UCI/VGDC/KillerSelf/killer-self/KillerSelf/Content/StarterContent/Props/Materials/M_Bush.uasset"
[2016.03.24-18.20.32:958][  0]LogPackFactory: Copied "../../../Samples/StarterContent/Content/StarterContent/Props/Materials/M_Chair.uasset" to "../../../../../../Users/2xj00eL_HM/Documents/UCI/VGDC/KillerSelf/killer-self/KillerSelf/Content/StarterContent/Props/Materials/M_Chair.uasset"
[2016.03.24-18.20.33:126][  0]LogPackFactory: Copied "../../../Samples/StarterContent/Content/StarterContent/Props/Materials/M_Door.uasset" to "../../../../../../Users/2xj00eL_HM/Documents/UCI/VGDC/KillerSelf/killer-self/KillerSelf/Content/StarterContent/Props/Materials/M_Door.uasset"
[2016.03.24-18.20.33:185][  0]LogPackFactory: Copied "../../../Samples/StarterContent/Content/StarterContent/Props/Materials/M_Frame.uasset" to "../../../../../../Users/2xj00eL_HM/Documents/UCI/VGDC/KillerSelf/killer-self/KillerSelf/Content/StarterContent/Props/Materials/M_Frame.uasset"
[2016.03.24-18.20.33:293][  0]LogPackFactory: Copied "../../../Samples/StarterContent/Content/StarterContent/Props/Materials/M_Lamp.uasset" to "../../../../../../Users/2xj00eL_HM/Documents/UCI/VGDC/KillerSelf/killer-self/KillerSelf/Content/StarterContent/Props/Materials/M_Lamp.uasset"
[2016.03.24-18.20.33:398][  0]LogPackFactory: Copied "../../../Samples/StarterContent/Content/StarterContent/Props/Materials/M_MaterialSphere.uasset" to "../../../../../../Users/2xj00eL_HM/Documents/UCI/VGDC/KillerSelf/killer-self/KillerSelf/Content/StarterContent/Props/Materials/M_MaterialSphere.uasset"
[2016.03.24-18.20.33:589][  0]LogPackFactory: Copied "../../../Samples/StarterContent/Content/StarterContent/Props/Materials/M_MaterialSphere_Plain.uasset" to "../../../../../../Users/2xj00eL_HM/Documents/UCI/VGDC/KillerSelf/killer-self/KillerSelf/Content/StarterContent/Props/Materials/M_MaterialSphere_Plain.uasset"
[2016.03.24-18.20.33:975][  0]LogPackFactory: Copied "../../../Samples/StarterContent/Content/StarterContent/Props/Materials/M_Rock.uasset" to "../../../../../../Users/2xj00eL_HM/Documents/UCI/VGDC/KillerSelf/killer-self/KillerSelf/Content/StarterContent/Props/Materials/M_Rock.uasset"
[2016.03.24-18.20.34:286][  0]LogPackFactory: Copied "../../../Samples/StarterContent/Content/StarterContent/Props/Materials/M_Shelf.uasset" to "../../../../../../Users/2xj00eL_HM/Documents/UCI/VGDC/KillerSelf/killer-self/KillerSelf/Content/StarterContent/Props/Materials/M_Shelf.uasset"
[2016.03.24-18.20.34:352][  0]LogPackFactory: Copied "../../../Samples/StarterContent/Content/StarterContent/Props/Materials/M_Statue.uasset" to "../../../../../../Users/2xj00eL_HM/Documents/UCI/VGDC/KillerSelf/killer-self/KillerSelf/Content/StarterContent/Props/Materials/M_Statue.uasset"
[2016.03.24-18.20.34:449][  0]LogPackFactory: Copied "../../../Samples/StarterContent/Content/StarterContent/Props/Materials/M_StatueGlass.uasset" to "../../../../../../Users/2xj00eL_HM/Documents/UCI/VGDC/KillerSelf/killer-self/KillerSelf/Content/StarterContent/Props/Materials/M_StatueGlass.uasset"
[2016.03.24-18.20.34:479][  0]LogPackFactory: Copied "../../../Samples/StarterContent/Content/StarterContent/Props/Materials/M_TableRound.uasset" to "../../../../../../Users/2xj00eL_HM/Documents/UCI/VGDC/KillerSelf/killer-self/KillerSelf/Content/StarterContent/Props/Materials/M_TableRound.uasset"
[2016.03.24-18.20.34:490][  0]LogPackFactory: Copied "../../../Samples/StarterContent/Content/StarterContent/Shapes/Shape_Cone.uasset" to "../../../../../../Users/2xj00eL_HM/Documents/UCI/VGDC/KillerSelf/killer-self/KillerSelf/Content/StarterContent/Shapes/Shape_Cone.uasset"
[2016.03.24-18.20.34:508][  0]LogPackFactory: Copied "../../../Samples/StarterContent/Content/StarterContent/Shapes/Shape_Cube.uasset" to "../../../../../../Users/2xj00eL_HM/Documents/UCI/VGDC/KillerSelf/killer-self/KillerSelf/Content/StarterContent/Shapes/Shape_Cube.uasset"
[2016.03.24-18.20.34:561][  0]LogPackFactory: Copied "../../../Samples/StarterContent/Content/StarterContent/Shapes/Shape_Cylinder.uasset" to "../../../../../../Users/2xj00eL_HM/Documents/UCI/VGDC/KillerSelf/killer-self/KillerSelf/Content/StarterContent/Shapes/Shape_Cylinder.uasset"
[2016.03.24-18.20.34:585][  0]LogPackFactory: Copied "../../../Samples/StarterContent/Content/StarterContent/Shapes/Shape_NarrowCapsule.uasset" to "../../../../../../Users/2xj00eL_HM/Documents/UCI/VGDC/KillerSelf/killer-self/KillerSelf/Content/StarterContent/Shapes/Shape_NarrowCapsule.uasset"
[2016.03.24-18.20.34:604][  0]LogPackFactory: Copied "../../../Samples/StarterContent/Content/StarterContent/Shapes/Shape_Pipe.uasset" to "../../../../../../Users/2xj00eL_HM/Documents/UCI/VGDC/KillerSelf/killer-self/KillerSelf/Content/StarterContent/Shapes/Shape_Pipe.uasset"
[2016.03.24-18.20.34:656][  0]LogPackFactory: Copied "../../../Samples/StarterContent/Content/StarterContent/Shapes/Shape_Pipe_180.uasset" to "../../../../../../Users/2xj00eL_HM/Documents/UCI/VGDC/KillerSelf/killer-self/KillerSelf/Content/StarterContent/Shapes/Shape_Pipe_180.uasset"
[2016.03.24-18.20.34:698][  0]LogPackFactory: Copied "../../../Samples/StarterContent/Content/StarterContent/Shapes/Shape_Pipe_90.uasset" to "../../../../../../Users/2xj00eL_HM/Documents/UCI/VGDC/KillerSelf/killer-self/KillerSelf/Content/StarterContent/Shapes/Shape_Pipe_90.uasset"
[2016.03.24-18.20.35:056][  0]LogPackFactory: Copied "../../../Samples/StarterContent/Content/StarterContent/Shapes/Shape_Plane.uasset" to "../../../../../../Users/2xj00eL_HM/Documents/UCI/VGDC/KillerSelf/killer-self/KillerSelf/Content/StarterContent/Shapes/Shape_Plane.uasset"
[2016.03.24-18.20.35:243][  0]LogPackFactory: Copied "../../../Samples/StarterContent/Content/StarterContent/Shapes/Shape_QuadPyramid.uasset" to "../../../../../../Users/2xj00eL_HM/Documents/UCI/VGDC/KillerSelf/killer-self/KillerSelf/Content/StarterContent/Shapes/Shape_QuadPyramid.uasset"
[2016.03.24-18.20.35:576][  0]LogPackFactory: Copied "../../../Samples/StarterContent/Content/StarterContent/Shapes/Shape_Sphere.uasset" to "../../../../../../Users/2xj00eL_HM/Documents/UCI/VGDC/KillerSelf/killer-self/KillerSelf/Content/StarterContent/Shapes/Shape_Sphere.uasset"
[2016.03.24-18.20.35:676][  0]LogPackFactory: Copied "../../../Samples/StarterContent/Content/StarterContent/Shapes/Shape_Torus.uasset" to "../../../../../../Users/2xj00eL_HM/Documents/UCI/VGDC/KillerSelf/killer-self/KillerSelf/Content/StarterContent/Shapes/Shape_Torus.uasset"
[2016.03.24-18.20.35:686][  0]LogPackFactory: Copied "../../../Samples/StarterContent/Content/StarterContent/Shapes/Shape_Trim.uasset" to "../../../../../../Users/2xj00eL_HM/Documents/UCI/VGDC/KillerSelf/killer-self/KillerSelf/Content/StarterContent/Shapes/Shape_Trim.uasset"
[2016.03.24-18.20.35:744][  0]LogPackFactory: Copied "../../../Samples/StarterContent/Content/StarterContent/Shapes/Shape_Trim_90_In.uasset" to "../../../../../../Users/2xj00eL_HM/Documents/UCI/VGDC/KillerSelf/killer-self/KillerSelf/Content/StarterContent/Shapes/Shape_Trim_90_In.uasset"
[2016.03.24-18.20.35:762][  0]LogPackFactory: Copied "../../../Samples/StarterContent/Content/StarterContent/Shapes/Shape_Trim_90_Out.uasset" to "../../../../../../Users/2xj00eL_HM/Documents/UCI/VGDC/KillerSelf/killer-self/KillerSelf/Content/StarterContent/Shapes/Shape_Trim_90_Out.uasset"
[2016.03.24-18.20.35:806][  0]LogPackFactory: Copied "../../../Samples/StarterContent/Content/StarterContent/Shapes/Shape_TriPyramid.uasset" to "../../../../../../Users/2xj00eL_HM/Documents/UCI/VGDC/KillerSelf/killer-self/KillerSelf/Content/StarterContent/Shapes/Shape_TriPyramid.uasset"
[2016.03.24-18.20.35:847][  0]LogPackFactory: Copied "../../../Samples/StarterContent/Content/StarterContent/Shapes/Shape_Tube.uasset" to "../../../../../../Users/2xj00eL_HM/Documents/UCI/VGDC/KillerSelf/killer-self/KillerSelf/Content/StarterContent/Shapes/Shape_Tube.uasset"
[2016.03.24-18.20.35:869][  0]LogPackFactory: Copied "../../../Samples/StarterContent/Content/StarterContent/Shapes/Shape_Wedge_A.uasset" to "../../../../../../Users/2xj00eL_HM/Documents/UCI/VGDC/KillerSelf/killer-self/KillerSelf/Content/StarterContent/Shapes/Shape_Wedge_A.uasset"
[2016.03.24-18.20.35:889][  0]LogPackFactory: Copied "../../../Samples/StarterContent/Content/StarterContent/Shapes/Shape_Wedge_B.uasset" to "../../../../../../Users/2xj00eL_HM/Documents/UCI/VGDC/KillerSelf/killer-self/KillerSelf/Content/StarterContent/Shapes/Shape_Wedge_B.uasset"
[2016.03.24-18.20.35:910][  0]LogPackFactory: Copied "../../../Samples/StarterContent/Content/StarterContent/Shapes/Shape_WideCapsule.uasset" to "../../../../../../Users/2xj00eL_HM/Documents/UCI/VGDC/KillerSelf/killer-self/KillerSelf/Content/StarterContent/Shapes/Shape_WideCapsule.uasset"
[2016.03.24-18.20.36:418][  0]LogPackFactory: Copied "../../../Samples/StarterContent/Content/StarterContent/Textures/T_Brick_Clay_Beveled_D.uasset" to "../../../../../../Users/2xj00eL_HM/Documents/UCI/VGDC/KillerSelf/killer-self/KillerSelf/Content/StarterContent/Textures/T_Brick_Clay_Beveled_D.uasset"
[2016.03.24-18.20.36:563][  0]LogPackFactory: Copied "../../../Samples/StarterContent/Content/StarterContent/Textures/T_Brick_Clay_Beveled_M.uasset" to "../../../../../../Users/2xj00eL_HM/Documents/UCI/VGDC/KillerSelf/killer-self/KillerSelf/Content/StarterContent/Textures/T_Brick_Clay_Beveled_M.uasset"
[2016.03.24-18.20.36:743][  0]LogPackFactory: Copied "../../../Samples/StarterContent/Content/StarterContent/Textures/T_Brick_Clay_Beveled_N.uasset" to "../../../../../../Users/2xj00eL_HM/Documents/UCI/VGDC/KillerSelf/killer-self/KillerSelf/Content/StarterContent/Textures/T_Brick_Clay_Beveled_N.uasset"
[2016.03.24-18.20.36:861][  0]LogPackFactory: Copied "../../../Samples/StarterContent/Content/StarterContent/Textures/T_Brick_Clay_New_D.uasset" to "../../../../../../Users/2xj00eL_HM/Documents/UCI/VGDC/KillerSelf/killer-self/KillerSelf/Content/StarterContent/Textures/T_Brick_Clay_New_D.uasset"
[2016.03.24-18.20.37:035][  0]LogPackFactory: Copied "../../../Samples/StarterContent/Content/StarterContent/Textures/T_Brick_Clay_New_M.uasset" to "../../../../../../Users/2xj00eL_HM/Documents/UCI/VGDC/KillerSelf/killer-self/KillerSelf/Content/StarterContent/Textures/T_Brick_Clay_New_M.uasset"
[2016.03.24-18.20.37:198][  0]LogPackFactory: Copied "../../../Samples/StarterContent/Content/StarterContent/Textures/T_Brick_Clay_New_N.uasset" to "../../../../../../Users/2xj00eL_HM/Documents/UCI/VGDC/KillerSelf/killer-self/KillerSelf/Content/StarterContent/Textures/T_Brick_Clay_New_N.uasset"
[2016.03.24-18.20.37:389][  0]LogPackFactory: Copied "../../../Samples/StarterContent/Content/StarterContent/Textures/T_Brick_Clay_Old_D.uasset" to "../../../../../../Users/2xj00eL_HM/Documents/UCI/VGDC/KillerSelf/killer-self/KillerSelf/Content/StarterContent/Textures/T_Brick_Clay_Old_D.uasset"
[2016.03.24-18.20.38:142][  0]LogPackFactory: Copied "../../../Samples/StarterContent/Content/StarterContent/Textures/T_Brick_Clay_Old_N.uasset" to "../../../../../../Users/2xj00eL_HM/Documents/UCI/VGDC/KillerSelf/killer-self/KillerSelf/Content/StarterContent/Textures/T_Brick_Clay_Old_N.uasset"
[2016.03.24-18.20.38:355][  0]LogPackFactory: Copied "../../../Samples/StarterContent/Content/StarterContent/Textures/T_Brick_Cut_Stone_D.uasset" to "../../../../../../Users/2xj00eL_HM/Documents/UCI/VGDC/KillerSelf/killer-self/KillerSelf/Content/StarterContent/Textures/T_Brick_Cut_Stone_D.uasset"
[2016.03.24-18.20.38:690][  0]LogPackFactory: Copied "../../../Samples/StarterContent/Content/StarterContent/Textures/T_Brick_Cut_Stone_N.uasset" to "../../../../../../Users/2xj00eL_HM/Documents/UCI/VGDC/KillerSelf/killer-self/KillerSelf/Content/StarterContent/Textures/T_Brick_Cut_Stone_N.uasset"
[2016.03.24-18.20.39:221][  0]LogPackFactory: Copied "../../../Samples/StarterContent/Content/StarterContent/Textures/T_Brick_Hewn_Stone_D.uasset" to "../../../../../../Users/2xj00eL_HM/Documents/UCI/VGDC/KillerSelf/killer-self/KillerSelf/Content/StarterContent/Textures/T_Brick_Hewn_Stone_D.uasset"
[2016.03.24-18.20.39:337][  0]LogPackFactory: Copied "../../../Samples/StarterContent/Content/StarterContent/Textures/T_Brick_Hewn_Stone_M.uasset" to "../../../../../../Users/2xj00eL_HM/Documents/UCI/VGDC/KillerSelf/killer-self/KillerSelf/Content/StarterContent/Textures/T_Brick_Hewn_Stone_M.uasset"
[2016.03.24-18.20.39:475][  0]LogPackFactory: Copied "../../../Samples/StarterContent/Content/StarterContent/Textures/T_Brick_Hewn_Stone_N.uasset" to "../../../../../../Users/2xj00eL_HM/Documents/UCI/VGDC/KillerSelf/killer-self/KillerSelf/Content/StarterContent/Textures/T_Brick_Hewn_Stone_N.uasset"
[2016.03.24-18.20.39:504][  0]LogPackFactory: Copied "../../../Samples/StarterContent/Content/StarterContent/Textures/T_Burst_M.uasset" to "../../../../../../Users/2xj00eL_HM/Documents/UCI/VGDC/KillerSelf/killer-self/KillerSelf/Content/StarterContent/Textures/T_Burst_M.uasset"
[2016.03.24-18.20.39:519][  0]LogPackFactory: Copied "../../../Samples/StarterContent/Content/StarterContent/Textures/T_Bush_D.uasset" to "../../../../../../Users/2xj00eL_HM/Documents/UCI/VGDC/KillerSelf/killer-self/KillerSelf/Content/StarterContent/Textures/T_Bush_D.uasset"
[2016.03.24-18.20.39:549][  0]LogPackFactory: Copied "../../../Samples/StarterContent/Content/StarterContent/Textures/T_Bush_N.uasset" to "../../../../../../Users/2xj00eL_HM/Documents/UCI/VGDC/KillerSelf/killer-self/KillerSelf/Content/StarterContent/Textures/T_Bush_N.uasset"
[2016.03.24-18.20.39:564][  0]LogPackFactory: Copied "../../../Samples/StarterContent/Content/StarterContent/Textures/T_Ceramic_Tile_M.uasset" to "../../../../../../Users/2xj00eL_HM/Documents/UCI/VGDC/KillerSelf/killer-self/KillerSelf/Content/StarterContent/Textures/T_Ceramic_Tile_M.uasset"
[2016.03.24-18.20.39:581][  0]LogPackFactory: Copied "../../../Samples/StarterContent/Content/StarterContent/Textures/T_Ceramic_Tile_N.uasset" to "../../../../../../Users/2xj00eL_HM/Documents/UCI/VGDC/KillerSelf/killer-self/KillerSelf/Content/StarterContent/Textures/T_Ceramic_Tile_N.uasset"
[2016.03.24-18.20.39:608][  0]LogPackFactory: Copied "../../../Samples/StarterContent/Content/StarterContent/Textures/T_Chair_M.uasset" to "../../../../../../Users/2xj00eL_HM/Documents/UCI/VGDC/KillerSelf/killer-self/KillerSelf/Content/StarterContent/Textures/T_Chair_M.uasset"
[2016.03.24-18.20.39:653][  0]LogPackFactory: Copied "../../../Samples/StarterContent/Content/StarterContent/Textures/T_Chair_N.uasset" to "../../../../../../Users/2xj00eL_HM/Documents/UCI/VGDC/KillerSelf/killer-self/KillerSelf/Content/StarterContent/Textures/T_Chair_N.uasset"
[2016.03.24-18.20.39:679][  0]LogPackFactory: Copied "../../../Samples/StarterContent/Content/StarterContent/Textures/T_Checker_Noise_M.uasset" to "../../../../../../Users/2xj00eL_HM/Documents/UCI/VGDC/KillerSelf/killer-self/KillerSelf/Content/StarterContent/Textures/T_Checker_Noise_M.uasset"
[2016.03.24-18.20.39:857][  0]LogPackFactory: Copied "../../../Samples/StarterContent/Content/StarterContent/Textures/T_CobbleStone_Pebble_D.uasset" to "../../../../../../Users/2xj00eL_HM/Documents/UCI/VGDC/KillerSelf/killer-self/KillerSelf/Content/StarterContent/Textures/T_CobbleStone_Pebble_D.uasset"
[2016.03.24-18.20.39:908][  0]LogPackFactory: Copied "../../../Samples/StarterContent/Content/StarterContent/Textures/T_CobbleStone_Pebble_M.uasset" to "../../../../../../Users/2xj00eL_HM/Documents/UCI/VGDC/KillerSelf/killer-self/KillerSelf/Content/StarterContent/Textures/T_CobbleStone_Pebble_M.uasset"
[2016.03.24-18.20.40:454][  0]LogPackFactory: Copied "../../../Samples/StarterContent/Content/StarterContent/Textures/T_CobbleStone_Pebble_N.uasset" to "../../../../../../Users/2xj00eL_HM/Documents/UCI/VGDC/KillerSelf/killer-self/KillerSelf/Content/StarterContent/Textures/T_CobbleStone_Pebble_N.uasset"
[2016.03.24-18.20.40:531][  0]LogPackFactory: Copied "../../../Samples/StarterContent/Content/StarterContent/Textures/T_CobbleStone_Rough_D.uasset" to "../../../../../../Users/2xj00eL_HM/Documents/UCI/VGDC/KillerSelf/killer-self/KillerSelf/Content/StarterContent/Textures/T_CobbleStone_Rough_D.uasset"
[2016.03.24-18.20.40:599][  0]LogPackFactory: Copied "../../../Samples/StarterContent/Content/StarterContent/Textures/T_CobbleStone_Rough_N.uasset" to "../../../../../../Users/2xj00eL_HM/Documents/UCI/VGDC/KillerSelf/killer-self/KillerSelf/Content/StarterContent/Textures/T_CobbleStone_Rough_N.uasset"
[2016.03.24-18.20.40:699][  0]LogPackFactory: Copied "../../../Samples/StarterContent/Content/StarterContent/Textures/T_CobbleStone_Smooth_D.uasset" to "../../../../../../Users/2xj00eL_HM/Documents/UCI/VGDC/KillerSelf/killer-self/KillerSelf/Content/StarterContent/Textures/T_CobbleStone_Smooth_D.uasset"
[2016.03.24-18.20.40:820][  0]LogPackFactory: Copied "../../../Samples/StarterContent/Content/StarterContent/Textures/T_CobbleStone_Smooth_M.uasset" to "../../../../../../Users/2xj00eL_HM/Documents/UCI/VGDC/KillerSelf/killer-self/KillerSelf/Content/StarterContent/Textures/T_CobbleStone_Smooth_M.uasset"
[2016.03.24-18.20.40:933][  0]LogPackFactory: Copied "../../../Samples/StarterContent/Content/StarterContent/Textures/T_CobbleStone_Smooth_N.uasset" to "../../../../../../Users/2xj00eL_HM/Documents/UCI/VGDC/KillerSelf/killer-self/KillerSelf/Content/StarterContent/Textures/T_CobbleStone_Smooth_N.uasset"
[2016.03.24-18.20.41:109][  0]LogPackFactory: Copied "../../../Samples/StarterContent/Content/StarterContent/Textures/T_Concrete_Grime_D.uasset" to "../../../../../../Users/2xj00eL_HM/Documents/UCI/VGDC/KillerSelf/killer-self/KillerSelf/Content/StarterContent/Textures/T_Concrete_Grime_D.uasset"
[2016.03.24-18.20.41:283][  0]LogPackFactory: Copied "../../../Samples/StarterContent/Content/StarterContent/Textures/T_Concrete_Panels_D.uasset" to "../../../../../../Users/2xj00eL_HM/Documents/UCI/VGDC/KillerSelf/killer-self/KillerSelf/Content/StarterContent/Textures/T_Concrete_Panels_D.uasset"
[2016.03.24-18.20.41:391][  0]LogPackFactory: Copied "../../../Samples/StarterContent/Content/StarterContent/Textures/T_Concrete_Panels_N.uasset" to "../../../../../../Users/2xj00eL_HM/Documents/UCI/VGDC/KillerSelf/killer-self/KillerSelf/Content/StarterContent/Textures/T_Concrete_Panels_N.uasset"
[2016.03.24-18.20.43:760][  0]LogPackFactory: Copied "../../../Samples/StarterContent/Content/StarterContent/Textures/T_Concrete_Poured_D.uasset" to "../../../../../../Users/2xj00eL_HM/Documents/UCI/VGDC/KillerSelf/killer-self/KillerSelf/Content/StarterContent/Textures/T_Concrete_Poured_D.uasset"
[2016.03.24-18.20.43:927][  0]LogPackFactory: Copied "../../../Samples/StarterContent/Content/StarterContent/Textures/T_Concrete_Poured_N.uasset" to "../../../../../../Users/2xj00eL_HM/Documents/UCI/VGDC/KillerSelf/killer-self/KillerSelf/Content/StarterContent/Textures/T_Concrete_Poured_N.uasset"
[2016.03.24-18.20.44:025][  0]LogPackFactory: Copied "../../../Samples/StarterContent/Content/StarterContent/Textures/T_Concrete_Tiles_D.uasset" to "../../../../../../Users/2xj00eL_HM/Documents/UCI/VGDC/KillerSelf/killer-self/KillerSelf/Content/StarterContent/Textures/T_Concrete_Tiles_D.uasset"
[2016.03.24-18.20.44:149][  0]LogPackFactory: Copied "../../../Samples/StarterContent/Content/StarterContent/Textures/T_Concrete_Tiles_M.uasset" to "../../../../../../Users/2xj00eL_HM/Documents/UCI/VGDC/KillerSelf/killer-self/KillerSelf/Content/StarterContent/Textures/T_Concrete_Tiles_M.uasset"
[2016.03.24-18.20.44:284][  0]LogPackFactory: Copied "../../../Samples/StarterContent/Content/StarterContent/Textures/T_Concrete_Tiles_N.uasset" to "../../../../../../Users/2xj00eL_HM/Documents/UCI/VGDC/KillerSelf/killer-self/KillerSelf/Content/StarterContent/Textures/T_Concrete_Tiles_N.uasset"
[2016.03.24-18.20.44:296][  0]LogPackFactory: Copied "../../../Samples/StarterContent/Content/StarterContent/Textures/T_Concrete_Tiles_Variation_M.uasset" to "../../../../../../Users/2xj00eL_HM/Documents/UCI/VGDC/KillerSelf/killer-self/KillerSelf/Content/StarterContent/Textures/T_Concrete_Tiles_Variation_M.uasset"
[2016.03.24-18.20.45:299][  0]LogPackFactory: Copied "../../../Samples/StarterContent/Content/StarterContent/Textures/T_Detail_Rocky_N.uasset" to "../../../../../../Users/2xj00eL_HM/Documents/UCI/VGDC/KillerSelf/killer-self/KillerSelf/Content/StarterContent/Textures/T_Detail_Rocky_N.uasset"
[2016.03.24-18.20.45:320][  0]LogPackFactory: Copied "../../../Samples/StarterContent/Content/StarterContent/Textures/T_Door_M.uasset" to "../../../../../../Users/2xj00eL_HM/Documents/UCI/VGDC/KillerSelf/killer-self/KillerSelf/Content/StarterContent/Textures/T_Door_M.uasset"
[2016.03.24-18.20.45:359][  0]LogPackFactory: Copied "../../../Samples/StarterContent/Content/StarterContent/Textures/T_Door_N.uasset" to "../../../../../../Users/2xj00eL_HM/Documents/UCI/VGDC/KillerSelf/killer-self/KillerSelf/Content/StarterContent/Textures/T_Door_N.uasset"
[2016.03.24-18.20.45:370][  0]LogPackFactory: Copied "../../../Samples/StarterContent/Content/StarterContent/Textures/T_Dust_Particle_D.uasset" to "../../../../../../Users/2xj00eL_HM/Documents/UCI/VGDC/KillerSelf/killer-self/KillerSelf/Content/StarterContent/Textures/T_Dust_Particle_D.uasset"
[2016.03.24-18.20.45:445][  0]LogPackFactory: Copied "../../../Samples/StarterContent/Content/StarterContent/Textures/T_Explosion_SubUV.uasset" to "../../../../../../Users/2xj00eL_HM/Documents/UCI/VGDC/KillerSelf/killer-self/KillerSelf/Content/StarterContent/Textures/T_Explosion_SubUV.uasset"
[2016.03.24-18.20.45:481][  0]LogPackFactory: Copied "../../../Samples/StarterContent/Content/StarterContent/Textures/T_Fire_SubUV.uasset" to "../../../../../../Users/2xj00eL_HM/Documents/UCI/VGDC/KillerSelf/killer-self/KillerSelf/Content/StarterContent/Textures/T_Fire_SubUV.uasset"
[2016.03.24-18.20.45:500][  0]LogPackFactory: Copied "../../../Samples/StarterContent/Content/StarterContent/Textures/T_Fire_Tiled_D.uasset" to "../../../../../../Users/2xj00eL_HM/Documents/UCI/VGDC/KillerSelf/killer-self/KillerSelf/Content/StarterContent/Textures/T_Fire_Tiled_D.uasset"
[2016.03.24-18.20.45:524][  0]LogPackFactory: Copied "../../../Samples/StarterContent/Content/StarterContent/Textures/T_Frame_M.uasset" to "../../../../../../Users/2xj00eL_HM/Documents/UCI/VGDC/KillerSelf/killer-self/KillerSelf/Content/StarterContent/Textures/T_Frame_M.uasset"
[2016.03.24-18.20.45:578][  0]LogPackFactory: Copied "../../../Samples/StarterContent/Content/StarterContent/Textures/T_Frame_N.uasset" to "../../../../../../Users/2xj00eL_HM/Documents/UCI/VGDC/KillerSelf/killer-self/KillerSelf/Content/StarterContent/Textures/T_Frame_N.uasset"
[2016.03.24-18.20.45:602][  0]LogPackFactory: Copied "../../../Samples/StarterContent/Content/StarterContent/Textures/T_Gradinet_01.uasset" to "../../../../../../Users/2xj00eL_HM/Documents/UCI/VGDC/KillerSelf/killer-self/KillerSelf/Content/StarterContent/Textures/T_Gradinet_01.uasset"
[2016.03.24-18.20.46:577][  0]LogPackFactory: Copied "../../../Samples/StarterContent/Content/StarterContent/Textures/T_Ground_Grass_D.uasset" to "../../../../../../Users/2xj00eL_HM/Documents/UCI/VGDC/KillerSelf/killer-self/KillerSelf/Content/StarterContent/Textures/T_Ground_Grass_D.uasset"
[2016.03.24-18.20.46:783][  0]LogPackFactory: Copied "../../../Samples/StarterContent/Content/StarterContent/Textures/T_Ground_Grass_N.uasset" to "../../../../../../Users/2xj00eL_HM/Documents/UCI/VGDC/KillerSelf/killer-self/KillerSelf/Content/StarterContent/Textures/T_Ground_Grass_N.uasset"
[2016.03.24-18.20.46:988][  0]LogPackFactory: Copied "../../../Samples/StarterContent/Content/StarterContent/Textures/T_Ground_Gravel_D.uasset" to "../../../../../../Users/2xj00eL_HM/Documents/UCI/VGDC/KillerSelf/killer-self/KillerSelf/Content/StarterContent/Textures/T_Ground_Gravel_D.uasset"
[2016.03.24-18.20.47:839][  0]LogPackFactory: Copied "../../../Samples/StarterContent/Content/StarterContent/Textures/T_Ground_Gravel_N.uasset" to "../../../../../../Users/2xj00eL_HM/Documents/UCI/VGDC/KillerSelf/killer-self/KillerSelf/Content/StarterContent/Textures/T_Ground_Gravel_N.uasset"
[2016.03.24-18.20.48:065][  0]LogPackFactory: Copied "../../../Samples/StarterContent/Content/StarterContent/Textures/T_ground_Moss_D.uasset" to "../../../../../../Users/2xj00eL_HM/Documents/UCI/VGDC/KillerSelf/killer-self/KillerSelf/Content/StarterContent/Textures/T_ground_Moss_D.uasset"
[2016.03.24-18.20.48:259][  0]LogPackFactory: Copied "../../../Samples/StarterContent/Content/StarterContent/Textures/T_Ground_Moss_N.uasset" to "../../../../../../Users/2xj00eL_HM/Documents/UCI/VGDC/KillerSelf/killer-self/KillerSelf/Content/StarterContent/Textures/T_Ground_Moss_N.uasset"
[2016.03.24-18.20.48:296][  0]LogPackFactory: Copied "../../../Samples/StarterContent/Content/StarterContent/Textures/T_Lamp_M.uasset" to "../../../../../../Users/2xj00eL_HM/Documents/UCI/VGDC/KillerSelf/killer-self/KillerSelf/Content/StarterContent/Textures/T_Lamp_M.uasset"
[2016.03.24-18.20.48:361][  0]LogPackFactory: Copied "../../../Samples/StarterContent/Content/StarterContent/Textures/T_Lamp_N.uasset" to "../../../../../../Users/2xj00eL_HM/Documents/UCI/VGDC/KillerSelf/killer-self/KillerSelf/Content/StarterContent/Textures/T_Lamp_N.uasset"
[2016.03.24-18.20.49:656][  0]LogPackFactory: Copied "../../../Samples/StarterContent/Content/StarterContent/Textures/T_MacroVariation.uasset" to "../../../../../../Users/2xj00eL_HM/Documents/UCI/VGDC/KillerSelf/killer-self/KillerSelf/Content/StarterContent/Textures/T_MacroVariation.uasset"
[2016.03.24-18.20.50:260][  0]LogPackFactory: Copied "../../../Samples/StarterContent/Content/StarterContent/Textures/T_Metal_Aluminum_D.uasset" to "../../../../../../Users/2xj00eL_HM/Documents/UCI/VGDC/KillerSelf/killer-self/KillerSelf/Content/StarterContent/Textures/T_Metal_Aluminum_D.uasset"
[2016.03.24-18.20.50:426][  0]LogPackFactory: Copied "../../../Samples/StarterContent/Content/StarterContent/Textures/T_Metal_Copper_D.uasset" to "../../../../../../Users/2xj00eL_HM/Documents/UCI/VGDC/KillerSelf/killer-self/KillerSelf/Content/StarterContent/Textures/T_Metal_Copper_D.uasset"
[2016.03.24-18.20.50:596][  0]LogPackFactory: Copied "../../../Samples/StarterContent/Content/StarterContent/Textures/T_Metal_Gold_D.uasset" to "../../../../../../Users/2xj00eL_HM/Documents/UCI/VGDC/KillerSelf/killer-self/KillerSelf/Content/StarterContent/Textures/T_Metal_Gold_D.uasset"
[2016.03.24-18.20.50:659][  0]LogPackFactory: Copied "../../../Samples/StarterContent/Content/StarterContent/Textures/T_Metal_Gold_N.uasset" to "../../../../../../Users/2xj00eL_HM/Documents/UCI/VGDC/KillerSelf/killer-self/KillerSelf/Content/StarterContent/Textures/T_Metal_Gold_N.uasset"
[2016.03.24-18.20.50:797][  0]LogPackFactory: Copied "../../../Samples/StarterContent/Content/StarterContent/Textures/T_Metal_Rust_D.uasset" to "../../../../../../Users/2xj00eL_HM/Documents/UCI/VGDC/KillerSelf/killer-self/KillerSelf/Content/StarterContent/Textures/T_Metal_Rust_D.uasset"
[2016.03.24-18.20.50:933][  0]LogPackFactory: Copied "../../../Samples/StarterContent/Content/StarterContent/Textures/T_Metal_Rust_N.uasset" to "../../../../../../Users/2xj00eL_HM/Documents/UCI/VGDC/KillerSelf/killer-self/KillerSelf/Content/StarterContent/Textures/T_Metal_Rust_N.uasset"
[2016.03.24-18.20.50:988][  0]LogPackFactory: Copied "../../../Samples/StarterContent/Content/StarterContent/Textures/T_Metal_Steel_D.uasset" to "../../../../../../Users/2xj00eL_HM/Documents/UCI/VGDC/KillerSelf/killer-self/KillerSelf/Content/StarterContent/Textures/T_Metal_Steel_D.uasset"
[2016.03.24-18.20.51:109][  0]LogPackFactory: Copied "../../../Samples/StarterContent/Content/StarterContent/Textures/T_Metal_Steel_N.uasset" to "../../../../../../Users/2xj00eL_HM/Documents/UCI/VGDC/KillerSelf/killer-self/KillerSelf/Content/StarterContent/Textures/T_Metal_Steel_N.uasset"
[2016.03.24-18.20.52:005][  0]LogPackFactory: Copied "../../../Samples/StarterContent/Content/StarterContent/Textures/T_Perlin_Noise_M.uasset" to "../../../../../../Users/2xj00eL_HM/Documents/UCI/VGDC/KillerSelf/killer-self/KillerSelf/Content/StarterContent/Textures/T_Perlin_Noise_M.uasset"
[2016.03.24-18.20.52:094][  0]LogPackFactory: Copied "../../../Samples/StarterContent/Content/StarterContent/Textures/T_RockMesh_M.uasset" to "../../../../../../Users/2xj00eL_HM/Documents/UCI/VGDC/KillerSelf/killer-self/KillerSelf/Content/StarterContent/Textures/T_RockMesh_M.uasset"
[2016.03.24-18.20.52:201][  0]LogPackFactory: Copied "../../../Samples/StarterContent/Content/StarterContent/Textures/T_RockMesh_N.uasset" to "../../../../../../Users/2xj00eL_HM/Documents/UCI/VGDC/KillerSelf/killer-self/KillerSelf/Content/StarterContent/Textures/T_RockMesh_N.uasset"
[2016.03.24-18.20.52:374][  0]LogPackFactory: Copied "../../../Samples/StarterContent/Content/StarterContent/Textures/T_Rock_Basalt_D.uasset" to "../../../../../../Users/2xj00eL_HM/Documents/UCI/VGDC/KillerSelf/killer-self/KillerSelf/Content/StarterContent/Textures/T_Rock_Basalt_D.uasset"
[2016.03.24-18.20.53:512][  0]LogPackFactory: Copied "../../../Samples/StarterContent/Content/StarterContent/Textures/T_Rock_Basalt_N.uasset" to "../../../../../../Users/2xj00eL_HM/Documents/UCI/VGDC/KillerSelf/killer-self/KillerSelf/Content/StarterContent/Textures/T_Rock_Basalt_N.uasset"
[2016.03.24-18.20.53:675][  0]LogPackFactory: Copied "../../../Samples/StarterContent/Content/StarterContent/Textures/T_Rock_Marble_Polished_D.uasset" to "../../../../../../Users/2xj00eL_HM/Documents/UCI/VGDC/KillerSelf/killer-self/KillerSelf/Content/StarterContent/Textures/T_Rock_Marble_Polished_D.uasset"
[2016.03.24-18.20.54:399][  0]LogPackFactory: Copied "../../../Samples/StarterContent/Content/StarterContent/Textures/T_Rock_Sandstone_D.uasset" to "../../../../../../Users/2xj00eL_HM/Documents/UCI/VGDC/KillerSelf/killer-self/KillerSelf/Content/StarterContent/Textures/T_Rock_Sandstone_D.uasset"
[2016.03.24-18.20.54:935][  0]LogPackFactory: Copied "../../../Samples/StarterContent/Content/StarterContent/Textures/T_Rock_Sandstone_N.uasset" to "../../../../../../Users/2xj00eL_HM/Documents/UCI/VGDC/KillerSelf/killer-self/KillerSelf/Content/StarterContent/Textures/T_Rock_Sandstone_N.uasset"
[2016.03.24-18.20.55:123][  0]LogPackFactory: Copied "../../../Samples/StarterContent/Content/StarterContent/Textures/T_Rock_Slate_D.uasset" to "../../../../../../Users/2xj00eL_HM/Documents/UCI/VGDC/KillerSelf/killer-self/KillerSelf/Content/StarterContent/Textures/T_Rock_Slate_D.uasset"
[2016.03.24-18.20.56:127][  0]LogPackFactory: Copied "../../../Samples/StarterContent/Content/StarterContent/Textures/T_Rock_Slate_N.uasset" to "../../../../../../Users/2xj00eL_HM/Documents/UCI/VGDC/KillerSelf/killer-self/KillerSelf/Content/StarterContent/Textures/T_Rock_Slate_N.uasset"
[2016.03.24-18.20.56:279][  0]LogPackFactory: Copied "../../../Samples/StarterContent/Content/StarterContent/Textures/T_Rock_Smooth_Granite_D.uasset" to "../../../../../../Users/2xj00eL_HM/Documents/UCI/VGDC/KillerSelf/killer-self/KillerSelf/Content/StarterContent/Textures/T_Rock_Smooth_Granite_D.uasset"
[2016.03.24-18.20.56:306][  0]LogPackFactory: Copied "../../../Samples/StarterContent/Content/StarterContent/Textures/T_Shelf_M.uasset" to "../../../../../../Users/2xj00eL_HM/Documents/UCI/VGDC/KillerSelf/killer-self/KillerSelf/Content/StarterContent/Textures/T_Shelf_M.uasset"
[2016.03.24-18.20.56:357][  0]LogPackFactory: Copied "../../../Samples/StarterContent/Content/StarterContent/Textures/T_Shelf_N.uasset" to "../../../../../../Users/2xj00eL_HM/Documents/UCI/VGDC/KillerSelf/killer-self/KillerSelf/Content/StarterContent/Textures/T_Shelf_N.uasset"
[2016.03.24-18.20.56:380][  0]LogPackFactory: Copied "../../../Samples/StarterContent/Content/StarterContent/Textures/T_Single_Tile_N.uasset" to "../../../../../../Users/2xj00eL_HM/Documents/UCI/VGDC/KillerSelf/killer-self/KillerSelf/Content/StarterContent/Textures/T_Single_Tile_N.uasset"
[2016.03.24-18.20.56:473][  0]LogPackFactory: Copied "../../../Samples/StarterContent/Content/StarterContent/Textures/T_Smoke_SubUV.uasset" to "../../../../../../Users/2xj00eL_HM/Documents/UCI/VGDC/KillerSelf/killer-self/KillerSelf/Content/StarterContent/Textures/T_Smoke_SubUV.uasset"
[2016.03.24-18.20.56:489][  0]LogPackFactory: Copied "../../../Samples/StarterContent/Content/StarterContent/Textures/T_Smoke_Tiled_D.uasset" to "../../../../../../Users/2xj00eL_HM/Documents/UCI/VGDC/KillerSelf/killer-self/KillerSelf/Content/StarterContent/Textures/T_Smoke_Tiled_D.uasset"
[2016.03.24-18.20.56:521][  0]LogPackFactory: Copied "../../../Samples/StarterContent/Content/StarterContent/Textures/T_Spark_Core.uasset" to "../../../../../../Users/2xj00eL_HM/Documents/UCI/VGDC/KillerSelf/killer-self/KillerSelf/Content/StarterContent/Textures/T_Spark_Core.uasset"
[2016.03.24-18.20.56:555][  0]LogPackFactory: Copied "../../../Samples/StarterContent/Content/StarterContent/Textures/T_Statue_M.uasset" to "../../../../../../Users/2xj00eL_HM/Documents/UCI/VGDC/KillerSelf/killer-self/KillerSelf/Content/StarterContent/Textures/T_Statue_M.uasset"
[2016.03.24-18.20.56:578][  0]LogPackFactory: Copied "../../../Samples/StarterContent/Content/StarterContent/Textures/T_Statue_N.uasset" to "../../../../../../Users/2xj00eL_HM/Documents/UCI/VGDC/KillerSelf/killer-self/KillerSelf/Content/StarterContent/Textures/T_Statue_N.uasset"
[2016.03.24-18.20.57:307][  0]LogPackFactory: Copied "../../../Samples/StarterContent/Content/StarterContent/Textures/T_TableRound_M.uasset" to "../../../../../../Users/2xj00eL_HM/Documents/UCI/VGDC/KillerSelf/killer-self/KillerSelf/Content/StarterContent/Textures/T_TableRound_M.uasset"
[2016.03.24-18.20.57:363][  0]LogPackFactory: Copied "../../../Samples/StarterContent/Content/StarterContent/Textures/T_TableRound_N.uasset" to "../../../../../../Users/2xj00eL_HM/Documents/UCI/VGDC/KillerSelf/killer-self/KillerSelf/Content/StarterContent/Textures/T_TableRound_N.uasset"
[2016.03.24-18.20.57:380][  0]LogPackFactory: Copied "../../../Samples/StarterContent/Content/StarterContent/Textures/T_Tech_Dot_M.uasset" to "../../../../../../Users/2xj00eL_HM/Documents/UCI/VGDC/KillerSelf/killer-self/KillerSelf/Content/StarterContent/Textures/T_Tech_Dot_M.uasset"
[2016.03.24-18.20.57:412][  0]LogPackFactory: Copied "../../../Samples/StarterContent/Content/StarterContent/Textures/T_Tech_Dot_N.uasset" to "../../../../../../Users/2xj00eL_HM/Documents/UCI/VGDC/KillerSelf/killer-self/KillerSelf/Content/StarterContent/Textures/T_Tech_Dot_N.uasset"
[2016.03.24-18.20.57:441][  0]LogPackFactory: Copied "../../../Samples/StarterContent/Content/StarterContent/Textures/T_Tech_Hex_Tile_M.uasset" to "../../../../../../Users/2xj00eL_HM/Documents/UCI/VGDC/KillerSelf/killer-self/KillerSelf/Content/StarterContent/Textures/T_Tech_Hex_Tile_M.uasset"
[2016.03.24-18.20.57:465][  0]LogPackFactory: Copied "../../../Samples/StarterContent/Content/StarterContent/Textures/T_Tech_Hex_Tile_N.uasset" to "../../../../../../Users/2xj00eL_HM/Documents/UCI/VGDC/KillerSelf/killer-self/KillerSelf/Content/StarterContent/Textures/T_Tech_Hex_Tile_N.uasset"
[2016.03.24-18.20.57:490][  0]LogPackFactory: Copied "../../../Samples/StarterContent/Content/StarterContent/Textures/T_Tech_Panel_M.uasset" to "../../../../../../Users/2xj00eL_HM/Documents/UCI/VGDC/KillerSelf/killer-self/KillerSelf/Content/StarterContent/Textures/T_Tech_Panel_M.uasset"
[2016.03.24-18.20.57:541][  0]LogPackFactory: Copied "../../../Samples/StarterContent/Content/StarterContent/Textures/T_Tech_Panel_N.uasset" to "../../../../../../Users/2xj00eL_HM/Documents/UCI/VGDC/KillerSelf/killer-self/KillerSelf/Content/StarterContent/Textures/T_Tech_Panel_N.uasset"
[2016.03.24-18.20.57:596][  0]LogPackFactory: Copied "../../../Samples/StarterContent/Content/StarterContent/Textures/T_Water_M.uasset" to "../../../../../../Users/2xj00eL_HM/Documents/UCI/VGDC/KillerSelf/killer-self/KillerSelf/Content/StarterContent/Textures/T_Water_M.uasset"
[2016.03.24-18.20.57:652][  0]LogPackFactory: Copied "../../../Samples/StarterContent/Content/StarterContent/Textures/T_Water_N.uasset" to "../../../../../../Users/2xj00eL_HM/Documents/UCI/VGDC/KillerSelf/killer-self/KillerSelf/Content/StarterContent/Textures/T_Water_N.uasset"
[2016.03.24-18.20.57:750][  0]LogPackFactory: Copied "../../../Samples/StarterContent/Content/StarterContent/Textures/T_Wood_Floor_Walnut_D.uasset" to "../../../../../../Users/2xj00eL_HM/Documents/UCI/VGDC/KillerSelf/killer-self/KillerSelf/Content/StarterContent/Textures/T_Wood_Floor_Walnut_D.uasset"
[2016.03.24-18.20.57:850][  0]LogPackFactory: Copied "../../../Samples/StarterContent/Content/StarterContent/Textures/T_Wood_Floor_Walnut_M.uasset" to "../../../../../../Users/2xj00eL_HM/Documents/UCI/VGDC/KillerSelf/killer-self/KillerSelf/Content/StarterContent/Textures/T_Wood_Floor_Walnut_M.uasset"
[2016.03.24-18.20.57:924][  0]LogPackFactory: Copied "../../../Samples/StarterContent/Content/StarterContent/Textures/T_Wood_Floor_Walnut_N.uasset" to "../../../../../../Users/2xj00eL_HM/Documents/UCI/VGDC/KillerSelf/killer-self/KillerSelf/Content/StarterContent/Textures/T_Wood_Floor_Walnut_N.uasset"
[2016.03.24-18.20.58:868][  0]LogPackFactory: Copied "../../../Samples/StarterContent/Content/StarterContent/Textures/T_Wood_Oak_D.uasset" to "../../../../../../Users/2xj00eL_HM/Documents/UCI/VGDC/KillerSelf/killer-self/KillerSelf/Content/StarterContent/Textures/T_Wood_Oak_D.uasset"
[2016.03.24-18.20.58:990][  0]LogPackFactory: Copied "../../../Samples/StarterContent/Content/StarterContent/Textures/T_Wood_Oak_N.uasset" to "../../../../../../Users/2xj00eL_HM/Documents/UCI/VGDC/KillerSelf/killer-self/KillerSelf/Content/StarterContent/Textures/T_Wood_Oak_N.uasset"
[2016.03.24-18.20.59:183][  0]LogPackFactory: Copied "../../../Samples/StarterContent/Content/StarterContent/Textures/T_Wood_Pine_D.uasset" to "../../../../../../Users/2xj00eL_HM/Documents/UCI/VGDC/KillerSelf/killer-self/KillerSelf/Content/StarterContent/Textures/T_Wood_Pine_D.uasset"
[2016.03.24-18.20.59:241][  0]LogPackFactory: Copied "../../../Samples/StarterContent/Content/StarterContent/Textures/T_Wood_Pine_N.uasset" to "../../../../../../Users/2xj00eL_HM/Documents/UCI/VGDC/KillerSelf/killer-self/KillerSelf/Content/StarterContent/Textures/T_Wood_Pine_N.uasset"
[2016.03.24-18.21.00:477][  0]LogPackFactory: Copied "../../../Samples/StarterContent/Content/StarterContent/Textures/T_Wood_Walnut_D.uasset" to "../../../../../../Users/2xj00eL_HM/Documents/UCI/VGDC/KillerSelf/killer-self/KillerSelf/Content/StarterContent/Textures/T_Wood_Walnut_D.uasset"
[2016.03.24-18.21.00:579][  0]LogPackFactory: Copied "../../../Samples/StarterContent/Content/StarterContent/Textures/T_Wood_Walnut_N.uasset" to "../../../../../../Users/2xj00eL_HM/Documents/UCI/VGDC/KillerSelf/killer-self/KillerSelf/Content/StarterContent/Textures/T_Wood_Walnut_N.uasset"
[2016.03.24-18.21.01:498][  0]LogRenderer: Reallocating scene render targets to support 256x256 (Frame:2).
[2016.03.24-18.21.02:628][  0]LogSavePackage: Save=491.668488ms
[2016.03.24-18.21.02:628][  0]LogSavePackage: Moving '../../../../../../Users/2xj00eL_HM/Documents/UCI/VGDC/KillerSelf/killer-self/KillerSelf/Saved/Floor_400x4007A08D9204B58ED1A35EC21B0584A88C6.tmp' to '../../../../../../Users/2xj00eL_HM/Documents/UCI/VGDC/KillerSelf/killer-self/KillerSelf/Content/StarterContent/Architecture/Floor_400x400.uasset'
[2016.03.24-18.21.02:630][  0]LogSavePackage: Total save time: 499.192592ms
[2016.03.24-18.21.02:630][  0]LogSavePackage:Display: Finished SavePackage ../../../../../../Users/2xj00eL_HM/Documents/UCI/VGDC/KillerSelf/killer-self/KillerSelf/Content/StarterContent/Architecture/Floor_400x400.uasset
[2016.03.24-18.21.02:630][  0]LogFeaturePack:Warning: Inserted 1 feature packs
[2016.03.24-18.21.02:631][  0]Cmd: MAP LOAD FILE="../../../../../../Users/2xj00eL_HM/Documents/UCI/VGDC/KillerSelf/killer-self/KillerSelf/Content/FirstPersonBP/Maps/FirstPersonExampleMap.umap" TEMPLATE=0 SHOWPROGRESS=1 FEATURELEVEL=3
[2016.03.24-18.21.02:632][  0]LightingResults: New page: Lighting Build
[2016.03.24-18.21.02:635][  0]MapCheck: New page: Map Check
[2016.03.24-18.21.02:635][  0]LightingResults: New page: Lighting Build
[2016.03.24-18.21.02:645][  0]LogParticles: Destroying 0 GPU particle simulations for FXSystem 0x000001AEDE807B00
[2016.03.24-18.21.03:217][  0]LogLinker:Warning: Asset '../../../../../../Users/2xj00eL_HM/Documents/UCI/VGDC/KillerSelf/killer-self/KillerSelf/Content/FirstPerson/Meshes/FirstPersonProjectileMesh.uasset' has been saved with empty engine version. The asset will be loaded but may be incompatible.
[2016.03.24-18.21.04:305][  0]LogTexture:Display: Building textures: HQ_Lightmap1_1 (AutoDXT)
[2016.03.24-18.21.04:783][  0]LogTexture:Display: Building textures: HQ_Lightmap1_2 (AutoDXT)
[2016.03.24-18.21.05:211][  0]LogTexture:Display: Building textures: HQ_Lightmap1_3 (AutoDXT)
[2016.03.24-18.21.05:685][  0]LogTexture:Display: Building textures: HQ_Lightmap1_4 (AutoDXT)
[2016.03.24-18.21.06:105][  0]LogTexture:Display: Building textures: HQ_Lightmap1_5 (AutoDXT)
[2016.03.24-18.21.06:850][  0]LogTexture:Display: Building textures: HQ_Lightmap1_6 (AutoDXT)
[2016.03.24-18.21.07:582][  0]LogTexture:Display: Building textures: HQ_Lightmap1_7 (AutoDXT)
[2016.03.24-18.21.08:018][  0]LogTexture:Display: Building textures: HQ_Lightmap1_8 (AutoDXT)
[2016.03.24-18.21.08:057][  0]LogTexture:Display: Building textures: LQ_Lightmap_1_1 (DXT1)
[2016.03.24-18.21.08:288][  0]LogTexture:Display: Building textures: LQ_Lightmap_1_2 (DXT1)
[2016.03.24-18.21.08:521][  0]LogTexture:Display: Building textures: LQ_Lightmap_1_3 (DXT1)
[2016.03.24-18.21.08:751][  0]LogTexture:Display: Building textures: LQ_Lightmap_1_4 (DXT1)
[2016.03.24-18.21.08:984][  0]LogTexture:Display: Building textures: LQ_Lightmap_1_5 (DXT1)
[2016.03.24-18.21.09:300][  0]LogTexture:Display: Building textures: LQ_Lightmap_1_6 (DXT1)
[2016.03.24-18.21.09:572][  0]LogTexture:Display: Building textures: LQ_Lightmap_1_7 (DXT1)
[2016.03.24-18.21.09:785][  0]LogTexture:Display: Building textures: LQ_Lightmap_1_8 (DXT1)
[2016.03.24-18.21.09:789][  0]LogTexture:Display: Building textures: SkyOcclusion0_8 (AutoDXT)
[2016.03.24-18.21.09:811][  0]LogTexture:Display: Building textures: SkyOcclusion1_1 (AutoDXT)
[2016.03.24-18.21.10:010][  0]LogTexture:Display: Building textures: SkyOcclusion1_2 (AutoDXT)
[2016.03.24-18.21.10:214][  0]LogTexture:Display: Building textures: SkyOcclusion1_3 (AutoDXT)
[2016.03.24-18.21.10:417][  0]LogTexture:Display: Building textures: SkyOcclusion1_4 (AutoDXT)
[2016.03.24-18.21.10:614][  0]LogTexture:Display: Building textures: SkyOcclusion1_5 (AutoDXT)
[2016.03.24-18.21.10:924][  0]LogTexture:Display: Building textures: SkyOcclusion1_6 (AutoDXT)
[2016.03.24-18.21.11:217][  0]LogTexture:Display: Building textures: SkyOcclusion1_7 (AutoDXT)
[2016.03.24-18.21.11:449][  0]LogTexture:Display: Building textures: ShadowMapTexture2D_10 (G8)
[2016.03.24-18.21.11:526][  0]LogTexture:Display: Building textures: ShadowMapTexture2D_11 (G8)
[2016.03.24-18.21.11:605][  0]LogTexture:Display: Building textures: ShadowMapTexture2D_12 (G8)
[2016.03.24-18.21.11:684][  0]LogTexture:Display: Building textures: ShadowMapTexture2D_13 (G8)
[2016.03.24-18.21.11:765][  0]LogTexture:Display: Building textures: ShadowMapTexture2D_14 (G8)
[2016.03.24-18.21.11:836][  0]LogTexture:Display: Building textures: ShadowMapTexture2D_15 (G8)
[2016.03.24-18.21.11:843][  0]LogTexture:Display: Building textures: ShadowMapTexture2D_7 (G8)
[2016.03.24-18.21.11:926][  0]LogTexture:Display: Building textures: ShadowMapTexture2D_9 (G8)
[2016.03.24-18.21.12:219][  0]LogAIModule: Creating AISystem for world FirstPersonExampleMap
[2016.03.24-18.21.12:632][  0]LogEditorServer: Finished looking for orphan Actors (0.000 secs)
[2016.03.24-18.21.12:662][  0]Cmd: MAP CHECKDEP NOCLEARLOG
[2016.03.24-18.21.12:706][  0]MapCheck: Info Map check complete: 0 Error(s), 0 Warning(s), took 44.661ms to complete.
[2016.03.24-18.21.12:706][  0]LogFileHelpers: Loading map 'FirstPersonExampleMap' took 10.076
[2016.03.24-18.21.14:225][  0]LogCollectionManager: Loaded 0 collections in 0.002318 seconds
[2016.03.24-18.21.14:991][  0]LogFileCache: Scanning file cache for directory 'C:/Users/2xj00eL_HM/Documents/UCI/VGDC/KillerSelf/killer-self/KillerSelf/Saved/Collections/' took 0.01s
[2016.03.24-18.21.14:991][  0]LogFileCache: Scanning file cache for directory 'C:/Users/2xj00eL_HM/Documents/UCI/VGDC/KillerSelf/killer-self/KillerSelf/Content/Developers/2xj00eLHM/Collections/' took 0.01s
[2016.03.24-18.21.14:991][  0]LogFileCache: Scanning file cache for directory 'C:/Users/2xj00eL_HM/Documents/UCI/VGDC/KillerSelf/killer-self/KillerSelf/Content/Collections/' took 0.01s
[2016.03.24-18.21.14:991][  0]LogCollectionManager: Rebuilt the GUID cache for 0 collections in 0.000001 seconds
[2016.03.24-18.21.15:067][  0]LogContentBrowser: Native class hierarchy populated in 0.0489 seconds. Added 1893 classes and 338 folders.
[2016.03.24-18.21.15:282][  0]LogContentBrowser: Native class hierarchy updated for 'WidgetCarousel' in 0.0003 seconds. Added 0 classes and 0 folders.
[2016.03.24-18.21.15:322][  0]LogContentBrowser: Native class hierarchy updated for 'AddContentDialog' in 0.0003 seconds. Added 0 classes and 0 folders.
[2016.03.24-18.21.15:602][  0]LogContentBrowser: Native class hierarchy updated for 'SceneOutliner' in 0.0004 seconds. Added 1 classes and 2 folders.
[2016.03.24-18.21.17:083][  0]LogCrashTracker: Crashtracker disabled due to settings.
[2016.03.24-18.21.17:748][  0]LogWindowsTextInputMethodSystem:Display: IME system now deactivated.
[2016.03.24-18.21.17:941][  0]LogLoad: Full Startup: 57.10 seconds (BP compile: 0.41 seconds)
[2016.03.24-18.21.17:962][  0]LogOcInput: Can't find Oculus library dev build: is proper Runtime installed? Version: 0.8.0.0
[2016.03.24-18.21.18:875][  0]LogContentStreaming: Texture pool size now 1000 MB
[2016.03.24-18.21.20:370][  0]LogRenderer: Reallocating scene render targets to support 856x368 (Frame:3).
[2016.03.24-18.21.22:145][  5]LogAssetRegistry: Asset discovery search completed in 57.8533 seconds
[2016.03.24-18.21.22:145][  5]LogCollectionManager: Rebuilt the object cache for 0 collections in 0.000002 seconds (found 0 objects)
[2016.03.24-18.21.22:145][  5]LogCollectionManager: Fixed up redirectors for 0 collections in 0.000034 seconds (updated 0 objects)
[2016.03.24-18.22.23:462][932]LogBlueprintUserMessages: Early PlayInEditor Detection: Level '/Game/FirstPersonBP/Maps/FirstPersonExampleMap.FirstPersonExampleMap:PersistentLevel' has LevelScriptBlueprint '/Game/FirstPersonBP/Maps/FirstPersonExampleMap.FirstPersonExampleMap:PersistentLevel.FirstPersonExampleMap' with GeneratedClass '/Game/FirstPersonBP/Maps/FirstPersonExampleMap.FirstPersonExampleMap_C' with ClassGeneratedBy '/Game/FirstPersonBP/Maps/FirstPersonExampleMap.FirstPersonExampleMap:PersistentLevel.FirstPersonExampleMap'
[2016.03.24-18.22.23:463][932]LogPlayLevel: PlayLevel: No blueprints needed recompiling
[2016.03.24-18.22.23:535][932]PIE: New page: PIE session: FirstPersonExampleMap (Mar 24, 2016, 4:22:23 AM)
[2016.03.24-18.22.23:546][932]LogPlayLevel: Creating play world package: /Game/FirstPersonBP/Maps/UEDPIE_0_FirstPersonExampleMap
[2016.03.24-18.22.23:641][932]LogPlayLevel: PIE: StaticDuplicateObject took: (0.094631s)
[2016.03.24-18.22.23:642][932]LogAIModule: Creat